[0.752s] DEBUG:colcon:Command line arguments: ['/usr/bin/colcon', 'build']
[0.752s] DEBUG:colcon:Parsed command line arguments: Namespace(log_base=None, log_level=None, verb_name='build', build_base='build', install_base='install', merge_install=False, symlink_install=False, test_result_base=None, continue_on_error=False, executor='parallel', parallel_workers=8, event_handlers=None, ignore_user_meta=False, metas=['./colcon.meta'], base_paths=['.'], packages_ignore=None, packages_ignore_regex=None, paths=None, packages_up_to=None, packages_up_to_regex=None, packages_above=None, packages_above_and_dependencies=None, packages_above_depth=None, packages_select_by_dep=None, packages_skip_by_dep=None, packages_skip_up_to=None, packages_select_build_failed=False, packages_skip_build_finished=False, packages_select_test_failures=False, packages_skip_test_passed=False, packages_select=None, packages_skip=None, packages_select_regex=None, packages_skip_regex=None, packages_start=None, packages_end=None, allow_overriding=[], cmake_args=None, cmake_target=None, cmake_target_skip_unavailable=False, cmake_clean_cache=False, cmake_clean_first=False, cmake_force_configure=False, ament_cmake_args=None, catkin_cmake_args=None, catkin_skip_building_tests=False, verb_parser=<colcon_defaults.argument_parser.defaults.DefaultArgumentsDecorator object at 0x7fcd6ad60100>, verb_extension=<colcon_core.verb.build.BuildVerb object at 0x7fcd6ad13820>, main=<bound method BuildVerb.main of <colcon_core.verb.build.BuildVerb object at 0x7fcd6ad13820>>)
[0.797s] Level 1:colcon.colcon_core.package_discovery:discover_packages(colcon_meta) check parameters
[0.797s] Level 1:colcon.colcon_core.package_discovery:discover_packages(recursive) check parameters
[0.797s] Level 1:colcon.colcon_core.package_discovery:discover_packages(ignore) check parameters
[0.797s] Level 1:colcon.colcon_core.package_discovery:discover_packages(path) check parameters
[0.797s] Level 1:colcon.colcon_core.package_discovery:discover_packages(colcon_meta) discover
[0.797s] Level 1:colcon.colcon_core.package_discovery:discover_packages(recursive) discover
[0.797s] INFO:colcon.colcon_core.package_discovery:Crawling recursively for packages in '/home/kazuya/warehouse_drone/simulation/ws_warehouse_drone'
[0.798s] Level 1:colcon.colcon_core.package_identification:_identify(.) by extensions ['ignore', 'ignore_ament_install']
[0.798s] Level 1:colcon.colcon_core.package_identification:_identify(.) by extension 'ignore'
[0.798s] Level 1:colcon.colcon_core.package_identification:_identify(.) by extension 'ignore_ament_install'
[0.798s] Level 1:colcon.colcon_core.package_identification:_identify(.) by extensions ['colcon_pkg']
[0.798s] Level 1:colcon.colcon_core.package_identification:_identify(.) by extension 'colcon_pkg'
[0.798s] Level 1:colcon.colcon_core.package_identification:_identify(.) by extensions ['colcon_meta']
[0.798s] Level 1:colcon.colcon_core.package_identification:_identify(.) by extension 'colcon_meta'
[0.798s] Level 1:colcon.colcon_core.package_identification:_identify(.) by extensions ['ros']
[0.798s] Level 1:colcon.colcon_core.package_identification:_identify(.) by extension 'ros'
[0.810s] Level 1:colcon.colcon_core.package_identification:_identify(.) by extensions ['cmake', 'python']
[0.810s] Level 1:colcon.colcon_core.package_identification:_identify(.) by extension 'cmake'
[0.810s] Level 1:colcon.colcon_core.package_identification:_identify(.) by extension 'python'
[0.810s] Level 1:colcon.colcon_core.package_identification:_identify(.) by extensions ['python_setup_py']
[0.810s] Level 1:colcon.colcon_core.package_identification:_identify(.) by extension 'python_setup_py'
[0.810s] Level 1:colcon.colcon_core.package_identification:_identify(build) by extensions ['ignore', 'ignore_ament_install']
[0.811s] Level 1:colcon.colcon_core.package_identification:_identify(build) by extension 'ignore'
[0.811s] Level 1:colcon.colcon_core.package_identification:_identify(build) ignored
[0.811s] Level 1:colcon.colcon_core.package_identification:_identify(install) by extensions ['ignore', 'ignore_ament_install']
[0.811s] Level 1:colcon.colcon_core.package_identification:_identify(install) by extension 'ignore'
[0.811s] Level 1:colcon.colcon_core.package_identification:_identify(install) ignored
[0.811s] Level 1:colcon.colcon_core.package_identification:_identify(log) by extensions ['ignore', 'ignore_ament_install']
[0.811s] Level 1:colcon.colcon_core.package_identification:_identify(log) by extension 'ignore'
[0.811s] Level 1:colcon.colcon_core.package_identification:_identify(log) ignored
[0.811s] Level 1:colcon.colcon_core.package_identification:_identify(src) by extensions ['ignore', 'ignore_ament_install']
[0.811s] Level 1:colcon.colcon_core.package_identification:_identify(src) by extension 'ignore'
[0.811s] Level 1:colcon.colcon_core.package_identification:_identify(src) by extension 'ignore_ament_install'
[0.811s] Level 1:colcon.colcon_core.package_identification:_identify(src) by extensions ['colcon_pkg']
[0.811s] Level 1:colcon.colcon_core.package_identification:_identify(src) by extension 'colcon_pkg'
[0.811s] Level 1:colcon.colcon_core.package_identification:_identify(src) by extensions ['colcon_meta']
[0.811s] Level 1:colcon.colcon_core.package_identification:_identify(src) by extension 'colcon_meta'
[0.811s] Level 1:colcon.colcon_core.package_identification:_identify(src) by extensions ['ros']
[0.811s] Level 1:colcon.colcon_core.package_identification:_identify(src) by extension 'ros'
[0.811s] Level 1:colcon.colcon_core.package_identification:_identify(src) by extensions ['cmake', 'python']
[0.811s] Level 1:colcon.colcon_core.package_identification:_identify(src) by extension 'cmake'
[0.811s] Level 1:colcon.colcon_core.package_identification:_identify(src) by extension 'python'
[0.811s] Level 1:colcon.colcon_core.package_identification:_identify(src) by extensions ['python_setup_py']
[0.811s] Level 1:colcon.colcon_core.package_identification:_identify(src) by extension 'python_setup_py'
[0.811s] Level 1:colcon.colcon_core.package_identification:_identify(src/drone_control) by extensions ['ignore', 'ignore_ament_install']
[0.812s] Level 1:colcon.colcon_core.package_identification:_identify(src/drone_control) by extension 'ignore'
[0.812s] Level 1:colcon.colcon_core.package_identification:_identify(src/drone_control) by extension 'ignore_ament_install'
[0.812s] Level 1:colcon.colcon_core.package_identification:_identify(src/drone_control) by extensions ['colcon_pkg']
[0.812s] Level 1:colcon.colcon_core.package_identification:_identify(src/drone_control) by extension 'colcon_pkg'
[0.812s] Level 1:colcon.colcon_core.package_identification:_identify(src/drone_control) by extensions ['colcon_meta']
[0.812s] Level 1:colcon.colcon_core.package_identification:_identify(src/drone_control) by extension 'colcon_meta'
[0.812s] Level 1:colcon.colcon_core.package_identification:_identify(src/drone_control) by extensions ['ros']
[0.812s] Level 1:colcon.colcon_core.package_identification:_identify(src/drone_control) by extension 'ros'
[0.814s] DEBUG:colcon.colcon_core.package_identification:Package 'src/drone_control' with type 'ros.ament_python' and name 'drone_control'
[0.814s] Level 1:colcon.colcon_core.package_identification:_identify(src/px4_msgs) by extensions ['ignore', 'ignore_ament_install']
[0.814s] Level 1:colcon.colcon_core.package_identification:_identify(src/px4_msgs) by extension 'ignore'
[0.814s] Level 1:colcon.colcon_core.package_identification:_identify(src/px4_msgs) by extension 'ignore_ament_install'
[0.814s] Level 1:colcon.colcon_core.package_identification:_identify(src/px4_msgs) by extensions ['colcon_pkg']
[0.814s] Level 1:colcon.colcon_core.package_identification:_identify(src/px4_msgs) by extension 'colcon_pkg'
[0.814s] Level 1:colcon.colcon_core.package_identification:_identify(src/px4_msgs) by extensions ['colcon_meta']
[0.814s] Level 1:colcon.colcon_core.package_identification:_identify(src/px4_msgs) by extension 'colcon_meta'
[0.814s] Level 1:colcon.colcon_core.package_identification:_identify(src/px4_msgs) by extensions ['ros']
[0.814s] Level 1:colcon.colcon_core.package_identification:_identify(src/px4_msgs) by extension 'ros'
[0.815s] DEBUG:colcon.colcon_core.package_identification:Package 'src/px4_msgs' with type 'ros.ament_cmake' and name 'px4_msgs'
[0.815s] Level 1:colcon.colcon_core.package_identification:_identify(src/px4_ros_com) by extensions ['ignore', 'ignore_ament_install']
[0.815s] Level 1:colcon.colcon_core.package_identification:_identify(src/px4_ros_com) by extension 'ignore'
[0.816s] Level 1:colcon.colcon_core.package_identification:_identify(src/px4_ros_com) by extension 'ignore_ament_install'
[0.816s] Level 1:colcon.colcon_core.package_identification:_identify(src/px4_ros_com) by extensions ['colcon_pkg']
[0.816s] Level 1:colcon.colcon_core.package_identification:_identify(src/px4_ros_com) by extension 'colcon_pkg'
[0.816s] Level 1:colcon.colcon_core.package_identification:_identify(src/px4_ros_com) by extensions ['colcon_meta']
[0.816s] Level 1:colcon.colcon_core.package_identification:_identify(src/px4_ros_com) by extension 'colcon_meta'
[0.816s] Level 1:colcon.colcon_core.package_identification:_identify(src/px4_ros_com) by extensions ['ros']
[0.816s] Level 1:colcon.colcon_core.package_identification:_identify(src/px4_ros_com) by extension 'ros'
[0.817s] DEBUG:colcon.colcon_core.package_identification:Package 'src/px4_ros_com' with type 'ros.ament_cmake' and name 'px4_ros_com'
[0.817s] Level 1:colcon.colcon_core.package_discovery:discover_packages(recursive) using defaults
[0.817s] Level 1:colcon.colcon_core.package_discovery:discover_packages(ignore) discover
[0.817s] Level 1:colcon.colcon_core.package_discovery:discover_packages(ignore) using defaults
[0.817s] Level 1:colcon.colcon_core.package_discovery:discover_packages(path) discover
[0.817s] Level 1:colcon.colcon_core.package_discovery:discover_packages(path) using defaults
[0.891s] Level 1:colcon.colcon_core.package_discovery:discover_packages(prefix_path) check parameters
[0.891s] Level 1:colcon.colcon_core.package_discovery:discover_packages(prefix_path) discover
[0.913s] DEBUG:colcon.colcon_installed_package_information.package_discovery:Found 3 installed packages in /home/kazuya/warehouse_drone/simulation/ws_warehouse_drone/install
[0.923s] DEBUG:colcon.colcon_installed_package_information.package_discovery:Found 2 installed packages in /home/kazuya/ws_sensor_combined/install
[0.934s] DEBUG:colcon.colcon_installed_package_information.package_discovery:Found 270 installed packages in /opt/ros/humble
[0.935s] Level 1:colcon.colcon_core.package_discovery:discover_packages(prefix_path) using defaults
[0.987s] Level 5:colcon.colcon_core.verb:set package 'drone_control' build argument 'cmake_args' from command line to 'None'
[0.987s] Level 5:colcon.colcon_core.verb:set package 'drone_control' build argument 'cmake_target' from command line to 'None'
[0.987s] Level 5:colcon.colcon_core.verb:set package 'drone_control' build argument 'cmake_target_skip_unavailable' from command line to 'False'
[0.987s] Level 5:colcon.colcon_core.verb:set package 'drone_control' build argument 'cmake_clean_cache' from command line to 'False'
[0.987s] Level 5:colcon.colcon_core.verb:set package 'drone_control' build argument 'cmake_clean_first' from command line to 'False'
[0.987s] Level 5:colcon.colcon_core.verb:set package 'drone_control' build argument 'cmake_force_configure' from command line to 'False'
[0.987s] Level 5:colcon.colcon_core.verb:set package 'drone_control' build argument 'ament_cmake_args' from command line to 'None'
[0.987s] Level 5:colcon.colcon_core.verb:set package 'drone_control' build argument 'catkin_cmake_args' from command line to 'None'
[0.987s] Level 5:colcon.colcon_core.verb:set package 'drone_control' build argument 'catkin_skip_building_tests' from command line to 'False'
[0.987s] DEBUG:colcon.colcon_core.verb:Building package 'drone_control' with the following arguments: {'ament_cmake_args': None, 'build_base': '/home/kazuya/warehouse_drone/simulation/ws_warehouse_drone/build/drone_control', 'catkin_cmake_args': None, 'catkin_skip_building_tests': False, 'cmake_args': None, 'cmake_clean_cache': False, 'cmake_clean_first': False, 'cmake_force_configure': False, 'cmake_target': None, 'cmake_target_skip_unavailable': False, 'install_base': '/home/kazuya/warehouse_drone/simulation/ws_warehouse_drone/install/drone_control', 'merge_install': False, 'path': '/home/kazuya/warehouse_drone/simulation/ws_warehouse_drone/src/drone_control', 'symlink_install': False, 'test_result_base': None}
[0.997s] Level 5:colcon.colcon_core.verb:set package 'px4_msgs' build argument 'cmake_args' from command line to 'None'
[0.997s] Level 5:colcon.colcon_core.verb:set package 'px4_msgs' build argument 'cmake_target' from command line to 'None'
[0.997s] Level 5:colcon.colcon_core.verb:set package 'px4_msgs' build argument 'cmake_target_skip_unavailable' from command line to 'False'
[0.997s] Level 5:colcon.colcon_core.verb:set package 'px4_msgs' build argument 'cmake_clean_cache' from command line to 'False'
[0.997s] Level 5:colcon.colcon_core.verb:set package 'px4_msgs' build argument 'cmake_clean_first' from command line to 'False'
[0.997s] Level 5:colcon.colcon_core.verb:set package 'px4_msgs' build argument 'cmake_force_configure' from command line to 'False'
[0.997s] Level 5:colcon.colcon_core.verb:set package 'px4_msgs' build argument 'ament_cmake_args' from command line to 'None'
[0.997s] Level 5:colcon.colcon_core.verb:set package 'px4_msgs' build argument 'catkin_cmake_args' from command line to 'None'
[0.997s] Level 5:colcon.colcon_core.verb:set package 'px4_msgs' build argument 'catkin_skip_building_tests' from command line to 'False'
[0.997s] DEBUG:colcon.colcon_core.verb:Building package 'px4_msgs' with the following arguments: {'ament_cmake_args': None, 'build_base': '/home/kazuya/warehouse_drone/simulation/ws_warehouse_drone/build/px4_msgs', 'catkin_cmake_args': None, 'catkin_skip_building_tests': False, 'cmake_args': None, 'cmake_clean_cache': False, 'cmake_clean_first': False, 'cmake_force_configure': False, 'cmake_target': None, 'cmake_target_skip_unavailable': False, 'install_base': '/home/kazuya/warehouse_drone/simulation/ws_warehouse_drone/install/px4_msgs', 'merge_install': False, 'path': '/home/kazuya/warehouse_drone/simulation/ws_warehouse_drone/src/px4_msgs', 'symlink_install': False, 'test_result_base': None}
[1.008s] Level 5:colcon.colcon_core.verb:set package 'px4_ros_com' build argument 'cmake_args' from command line to 'None'
[1.008s] Level 5:colcon.colcon_core.verb:set package 'px4_ros_com' build argument 'cmake_target' from command line to 'None'
[1.008s] Level 5:colcon.colcon_core.verb:set package 'px4_ros_com' build argument 'cmake_target_skip_unavailable' from command line to 'False'
[1.008s] Level 5:colcon.colcon_core.verb:set package 'px4_ros_com' build argument 'cmake_clean_cache' from command line to 'False'
[1.008s] Level 5:colcon.colcon_core.verb:set package 'px4_ros_com' build argument 'cmake_clean_first' from command line to 'False'
[1.008s] Level 5:colcon.colcon_core.verb:set package 'px4_ros_com' build argument 'cmake_force_configure' from command line to 'False'
[1.008s] Level 5:colcon.colcon_core.verb:set package 'px4_ros_com' build argument 'ament_cmake_args' from command line to 'None'
[1.008s] Level 5:colcon.colcon_core.verb:set package 'px4_ros_com' build argument 'catkin_cmake_args' from command line to 'None'
[1.008s] Level 5:colcon.colcon_core.verb:set package 'px4_ros_com' build argument 'catkin_skip_building_tests' from command line to 'False'
[1.008s] DEBUG:colcon.colcon_core.verb:Building package 'px4_ros_com' with the following arguments: {'ament_cmake_args': None, 'build_base': '/home/kazuya/warehouse_drone/simulation/ws_warehouse_drone/build/px4_ros_com', 'catkin_cmake_args': None, 'catkin_skip_building_tests': False, 'cmake_args': None, 'cmake_clean_cache': False, 'cmake_clean_first': False, 'cmake_force_configure': False, 'cmake_target': None, 'cmake_target_skip_unavailable': False, 'install_base': '/home/kazuya/warehouse_drone/simulation/ws_warehouse_drone/install/px4_ros_com', 'merge_install': False, 'path': '/home/kazuya/warehouse_drone/simulation/ws_warehouse_drone/src/px4_ros_com', 'symlink_install': False, 'test_result_base': None}
[1.018s] INFO:colcon.colcon_core.executor:Executing jobs using 'parallel' executor
[1.038s] DEBUG:colcon.colcon_parallel_executor.executor.parallel:run_until_complete
[1.038s] INFO:colcon.colcon_ros.task.ament_cmake.build:Building ROS package in '/home/kazuya/warehouse_drone/simulation/ws_warehouse_drone/src/px4_msgs' with build type 'ament_cmake'
[1.038s] INFO:colcon.colcon_cmake.task.cmake.build:Building CMake package in '/home/kazuya/warehouse_drone/simulation/ws_warehouse_drone/src/px4_msgs'
[1.050s] INFO:colcon.colcon_core.plugin_system:Skipping extension 'colcon_core.shell.bat': Not used on non-Windows systems
[1.050s] INFO:colcon.colcon_core.shell:Skip shell extension 'powershell' for command environment: Not usable outside of PowerShell
[1.050s] DEBUG:colcon.colcon_core.shell:Skip shell extension 'dsv' for command environment
[1.093s] INFO:colcon.colcon_ros.task.ament_python.build:Building ROS package in '/home/kazuya/warehouse_drone/simulation/ws_warehouse_drone/src/drone_control' with build type 'ament_python'
[1.093s] Level 1:colcon.colcon_core.shell:create_environment_hook('drone_control', 'ament_prefix_path')
[1.105s] INFO:colcon.colcon_core.shell:Creating environment hook '/home/kazuya/warehouse_drone/simulation/ws_warehouse_drone/install/drone_control/share/drone_control/hook/ament_prefix_path.ps1'
[1.106s] INFO:colcon.colcon_core.shell:Creating environment descriptor '/home/kazuya/warehouse_drone/simulation/ws_warehouse_drone/install/drone_control/share/drone_control/hook/ament_prefix_path.dsv'
[1.107s] INFO:colcon.colcon_core.shell:Creating environment hook '/home/kazuya/warehouse_drone/simulation/ws_warehouse_drone/install/drone_control/share/drone_control/hook/ament_prefix_path.sh'
[1.121s] INFO:colcon.colcon_core.shell:Skip shell extension 'powershell' for command environment: Not usable outside of PowerShell
[1.121s] DEBUG:colcon.colcon_core.shell:Skip shell extension 'dsv' for command environment
[1.176s] DEBUG:colcon.colcon_core.event_handler.log_command:Invoking command in '/home/kazuya/warehouse_drone/simulation/ws_warehouse_drone/build/px4_msgs': CMAKE_PREFIX_PATH=${CMAKE_PREFIX_PATH}:/home/kazuya/warehouse_drone/simulation/ws_warehouse_drone/install/drone_control:/opt/ros/humble /usr/bin/cmake --build /home/kazuya/warehouse_drone/simulation/ws_warehouse_drone/build/px4_msgs -- -j8 -l8
[1.352s] INFO:colcon.colcon_core.task.python.build:Building Python package in '/home/kazuya/warehouse_drone/simulation/ws_warehouse_drone/src/drone_control'
[1.364s] INFO:colcon.colcon_core.shell:Skip shell extension 'powershell' for command environment: Not usable outside of PowerShell
[1.364s] DEBUG:colcon.colcon_core.shell:Skip shell extension 'dsv' for command environment
[1.792s] DEBUG:colcon.colcon_core.event_handler.log_command:Invoked command in '/home/kazuya/warehouse_drone/simulation/ws_warehouse_drone/build/px4_msgs' returned '0': CMAKE_PREFIX_PATH=${CMAKE_PREFIX_PATH}:/home/kazuya/warehouse_drone/simulation/ws_warehouse_drone/install/drone_control:/opt/ros/humble /usr/bin/cmake --build /home/kazuya/warehouse_drone/simulation/ws_warehouse_drone/build/px4_msgs -- -j8 -l8
[1.913s] DEBUG:colcon.colcon_core.event_handler.log_command:Invoking command in '/home/kazuya/warehouse_drone/simulation/ws_warehouse_drone/src/drone_control': PYTHONPATH=/home/kazuya/warehouse_drone/simulation/ws_warehouse_drone/build/drone_control/prefix_override:/home/kazuya/warehouse_drone/simulation/ws_warehouse_drone/install/drone_control/lib/python3.10/site-packages:${PYTHONPATH} /usr/bin/python3 setup.py egg_info --egg-base ../../build/drone_control build --build-base /home/kazuya/warehouse_drone/simulation/ws_warehouse_drone/build/drone_control/build install --record /home/kazuya/warehouse_drone/simulation/ws_warehouse_drone/build/drone_control/install.log --single-version-externally-managed
[2.318s] DEBUG:colcon.colcon_core.event_handler.log_command:Invoked command in '/home/kazuya/warehouse_drone/simulation/ws_warehouse_drone/src/drone_control' returned '0': PYTHONPATH=/home/kazuya/warehouse_drone/simulation/ws_warehouse_drone/build/drone_control/prefix_override:/home/kazuya/warehouse_drone/simulation/ws_warehouse_drone/install/drone_control/lib/python3.10/site-packages:${PYTHONPATH} /usr/bin/python3 setup.py egg_info --egg-base ../../build/drone_control build --build-base /home/kazuya/warehouse_drone/simulation/ws_warehouse_drone/build/drone_control/build install --record /home/kazuya/warehouse_drone/simulation/ws_warehouse_drone/build/drone_control/install.log --single-version-externally-managed
[2.331s] Level 1:colcon.colcon_core.environment:checking '/home/kazuya/warehouse_drone/simulation/ws_warehouse_drone/install/drone_control' for CMake module files
[2.331s] Level 1:colcon.colcon_core.environment:checking '/home/kazuya/warehouse_drone/simulation/ws_warehouse_drone/install/drone_control' for CMake config files
[2.332s] Level 1:colcon.colcon_core.environment:checking '/home/kazuya/warehouse_drone/simulation/ws_warehouse_drone/install/drone_control/lib'
[2.332s] Level 1:colcon.colcon_core.environment:checking '/home/kazuya/warehouse_drone/simulation/ws_warehouse_drone/install/drone_control/bin'
[2.332s] Level 1:colcon.colcon_core.environment:checking '/home/kazuya/warehouse_drone/simulation/ws_warehouse_drone/install/drone_control/lib/pkgconfig/drone_control.pc'
[2.332s] Level 1:colcon.colcon_core.environment:checking '/home/kazuya/warehouse_drone/simulation/ws_warehouse_drone/install/drone_control/lib/python3.10/site-packages'
[2.332s] Level 1:colcon.colcon_core.shell:create_environment_hook('drone_control', 'pythonpath')
[2.343s] INFO:colcon.colcon_core.shell:Creating environment hook '/home/kazuya/warehouse_drone/simulation/ws_warehouse_drone/install/drone_control/share/drone_control/hook/pythonpath.ps1'
[2.344s] INFO:colcon.colcon_core.shell:Creating environment descriptor '/home/kazuya/warehouse_drone/simulation/ws_warehouse_drone/install/drone_control/share/drone_control/hook/pythonpath.dsv'
[2.344s] INFO:colcon.colcon_core.shell:Creating environment hook '/home/kazuya/warehouse_drone/simulation/ws_warehouse_drone/install/drone_control/share/drone_control/hook/pythonpath.sh'
[2.344s] Level 1:colcon.colcon_core.environment:checking '/home/kazuya/warehouse_drone/simulation/ws_warehouse_drone/install/drone_control/bin'
[2.344s] Level 1:colcon.colcon_core.environment:create_environment_scripts_only(drone_control)
[2.355s] INFO:colcon.colcon_core.shell:Creating package script '/home/kazuya/warehouse_drone/simulation/ws_warehouse_drone/install/drone_control/share/drone_control/package.ps1'
[2.356s] INFO:colcon.colcon_core.shell:Creating package descriptor '/home/kazuya/warehouse_drone/simulation/ws_warehouse_drone/install/drone_control/share/drone_control/package.dsv'
[2.356s] INFO:colcon.colcon_core.shell:Creating package script '/home/kazuya/warehouse_drone/simulation/ws_warehouse_drone/install/drone_control/share/drone_control/package.sh'
[2.357s] INFO:colcon.colcon_core.shell:Creating package script '/home/kazuya/warehouse_drone/simulation/ws_warehouse_drone/install/drone_control/share/drone_control/package.bash'
[2.357s] INFO:colcon.colcon_core.shell:Creating package script '/home/kazuya/warehouse_drone/simulation/ws_warehouse_drone/install/drone_control/share/drone_control/package.zsh'
[2.358s] Level 1:colcon.colcon_core.environment:create_file_with_runtime_dependencies(/home/kazuya/warehouse_drone/simulation/ws_warehouse_drone/install/drone_control/share/colcon-core/packages/drone_control)
[4.715s] DEBUG:colcon.colcon_core.event_handler.log_command:Invoking command in '/home/kazuya/warehouse_drone/simulation/ws_warehouse_drone/build/px4_msgs': CMAKE_PREFIX_PATH=${CMAKE_PREFIX_PATH}:/home/kazuya/warehouse_drone/simulation/ws_warehouse_drone/install/drone_control:/opt/ros/humble /usr/bin/cmake --install /home/kazuya/warehouse_drone/simulation/ws_warehouse_drone/build/px4_msgs
[4.937s] Level 1:colcon.colcon_core.environment:create_environment_scripts_only(px4_msgs)
[4.937s] DEBUG:colcon.colcon_core.event_handler.log_command:Invoked command in '/home/kazuya/warehouse_drone/simulation/ws_warehouse_drone/build/px4_msgs' returned '0': CMAKE_PREFIX_PATH=${CMAKE_PREFIX_PATH}:/home/kazuya/warehouse_drone/simulation/ws_warehouse_drone/install/drone_control:/opt/ros/humble /usr/bin/cmake --install /home/kazuya/warehouse_drone/simulation/ws_warehouse_drone/build/px4_msgs
[4.948s] Level 1:colcon.colcon_core.environment:checking '/home/kazuya/warehouse_drone/simulation/ws_warehouse_drone/install/px4_msgs' for CMake module files
[4.948s] Level 1:colcon.colcon_core.environment:checking '/home/kazuya/warehouse_drone/simulation/ws_warehouse_drone/install/px4_msgs' for CMake config files
[4.951s] Level 1:colcon.colcon_core.shell:create_environment_hook('px4_msgs', 'cmake_prefix_path')
[4.962s] INFO:colcon.colcon_core.shell:Creating environment hook '/home/kazuya/warehouse_drone/simulation/ws_warehouse_drone/install/px4_msgs/share/px4_msgs/hook/cmake_prefix_path.ps1'
[4.963s] INFO:colcon.colcon_core.shell:Creating environment descriptor '/home/kazuya/warehouse_drone/simulation/ws_warehouse_drone/install/px4_msgs/share/px4_msgs/hook/cmake_prefix_path.dsv'
[4.963s] INFO:colcon.colcon_core.shell:Creating environment hook '/home/kazuya/warehouse_drone/simulation/ws_warehouse_drone/install/px4_msgs/share/px4_msgs/hook/cmake_prefix_path.sh'
[4.964s] Level 1:colcon.colcon_core.environment:checking '/home/kazuya/warehouse_drone/simulation/ws_warehouse_drone/install/px4_msgs/lib'
[4.964s] Level 1:colcon.colcon_core.shell:create_environment_hook('px4_msgs', 'ld_library_path_lib')
[4.974s] INFO:colcon.colcon_core.shell:Creating environment hook '/home/kazuya/warehouse_drone/simulation/ws_warehouse_drone/install/px4_msgs/share/px4_msgs/hook/ld_library_path_lib.ps1'
[4.974s] INFO:colcon.colcon_core.shell:Creating environment descriptor '/home/kazuya/warehouse_drone/simulation/ws_warehouse_drone/install/px4_msgs/share/px4_msgs/hook/ld_library_path_lib.dsv'
[4.975s] INFO:colcon.colcon_core.shell:Creating environment hook '/home/kazuya/warehouse_drone/simulation/ws_warehouse_drone/install/px4_msgs/share/px4_msgs/hook/ld_library_path_lib.sh'
[4.975s] Level 1:colcon.colcon_core.environment:checking '/home/kazuya/warehouse_drone/simulation/ws_warehouse_drone/install/px4_msgs/bin'
[4.975s] Level 1:colcon.colcon_core.environment:checking '/home/kazuya/warehouse_drone/simulation/ws_warehouse_drone/install/px4_msgs/lib/pkgconfig/px4_msgs.pc'
[4.975s] Level 1:colcon.colcon_core.environment:checking '/home/kazuya/warehouse_drone/simulation/ws_warehouse_drone/install/px4_msgs/lib/python3.10/site-packages'
[4.975s] Level 1:colcon.colcon_core.environment:checking '/home/kazuya/warehouse_drone/simulation/ws_warehouse_drone/install/px4_msgs/bin'
[4.986s] INFO:colcon.colcon_core.shell:Creating package script '/home/kazuya/warehouse_drone/simulation/ws_warehouse_drone/install/px4_msgs/share/px4_msgs/package.ps1'
[4.986s] INFO:colcon.colcon_core.shell:Creating package descriptor '/home/kazuya/warehouse_drone/simulation/ws_warehouse_drone/install/px4_msgs/share/px4_msgs/package.dsv'
[4.986s] INFO:colcon.colcon_core.shell:Creating package script '/home/kazuya/warehouse_drone/simulation/ws_warehouse_drone/install/px4_msgs/share/px4_msgs/package.sh'
[4.987s] INFO:colcon.colcon_core.shell:Creating package script '/home/kazuya/warehouse_drone/simulation/ws_warehouse_drone/install/px4_msgs/share/px4_msgs/package.bash'
[4.987s] INFO:colcon.colcon_core.shell:Creating package script '/home/kazuya/warehouse_drone/simulation/ws_warehouse_drone/install/px4_msgs/share/px4_msgs/package.zsh'
[4.987s] Level 1:colcon.colcon_core.environment:create_file_with_runtime_dependencies(/home/kazuya/warehouse_drone/simulation/ws_warehouse_drone/install/px4_msgs/share/colcon-core/packages/px4_msgs)
[8.042s] Level 1:colcon.colcon_core.environment:create_environment_scripts_only(px4_msgs)
[8.053s] Level 1:colcon.colcon_core.environment:checking '/home/kazuya/warehouse_drone/simulation/ws_warehouse_drone/install/px4_msgs' for CMake module files
[8.054s] Level 1:colcon.colcon_core.environment:checking '/home/kazuya/warehouse_drone/simulation/ws_warehouse_drone/install/px4_msgs' for CMake config files
[8.057s] Level 1:colcon.colcon_core.shell:create_environment_hook('px4_msgs', 'cmake_prefix_path')
[8.068s] INFO:colcon.colcon_core.shell:Creating environment hook '/home/kazuya/warehouse_drone/simulation/ws_warehouse_drone/install/px4_msgs/share/px4_msgs/hook/cmake_prefix_path.ps1'
[8.068s] INFO:colcon.colcon_core.shell:Creating environment descriptor '/home/kazuya/warehouse_drone/simulation/ws_warehouse_drone/install/px4_msgs/share/px4_msgs/hook/cmake_prefix_path.dsv'
[8.068s] INFO:colcon.colcon_core.shell:Creating environment hook '/home/kazuya/warehouse_drone/simulation/ws_warehouse_drone/install/px4_msgs/share/px4_msgs/hook/cmake_prefix_path.sh'
[8.069s] Level 1:colcon.colcon_core.environment:checking '/home/kazuya/warehouse_drone/simulation/ws_warehouse_drone/install/px4_msgs/lib'
[8.069s] Level 1:colcon.colcon_core.shell:create_environment_hook('px4_msgs', 'ld_library_path_lib')
[8.080s] INFO:colcon.colcon_core.shell:Creating environment hook '/home/kazuya/warehouse_drone/simulation/ws_warehouse_drone/install/px4_msgs/share/px4_msgs/hook/ld_library_path_lib.ps1'
[8.080s] INFO:colcon.colcon_core.shell:Creating environment descriptor '/home/kazuya/warehouse_drone/simulation/ws_warehouse_drone/install/px4_msgs/share/px4_msgs/hook/ld_library_path_lib.dsv'
[8.080s] INFO:colcon.colcon_core.shell:Creating environment hook '/home/kazuya/warehouse_drone/simulation/ws_warehouse_drone/install/px4_msgs/share/px4_msgs/hook/ld_library_path_lib.sh'
[8.080s] Level 1:colcon.colcon_core.environment:checking '/home/kazuya/warehouse_drone/simulation/ws_warehouse_drone/install/px4_msgs/bin'
[8.080s] Level 1:colcon.colcon_core.environment:checking '/home/kazuya/warehouse_drone/simulation/ws_warehouse_drone/install/px4_msgs/lib/pkgconfig/px4_msgs.pc'
[8.081s] Level 1:colcon.colcon_core.environment:checking '/home/kazuya/warehouse_drone/simulation/ws_warehouse_drone/install/px4_msgs/lib/python3.10/site-packages'
[8.081s] Level 1:colcon.colcon_core.environment:checking '/home/kazuya/warehouse_drone/simulation/ws_warehouse_drone/install/px4_msgs/bin'
[8.092s] INFO:colcon.colcon_core.shell:Creating package script '/home/kazuya/warehouse_drone/simulation/ws_warehouse_drone/install/px4_msgs/share/px4_msgs/package.ps1'
[8.093s] INFO:colcon.colcon_core.shell:Creating package descriptor '/home/kazuya/warehouse_drone/simulation/ws_warehouse_drone/install/px4_msgs/share/px4_msgs/package.dsv'
[8.093s] INFO:colcon.colcon_core.shell:Creating package script '/home/kazuya/warehouse_drone/simulation/ws_warehouse_drone/install/px4_msgs/share/px4_msgs/package.sh'
[8.093s] INFO:colcon.colcon_core.shell:Creating package script '/home/kazuya/warehouse_drone/simulation/ws_warehouse_drone/install/px4_msgs/share/px4_msgs/package.bash'
[8.094s] INFO:colcon.colcon_core.shell:Creating package script '/home/kazuya/warehouse_drone/simulation/ws_warehouse_drone/install/px4_msgs/share/px4_msgs/package.zsh'
[8.094s] Level 1:colcon.colcon_core.environment:create_file_with_runtime_dependencies(/home/kazuya/warehouse_drone/simulation/ws_warehouse_drone/install/px4_msgs/share/colcon-core/packages/px4_msgs)
[8.094s] INFO:colcon.colcon_ros.task.ament_cmake.build:Building ROS package in '/home/kazuya/warehouse_drone/simulation/ws_warehouse_drone/src/px4_ros_com' with build type 'ament_cmake'
[8.095s] INFO:colcon.colcon_cmake.task.cmake.build:Building CMake package in '/home/kazuya/warehouse_drone/simulation/ws_warehouse_drone/src/px4_ros_com'
[8.107s] INFO:colcon.colcon_core.shell:Skip shell extension 'powershell' for command environment: Not usable outside of PowerShell
[8.107s] DEBUG:colcon.colcon_core.shell:Skip shell extension 'dsv' for command environment
[8.165s] DEBUG:colcon.colcon_core.event_handler.log_command:Invoking command in '/home/kazuya/warehouse_drone/simulation/ws_warehouse_drone/build/px4_ros_com': CMAKE_PREFIX_PATH=/home/kazuya/warehouse_drone/simulation/ws_warehouse_drone/install/px4_msgs:/home/kazuya/warehouse_drone/simulation/ws_warehouse_drone/install/px4_ros_com:/home/kazuya/ws_sensor_combined/install/px4_ros_com:/home/kazuya/ws_sensor_combined/install/px4_msgs:/home/kazuya/warehouse_drone/simulation/ws_warehouse_drone/install/drone_control:/opt/ros/humble LD_LIBRARY_PATH=/home/kazuya/warehouse_drone/simulation/ws_warehouse_drone/install/px4_msgs/lib:/home/kazuya/warehouse_drone/simulation/ws_warehouse_drone/install/px4_ros_com/lib:/home/kazuya/ws_sensor_combined/install/px4_ros_com/lib:/home/kazuya/ws_sensor_combined/install/px4_msgs/lib:/opt/ros/humble/opt/rviz_ogre_vendor/lib:/opt/ros/humble/lib/x86_64-linux-gnu:/opt/ros/humble/lib /usr/bin/cmake --build /home/kazuya/warehouse_drone/simulation/ws_warehouse_drone/build/px4_ros_com -- -j8 -l8
[8.219s] DEBUG:colcon.colcon_core.event_handler.log_command:Invoked command in '/home/kazuya/warehouse_drone/simulation/ws_warehouse_drone/build/px4_ros_com' returned '0': CMAKE_PREFIX_PATH=/home/kazuya/warehouse_drone/simulation/ws_warehouse_drone/install/px4_msgs:/home/kazuya/warehouse_drone/simulation/ws_warehouse_drone/install/px4_ros_com:/home/kazuya/ws_sensor_combined/install/px4_ros_com:/home/kazuya/ws_sensor_combined/install/px4_msgs:/home/kazuya/warehouse_drone/simulation/ws_warehouse_drone/install/drone_control:/opt/ros/humble LD_LIBRARY_PATH=/home/kazuya/warehouse_drone/simulation/ws_warehouse_drone/install/px4_msgs/lib:/home/kazuya/warehouse_drone/simulation/ws_warehouse_drone/install/px4_ros_com/lib:/home/kazuya/ws_sensor_combined/install/px4_ros_com/lib:/home/kazuya/ws_sensor_combined/install/px4_msgs/lib:/opt/ros/humble/opt/rviz_ogre_vendor/lib:/opt/ros/humble/lib/x86_64-linux-gnu:/opt/ros/humble/lib /usr/bin/cmake --build /home/kazuya/warehouse_drone/simulation/ws_warehouse_drone/build/px4_ros_com -- -j8 -l8
[8.250s] DEBUG:colcon.colcon_core.event_handler.log_command:Invoking command in '/home/kazuya/warehouse_drone/simulation/ws_warehouse_drone/build/px4_ros_com': CMAKE_PREFIX_PATH=/home/kazuya/warehouse_drone/simulation/ws_warehouse_drone/install/px4_msgs:/home/kazuya/warehouse_drone/simulation/ws_warehouse_drone/install/px4_ros_com:/home/kazuya/ws_sensor_combined/install/px4_ros_com:/home/kazuya/ws_sensor_combined/install/px4_msgs:/home/kazuya/warehouse_drone/simulation/ws_warehouse_drone/install/drone_control:/opt/ros/humble LD_LIBRARY_PATH=/home/kazuya/warehouse_drone/simulation/ws_warehouse_drone/install/px4_msgs/lib:/home/kazuya/warehouse_drone/simulation/ws_warehouse_drone/install/px4_ros_com/lib:/home/kazuya/ws_sensor_combined/install/px4_ros_com/lib:/home/kazuya/ws_sensor_combined/install/px4_msgs/lib:/opt/ros/humble/opt/rviz_ogre_vendor/lib:/opt/ros/humble/lib/x86_64-linux-gnu:/opt/ros/humble/lib /usr/bin/cmake --install /home/kazuya/warehouse_drone/simulation/ws_warehouse_drone/build/px4_ros_com
[8.259s] Level 1:colcon.colcon_core.environment:create_environment_scripts_only(px4_ros_com)
[8.260s] DEBUG:colcon.colcon_core.event_handler.log_command:Invoked command in '/home/kazuya/warehouse_drone/simulation/ws_warehouse_drone/build/px4_ros_com' returned '0': CMAKE_PREFIX_PATH=/home/kazuya/warehouse_drone/simulation/ws_warehouse_drone/install/px4_msgs:/home/kazuya/warehouse_drone/simulation/ws_warehouse_drone/install/px4_ros_com:/home/kazuya/ws_sensor_combined/install/px4_ros_com:/home/kazuya/ws_sensor_combined/install/px4_msgs:/home/kazuya/warehouse_drone/simulation/ws_warehouse_drone/install/drone_control:/opt/ros/humble LD_LIBRARY_PATH=/home/kazuya/warehouse_drone/simulation/ws_warehouse_drone/install/px4_msgs/lib:/home/kazuya/warehouse_drone/simulation/ws_warehouse_drone/install/px4_ros_com/lib:/home/kazuya/ws_sensor_combined/install/px4_ros_com/lib:/home/kazuya/ws_sensor_combined/install/px4_msgs/lib:/opt/ros/humble/opt/rviz_ogre_vendor/lib:/opt/ros/humble/lib/x86_64-linux-gnu:/opt/ros/humble/lib /usr/bin/cmake --install /home/kazuya/warehouse_drone/simulation/ws_warehouse_drone/build/px4_ros_com
[8.270s] Level 1:colcon.colcon_core.environment:checking '/home/kazuya/warehouse_drone/simulation/ws_warehouse_drone/install/px4_ros_com' for CMake module files
[8.271s] Level 1:colcon.colcon_core.environment:checking '/home/kazuya/warehouse_drone/simulation/ws_warehouse_drone/install/px4_ros_com' for CMake config files
[8.271s] Level 1:colcon.colcon_core.shell:create_environment_hook('px4_ros_com', 'cmake_prefix_path')
[8.282s] INFO:colcon.colcon_core.shell:Creating environment hook '/home/kazuya/warehouse_drone/simulation/ws_warehouse_drone/install/px4_ros_com/share/px4_ros_com/hook/cmake_prefix_path.ps1'
[8.282s] INFO:colcon.colcon_core.shell:Creating environment descriptor '/home/kazuya/warehouse_drone/simulation/ws_warehouse_drone/install/px4_ros_com/share/px4_ros_com/hook/cmake_prefix_path.dsv'
[8.283s] INFO:colcon.colcon_core.shell:Creating environment hook '/home/kazuya/warehouse_drone/simulation/ws_warehouse_drone/install/px4_ros_com/share/px4_ros_com/hook/cmake_prefix_path.sh'
[8.283s] Level 1:colcon.colcon_core.environment:checking '/home/kazuya/warehouse_drone/simulation/ws_warehouse_drone/install/px4_ros_com/lib'
[8.283s] Level 1:colcon.colcon_core.shell:create_environment_hook('px4_ros_com', 'ld_library_path_lib')
[8.294s] INFO:colcon.colcon_core.shell:Creating environment hook '/home/kazuya/warehouse_drone/simulation/ws_warehouse_drone/install/px4_ros_com/share/px4_ros_com/hook/ld_library_path_lib.ps1'
[8.294s] INFO:colcon.colcon_core.shell:Creating environment descriptor '/home/kazuya/warehouse_drone/simulation/ws_warehouse_drone/install/px4_ros_com/share/px4_ros_com/hook/ld_library_path_lib.dsv'
[8.295s] INFO:colcon.colcon_core.shell:Creating environment hook '/home/kazuya/warehouse_drone/simulation/ws_warehouse_drone/install/px4_ros_com/share/px4_ros_com/hook/ld_library_path_lib.sh'
[8.295s] Level 1:colcon.colcon_core.environment:checking '/home/kazuya/warehouse_drone/simulation/ws_warehouse_drone/install/px4_ros_com/bin'
[8.295s] Level 1:colcon.colcon_core.environment:checking '/home/kazuya/warehouse_drone/simulation/ws_warehouse_drone/install/px4_ros_com/lib/pkgconfig/px4_ros_com.pc'
[8.295s] Level 1:colcon.colcon_core.environment:checking '/home/kazuya/warehouse_drone/simulation/ws_warehouse_drone/install/px4_ros_com/lib/python3.10/site-packages'
[8.296s] Level 1:colcon.colcon_core.environment:checking '/home/kazuya/warehouse_drone/simulation/ws_warehouse_drone/install/px4_ros_com/bin'
[8.307s] INFO:colcon.colcon_core.shell:Creating package script '/home/kazuya/warehouse_drone/simulation/ws_warehouse_drone/install/px4_ros_com/share/px4_ros_com/package.ps1'
[8.308s] INFO:colcon.colcon_core.shell:Creating package descriptor '/home/kazuya/warehouse_drone/simulation/ws_warehouse_drone/install/px4_ros_com/share/px4_ros_com/package.dsv'
[8.308s] INFO:colcon.colcon_core.shell:Creating package script '/home/kazuya/warehouse_drone/simulation/ws_warehouse_drone/install/px4_ros_com/share/px4_ros_com/package.sh'
[8.308s] INFO:colcon.colcon_core.shell:Creating package script '/home/kazuya/warehouse_drone/simulation/ws_warehouse_drone/install/px4_ros_com/share/px4_ros_com/package.bash'
[8.309s] INFO:colcon.colcon_core.shell:Creating package script '/home/kazuya/warehouse_drone/simulation/ws_warehouse_drone/install/px4_ros_com/share/px4_ros_com/package.zsh'
[8.309s] Level 1:colcon.colcon_core.environment:create_file_with_runtime_dependencies(/home/kazuya/warehouse_drone/simulation/ws_warehouse_drone/install/px4_ros_com/share/colcon-core/packages/px4_ros_com)
[8.352s] Level 1:colcon.colcon_core.environment:create_environment_scripts_only(px4_ros_com)
[8.365s] Level 1:colcon.colcon_core.environment:checking '/home/kazuya/warehouse_drone/simulation/ws_warehouse_drone/install/px4_ros_com' for CMake module files
[8.366s] Level 1:colcon.colcon_core.environment:checking '/home/kazuya/warehouse_drone/simulation/ws_warehouse_drone/install/px4_ros_com' for CMake config files
[8.366s] Level 1:colcon.colcon_core.shell:create_environment_hook('px4_ros_com', 'cmake_prefix_path')
[8.378s] INFO:colcon.colcon_core.shell:Creating environment hook '/home/kazuya/warehouse_drone/simulation/ws_warehouse_drone/install/px4_ros_com/share/px4_ros_com/hook/cmake_prefix_path.ps1'
[8.378s] INFO:colcon.colcon_core.shell:Creating environment descriptor '/home/kazuya/warehouse_drone/simulation/ws_warehouse_drone/install/px4_ros_com/share/px4_ros_com/hook/cmake_prefix_path.dsv'
[8.379s] INFO:colcon.colcon_core.shell:Creating environment hook '/home/kazuya/warehouse_drone/simulation/ws_warehouse_drone/install/px4_ros_com/share/px4_ros_com/hook/cmake_prefix_path.sh'
[8.379s] Level 1:colcon.colcon_core.environment:checking '/home/kazuya/warehouse_drone/simulation/ws_warehouse_drone/install/px4_ros_com/lib'
[8.379s] Level 1:colcon.colcon_core.shell:create_environment_hook('px4_ros_com', 'ld_library_path_lib')
[8.390s] INFO:colcon.colcon_core.shell:Creating environment hook '/home/kazuya/warehouse_drone/simulation/ws_warehouse_drone/install/px4_ros_com/share/px4_ros_com/hook/ld_library_path_lib.ps1'
[8.390s] INFO:colcon.colcon_core.shell:Creating environment descriptor '/home/kazuya/warehouse_drone/simulation/ws_warehouse_drone/install/px4_ros_com/share/px4_ros_com/hook/ld_library_path_lib.dsv'
[8.390s] INFO:colcon.colcon_core.shell:Creating environment hook '/home/kazuya/warehouse_drone/simulation/ws_warehouse_drone/install/px4_ros_com/share/px4_ros_com/hook/ld_library_path_lib.sh'
[8.391s] Level 1:colcon.colcon_core.environment:checking '/home/kazuya/warehouse_drone/simulation/ws_warehouse_drone/install/px4_ros_com/bin'
[8.391s] Level 1:colcon.colcon_core.environment:checking '/home/kazuya/warehouse_drone/simulation/ws_warehouse_drone/install/px4_ros_com/lib/pkgconfig/px4_ros_com.pc'
[8.391s] Level 1:colcon.colcon_core.environment:checking '/home/kazuya/warehouse_drone/simulation/ws_warehouse_drone/install/px4_ros_com/lib/python3.10/site-packages'
[8.391s] Level 1:colcon.colcon_core.environment:checking '/home/kazuya/warehouse_drone/simulation/ws_warehouse_drone/install/px4_ros_com/bin'
[8.401s] INFO:colcon.colcon_core.shell:Creating package script '/home/kazuya/warehouse_drone/simulation/ws_warehouse_drone/install/px4_ros_com/share/px4_ros_com/package.ps1'
[8.402s] INFO:colcon.colcon_core.shell:Creating package descriptor '/home/kazuya/warehouse_drone/simulation/ws_warehouse_drone/install/px4_ros_com/share/px4_ros_com/package.dsv'
[8.402s] INFO:colcon.colcon_core.shell:Creating package script '/home/kazuya/warehouse_drone/simulation/ws_warehouse_drone/install/px4_ros_com/share/px4_ros_com/package.sh'
[8.402s] INFO:colcon.colcon_core.shell:Creating package script '/home/kazuya/warehouse_drone/simulation/ws_warehouse_drone/install/px4_ros_com/share/px4_ros_com/package.bash'
[8.402s] INFO:colcon.colcon_core.shell:Creating package script '/home/kazuya/warehouse_drone/simulation/ws_warehouse_drone/install/px4_ros_com/share/px4_ros_com/package.zsh'
[8.403s] Level 1:colcon.colcon_core.environment:create_file_with_runtime_dependencies(/home/kazuya/warehouse_drone/simulation/ws_warehouse_drone/install/px4_ros_com/share/colcon-core/packages/px4_ros_com)
[8.403s] DEBUG:colcon.colcon_parallel_executor.executor.parallel:closing loop
[8.403s] DEBUG:colcon.colcon_parallel_executor.executor.parallel:loop closed
[8.403s] DEBUG:colcon.colcon_parallel_executor.executor.parallel:run_until_complete finished with '0'
[8.403s] DEBUG:colcon.colcon_core.event_reactor:joining thread
[8.417s] INFO:colcon.colcon_core.plugin_system:Skipping extension 'colcon_notification.desktop_notification.terminal_notifier': Not used on non-Darwin systems
[8.417s] INFO:colcon.colcon_core.plugin_system:Skipping extension 'colcon_notification.desktop_notification.win32': Not used on non-Windows systems
[8.417s] INFO:colcon.colcon_notification.desktop_notification:Sending desktop notification using 'notify2'
[8.425s] DEBUG:colcon.colcon_core.event_reactor:joined thread
[8.435s] INFO:colcon.colcon_core.shell:Creating prefix script '/home/kazuya/warehouse_drone/simulation/ws_warehouse_drone/install/local_setup.ps1'
[8.436s] INFO:colcon.colcon_core.shell:Creating prefix util module '/home/kazuya/warehouse_drone/simulation/ws_warehouse_drone/install/_local_setup_util_ps1.py'
[8.437s] INFO:colcon.colcon_core.shell:Creating prefix chain script '/home/kazuya/warehouse_drone/simulation/ws_warehouse_drone/install/setup.ps1'
[8.450s] INFO:colcon.colcon_core.shell:Creating prefix script '/home/kazuya/warehouse_drone/simulation/ws_warehouse_drone/install/local_setup.sh'
[8.451s] INFO:colcon.colcon_core.shell:Creating prefix util module '/home/kazuya/warehouse_drone/simulation/ws_warehouse_drone/install/_local_setup_util_sh.py'
[8.451s] INFO:colcon.colcon_core.shell:Creating prefix chain script '/home/kazuya/warehouse_drone/simulation/ws_warehouse_drone/install/setup.sh'
[8.463s] INFO:colcon.colcon_core.shell:Creating prefix script '/home/kazuya/warehouse_drone/simulation/ws_warehouse_drone/install/local_setup.bash'
[8.463s] INFO:colcon.colcon_core.shell:Creating prefix chain script '/home/kazuya/warehouse_drone/simulation/ws_warehouse_drone/install/setup.bash'
[8.474s] INFO:colcon.colcon_core.shell:Creating prefix script '/home/kazuya/warehouse_drone/simulation/ws_warehouse_drone/install/local_setup.zsh'
[8.475s] INFO:colcon.colcon_core.shell:Creating prefix chain script '/home/kazuya/warehouse_drone/simulation/ws_warehouse_drone/install/setup.zsh'
