[0.216s] Invoking command in '/home/kazuya/warehouse_drone/simulation/ws_warehouse_drone/build/px4_ros_com': CMAKE_PREFIX_PATH=/home/kazuya/warehouse_drone/simulation/ws_warehouse_drone/install/px4_msgs:/home/kazuya/warehouse_drone/simulation/ws_warehouse_drone/install/px4_ros_com:/home/kazuya/warehouse_drone/simulation/ws_warehouse_drone/install/drone_control:/opt/ros/humble LD_LIBRARY_PATH=/home/kazuya/warehouse_drone/simulation/ws_warehouse_drone/install/px4_msgs/lib:/home/kazuya/warehouse_drone/simulation/ws_warehouse_drone/install/px4_ros_com/lib:/opt/ros/humble/opt/rviz_ogre_vendor/lib:/opt/ros/humble/lib/x86_64-linux-gnu:/opt/ros/humble/lib /usr/bin/cmake --build /home/kazuya/warehouse_drone/simulation/ws_warehouse_drone/build/px4_ros_com -- -j8 -l8
[0.361s] [ 30%] Built target offboard_control
[0.368s] [ 40%] Built target sensor_combined_listener
[0.368s] [ 60%] Built target vehicle_gps_position_listener
[0.373s] [ 80%] Built target frame_transforms
[0.382s] [100%] Built target debug_vect_advertiser
[0.406s] Invoked command in '/home/kazuya/warehouse_drone/simulation/ws_warehouse_drone/build/px4_ros_com' returned '0': CMAKE_PREFIX_PATH=/home/kazuya/warehouse_drone/simulation/ws_warehouse_drone/install/px4_msgs:/home/kazuya/warehouse_drone/simulation/ws_warehouse_drone/install/px4_ros_com:/home/kazuya/warehouse_drone/simulation/ws_warehouse_drone/install/drone_control:/opt/ros/humble LD_LIBRARY_PATH=/home/kazuya/warehouse_drone/simulation/ws_warehouse_drone/install/px4_msgs/lib:/home/kazuya/warehouse_drone/simulation/ws_warehouse_drone/install/px4_ros_com/lib:/opt/ros/humble/opt/rviz_ogre_vendor/lib:/opt/ros/humble/lib/x86_64-linux-gnu:/opt/ros/humble/lib /usr/bin/cmake --build /home/kazuya/warehouse_drone/simulation/ws_warehouse_drone/build/px4_ros_com -- -j8 -l8
[0.497s] Invoking command in '/home/kazuya/warehouse_drone/simulation/ws_warehouse_drone/build/px4_ros_com': CMAKE_PREFIX_PATH=/home/kazuya/warehouse_drone/simulation/ws_warehouse_drone/install/px4_msgs:/home/kazuya/warehouse_drone/simulation/ws_warehouse_drone/install/px4_ros_com:/home/kazuya/warehouse_drone/simulation/ws_warehouse_drone/install/drone_control:/opt/ros/humble LD_LIBRARY_PATH=/home/kazuya/warehouse_drone/simulation/ws_warehouse_drone/install/px4_msgs/lib:/home/kazuya/warehouse_drone/simulation/ws_warehouse_drone/install/px4_ros_com/lib:/opt/ros/humble/opt/rviz_ogre_vendor/lib:/opt/ros/humble/lib/x86_64-linux-gnu:/opt/ros/humble/lib /usr/bin/cmake --install /home/kazuya/warehouse_drone/simulation/ws_warehouse_drone/build/px4_ros_com
[0.513s] -- Install configuration: ""
[0.513s] -- Up-to-date: /home/kazuya/warehouse_drone/simulation/ws_warehouse_drone/install/px4_ros_com/lib/px4_ros_com/sensor_combined_listener
[0.514s] -- Up-to-date: /home/kazuya/warehouse_drone/simulation/ws_warehouse_drone/install/px4_ros_com/lib/px4_ros_com/vehicle_gps_position_listener
[0.515s] -- Up-to-date: /home/kazuya/warehouse_drone/simulation/ws_warehouse_drone/install/px4_ros_com/lib/px4_ros_com/debug_vect_advertiser
[0.515s] -- Up-to-date: /home/kazuya/warehouse_drone/simulation/ws_warehouse_drone/install/px4_ros_com/lib/px4_ros_com/offboard_control
[0.516s] -- Up-to-date: /home/kazuya/warehouse_drone/simulation/ws_warehouse_drone/install/px4_ros_com/share/px4_ros_com/environment/library_path.sh
[0.516s] -- Up-to-date: /home/kazuya/warehouse_drone/simulation/ws_warehouse_drone/install/px4_ros_com/share/px4_ros_com/environment/library_path.dsv
[0.516s] -- Up-to-date: /home/kazuya/warehouse_drone/simulation/ws_warehouse_drone/install/px4_ros_com/include/px4_ros_com
[0.516s] -- Up-to-date: /home/kazuya/warehouse_drone/simulation/ws_warehouse_drone/install/px4_ros_com/include/px4_ros_com/frame_transforms.h
[0.517s] -- Up-to-date: /home/kazuya/warehouse_drone/simulation/ws_warehouse_drone/install/px4_ros_com/lib/libframe_transforms.so
[0.517s] -- Up-to-date: /home/kazuya/warehouse_drone/simulation/ws_warehouse_drone/install/px4_ros_com/share/px4_ros_com//launch
[0.517s] -- Up-to-date: /home/kazuya/warehouse_drone/simulation/ws_warehouse_drone/install/px4_ros_com/share/px4_ros_com//launch/sensor_combined_listener.launch.py
[0.518s] -- Up-to-date: /home/kazuya/warehouse_drone/simulation/ws_warehouse_drone/install/px4_ros_com/share/px4_ros_com//launch/offboard_control_launch.yaml
[0.518s] -- Up-to-date: /home/kazuya/warehouse_drone/simulation/ws_warehouse_drone/install/px4_ros_com/share/px4_ros_com//test
[0.518s] -- Up-to-date: /home/kazuya/warehouse_drone/simulation/ws_warehouse_drone/install/px4_ros_com/share/px4_ros_com//test/test_input.py
[0.519s] -- Up-to-date: /home/kazuya/warehouse_drone/simulation/ws_warehouse_drone/install/px4_ros_com/share/px4_ros_com//test/__init__.py
[0.519s] -- Up-to-date: /home/kazuya/warehouse_drone/simulation/ws_warehouse_drone/install/px4_ros_com/share/px4_ros_com//test/pipeline_io_test.py
[0.519s] -- Up-to-date: /home/kazuya/warehouse_drone/simulation/ws_warehouse_drone/install/px4_ros_com/share/px4_ros_com//test/test_output.py
[0.519s] -- Up-to-date: /home/kazuya/warehouse_drone/simulation/ws_warehouse_drone/install/px4_ros_com/share/ament_index/resource_index/package_run_dependencies/px4_ros_com
[0.520s] -- Up-to-date: /home/kazuya/warehouse_drone/simulation/ws_warehouse_drone/install/px4_ros_com/share/ament_index/resource_index/parent_prefix_path/px4_ros_com
[0.520s] -- Up-to-date: /home/kazuya/warehouse_drone/simulation/ws_warehouse_drone/install/px4_ros_com/share/px4_ros_com/environment/ament_prefix_path.sh
[0.520s] -- Up-to-date: /home/kazuya/warehouse_drone/simulation/ws_warehouse_drone/install/px4_ros_com/share/px4_ros_com/environment/ament_prefix_path.dsv
[0.520s] -- Up-to-date: /home/kazuya/warehouse_drone/simulation/ws_warehouse_drone/install/px4_ros_com/share/px4_ros_com/environment/path.sh
[0.521s] -- Up-to-date: /home/kazuya/warehouse_drone/simulation/ws_warehouse_drone/install/px4_ros_com/share/px4_ros_com/environment/path.dsv
[0.521s] -- Up-to-date: /home/kazuya/warehouse_drone/simulation/ws_warehouse_drone/install/px4_ros_com/share/px4_ros_com/local_setup.bash
[0.521s] -- Up-to-date: /home/kazuya/warehouse_drone/simulation/ws_warehouse_drone/install/px4_ros_com/share/px4_ros_com/local_setup.sh
[0.521s] -- Up-to-date: /home/kazuya/warehouse_drone/simulation/ws_warehouse_drone/install/px4_ros_com/share/px4_ros_com/local_setup.zsh
[0.521s] -- Up-to-date: /home/kazuya/warehouse_drone/simulation/ws_warehouse_drone/install/px4_ros_com/share/px4_ros_com/local_setup.dsv
[0.522s] -- Installing: /home/kazuya/warehouse_drone/simulation/ws_warehouse_drone/install/px4_ros_com/share/px4_ros_com/package.dsv
[0.522s] -- Up-to-date: /home/kazuya/warehouse_drone/simulation/ws_warehouse_drone/install/px4_ros_com/share/ament_index/resource_index/packages/px4_ros_com
[0.522s] -- Up-to-date: /home/kazuya/warehouse_drone/simulation/ws_warehouse_drone/install/px4_ros_com/share/px4_ros_com/cmake/export_frame_transformsExport.cmake
[0.522s] -- Up-to-date: /home/kazuya/warehouse_drone/simulation/ws_warehouse_drone/install/px4_ros_com/share/px4_ros_com/cmake/export_frame_transformsExport-noconfig.cmake
[0.522s] -- Up-to-date: /home/kazuya/warehouse_drone/simulation/ws_warehouse_drone/install/px4_ros_com/share/px4_ros_com/cmake/ament_cmake_export_dependencies-extras.cmake
[0.522s] -- Up-to-date: /home/kazuya/warehouse_drone/simulation/ws_warehouse_drone/install/px4_ros_com/share/px4_ros_com/cmake/ament_cmake_export_targets-extras.cmake
[0.523s] -- Up-to-date: /home/kazuya/warehouse_drone/simulation/ws_warehouse_drone/install/px4_ros_com/share/px4_ros_com/cmake/ament_cmake_export_include_directories-extras.cmake
[0.523s] -- Up-to-date: /home/kazuya/warehouse_drone/simulation/ws_warehouse_drone/install/px4_ros_com/share/px4_ros_com/cmake/ament_cmake_export_libraries-extras.cmake
[0.523s] -- Up-to-date: /home/kazuya/warehouse_drone/simulation/ws_warehouse_drone/install/px4_ros_com/share/px4_ros_com/cmake/px4_ros_comConfig.cmake
[0.523s] -- Up-to-date: /home/kazuya/warehouse_drone/simulation/ws_warehouse_drone/install/px4_ros_com/share/px4_ros_com/cmake/px4_ros_comConfig-version.cmake
[0.523s] -- Up-to-date: /home/kazuya/warehouse_drone/simulation/ws_warehouse_drone/install/px4_ros_com/share/px4_ros_com/package.xml
[0.526s] Invoked command in '/home/kazuya/warehouse_drone/simulation/ws_warehouse_drone/build/px4_ros_com' returned '0': CMAKE_PREFIX_PATH=/home/kazuya/warehouse_drone/simulation/ws_warehouse_drone/install/px4_msgs:/home/kazuya/warehouse_drone/simulation/ws_warehouse_drone/install/px4_ros_com:/home/kazuya/warehouse_drone/simulation/ws_warehouse_drone/install/drone_control:/opt/ros/humble LD_LIBRARY_PATH=/home/kazuya/warehouse_drone/simulation/ws_warehouse_drone/install/px4_msgs/lib:/home/kazuya/warehouse_drone/simulation/ws_warehouse_drone/install/px4_ros_com/lib:/opt/ros/humble/opt/rviz_ogre_vendor/lib:/opt/ros/humble/lib/x86_64-linux-gnu:/opt/ros/humble/lib /usr/bin/cmake --install /home/kazuya/warehouse_drone/simulation/ws_warehouse_drone/build/px4_ros_com
