[0.893s] Invoking command in '/home/kazuya/warehouse_drone/simulation/ws_warehouse_drone/src/drone_control': PYTHONPATH=/home/kazuya/warehouse_drone/simulation/ws_warehouse_drone/build/drone_control/prefix_override:/home/kazuya/warehouse_drone/simulation/ws_warehouse_drone/install/drone_control/lib/python3.10/site-packages:${PYTHONPATH} /usr/bin/python3 setup.py egg_info --egg-base ../../build/drone_control build --build-base /home/kazuya/warehouse_drone/simulation/ws_warehouse_drone/build/drone_control/build install --record /home/kazuya/warehouse_drone/simulation/ws_warehouse_drone/build/drone_control/install.log --single-version-externally-managed
[1.098s] running egg_info
[1.110s] writing ../../build/drone_control/drone_control.egg-info/PKG-INFO
[1.110s] writing dependency_links to ../../build/drone_control/drone_control.egg-info/dependency_links.txt
[1.111s] writing entry points to ../../build/drone_control/drone_control.egg-info/entry_points.txt
[1.111s] writing requirements to ../../build/drone_control/drone_control.egg-info/requires.txt
[1.111s] writing top-level names to ../../build/drone_control/drone_control.egg-info/top_level.txt
[1.135s] reading manifest file '../../build/drone_control/drone_control.egg-info/SOURCES.txt'
[1.136s] writing manifest file '../../build/drone_control/drone_control.egg-info/SOURCES.txt'
[1.137s] running build
[1.138s] running build_py
[1.138s] copying drone_control/offboard_control.py -> /home/kazuya/warehouse_drone/simulation/ws_warehouse_drone/build/drone_control/build/lib/drone_control
[1.138s] running install
[1.138s] /home/kazuya/.local/lib/python3.10/site-packages/setuptools/_distutils/cmd.py:66: SetuptoolsDeprecationWarning: setup.py install is deprecated.
[1.138s] !!
[1.138s] 
[1.139s]         ********************************************************************************
[1.139s]         Please avoid running ``setup.py`` directly.
[1.139s]         Instead, use pypa/build, pypa/installer or other
[1.139s]         standards-based tools.
[1.139s] 
[1.139s]         See https://blog.ganssle.io/articles/2021/10/setup-py-deprecated.html for details.
[1.139s]         ********************************************************************************
[1.139s] 
[1.139s] !!
[1.139s]   self.initialize_options()
[1.143s] running install_lib
[1.156s] copying /home/kazuya/warehouse_drone/simulation/ws_warehouse_drone/build/drone_control/build/lib/drone_control/offboard_control.py -> /home/kazuya/warehouse_drone/simulation/ws_warehouse_drone/install/drone_control/lib/python3.10/site-packages/drone_control
[1.157s] byte-compiling /home/kazuya/warehouse_drone/simulation/ws_warehouse_drone/install/drone_control/lib/python3.10/site-packages/drone_control/offboard_control.py to offboard_control.cpython-310.pyc
[1.158s] running install_data
[1.171s] running install_egg_info
[1.184s] removing '/home/kazuya/warehouse_drone/simulation/ws_warehouse_drone/install/drone_control/lib/python3.10/site-packages/drone_control-0.0.0-py3.10.egg-info' (and everything under it)
[1.184s] Copying ../../build/drone_control/drone_control.egg-info to /home/kazuya/warehouse_drone/simulation/ws_warehouse_drone/install/drone_control/lib/python3.10/site-packages/drone_control-0.0.0-py3.10.egg-info
[1.185s] running install_scripts
[1.300s] Installing offboard_control script to /home/kazuya/warehouse_drone/simulation/ws_warehouse_drone/install/drone_control/lib/drone_control
[1.301s] writing list of installed files to '/home/kazuya/warehouse_drone/simulation/ws_warehouse_drone/build/drone_control/install.log'
[1.335s] Invoked command in '/home/kazuya/warehouse_drone/simulation/ws_warehouse_drone/src/drone_control' returned '0': PYTHONPATH=/home/kazuya/warehouse_drone/simulation/ws_warehouse_drone/build/drone_control/prefix_override:/home/kazuya/warehouse_drone/simulation/ws_warehouse_drone/install/drone_control/lib/python3.10/site-packages:${PYTHONPATH} /usr/bin/python3 setup.py egg_info --egg-base ../../build/drone_control build --build-base /home/kazuya/warehouse_drone/simulation/ws_warehouse_drone/build/drone_control/build install --record /home/kazuya/warehouse_drone/simulation/ws_warehouse_drone/build/drone_control/install.log --single-version-externally-managed
