[0.746s] DEBUG:colcon:Command line arguments: ['/usr/bin/colcon', 'build']
[0.746s] DEBUG:colcon:Parsed command line arguments: Namespace(log_base=None, log_level=None, verb_name='build', build_base='build', install_base='install', merge_install=False, symlink_install=False, test_result_base=None, continue_on_error=False, executor='parallel', parallel_workers=8, event_handlers=None, ignore_user_meta=False, metas=['./colcon.meta'], base_paths=['.'], packages_ignore=None, packages_ignore_regex=None, paths=None, packages_up_to=None, packages_up_to_regex=None, packages_above=None, packages_above_and_dependencies=None, packages_above_depth=None, packages_select_by_dep=None, packages_skip_by_dep=None, packages_skip_up_to=None, packages_select_build_failed=False, packages_skip_build_finished=False, packages_select_test_failures=False, packages_skip_test_passed=False, packages_select=None, packages_skip=None, packages_select_regex=None, packages_skip_regex=None, packages_start=None, packages_end=None, allow_overriding=[], cmake_args=None, cmake_target=None, cmake_target_skip_unavailable=False, cmake_clean_cache=False, cmake_clean_first=False, cmake_force_configure=False, ament_cmake_args=None, catkin_cmake_args=None, catkin_skip_building_tests=False, verb_parser=<colcon_defaults.argument_parser.defaults.DefaultArgumentsDecorator object at 0x7fab6b564100>, verb_extension=<colcon_core.verb.build.BuildVerb object at 0x7fab6b513820>, main=<bound method BuildVerb.main of <colcon_core.verb.build.BuildVerb object at 0x7fab6b513820>>)
[0.791s] Level 1:colcon.colcon_core.package_discovery:discover_packages(colcon_meta) check parameters
[0.791s] Level 1:colcon.colcon_core.package_discovery:discover_packages(recursive) check parameters
[0.791s] Level 1:colcon.colcon_core.package_discovery:discover_packages(ignore) check parameters
[0.791s] Level 1:colcon.colcon_core.package_discovery:discover_packages(path) check parameters
[0.791s] Level 1:colcon.colcon_core.package_discovery:discover_packages(colcon_meta) discover
[0.791s] Level 1:colcon.colcon_core.package_discovery:discover_packages(recursive) discover
[0.791s] INFO:colcon.colcon_core.package_discovery:Crawling recursively for packages in '/home/kazuya/warehouse_drone/simulation/ws_warehouse_drone'
[0.792s] Level 1:colcon.colcon_core.package_identification:_identify(.) by extensions ['ignore', 'ignore_ament_install']
[0.792s] Level 1:colcon.colcon_core.package_identification:_identify(.) by extension 'ignore'
[0.792s] Level 1:colcon.colcon_core.package_identification:_identify(.) by extension 'ignore_ament_install'
[0.792s] Level 1:colcon.colcon_core.package_identification:_identify(.) by extensions ['colcon_pkg']
[0.792s] Level 1:colcon.colcon_core.package_identification:_identify(.) by extension 'colcon_pkg'
[0.792s] Level 1:colcon.colcon_core.package_identification:_identify(.) by extensions ['colcon_meta']
[0.792s] Level 1:colcon.colcon_core.package_identification:_identify(.) by extension 'colcon_meta'
[0.792s] Level 1:colcon.colcon_core.package_identification:_identify(.) by extensions ['ros']
[0.792s] Level 1:colcon.colcon_core.package_identification:_identify(.) by extension 'ros'
[0.804s] Level 1:colcon.colcon_core.package_identification:_identify(.) by extensions ['cmake', 'python']
[0.804s] Level 1:colcon.colcon_core.package_identification:_identify(.) by extension 'cmake'
[0.804s] Level 1:colcon.colcon_core.package_identification:_identify(.) by extension 'python'
[0.804s] Level 1:colcon.colcon_core.package_identification:_identify(.) by extensions ['python_setup_py']
[0.804s] Level 1:colcon.colcon_core.package_identification:_identify(.) by extension 'python_setup_py'
[0.804s] Level 1:colcon.colcon_core.package_identification:_identify(build) by extensions ['ignore', 'ignore_ament_install']
[0.804s] Level 1:colcon.colcon_core.package_identification:_identify(build) by extension 'ignore'
[0.804s] Level 1:colcon.colcon_core.package_identification:_identify(build) ignored
[0.804s] Level 1:colcon.colcon_core.package_identification:_identify(install) by extensions ['ignore', 'ignore_ament_install']
[0.804s] Level 1:colcon.colcon_core.package_identification:_identify(install) by extension 'ignore'
[0.804s] Level 1:colcon.colcon_core.package_identification:_identify(install) ignored
[0.804s] Level 1:colcon.colcon_core.package_identification:_identify(log) by extensions ['ignore', 'ignore_ament_install']
[0.804s] Level 1:colcon.colcon_core.package_identification:_identify(log) by extension 'ignore'
[0.805s] Level 1:colcon.colcon_core.package_identification:_identify(log) ignored
[0.805s] Level 1:colcon.colcon_core.package_identification:_identify(src) by extensions ['ignore', 'ignore_ament_install']
[0.805s] Level 1:colcon.colcon_core.package_identification:_identify(src) by extension 'ignore'
[0.805s] Level 1:colcon.colcon_core.package_identification:_identify(src) by extension 'ignore_ament_install'
[0.805s] Level 1:colcon.colcon_core.package_identification:_identify(src) by extensions ['colcon_pkg']
[0.805s] Level 1:colcon.colcon_core.package_identification:_identify(src) by extension 'colcon_pkg'
[0.805s] Level 1:colcon.colcon_core.package_identification:_identify(src) by extensions ['colcon_meta']
[0.805s] Level 1:colcon.colcon_core.package_identification:_identify(src) by extension 'colcon_meta'
[0.805s] Level 1:colcon.colcon_core.package_identification:_identify(src) by extensions ['ros']
[0.805s] Level 1:colcon.colcon_core.package_identification:_identify(src) by extension 'ros'
[0.805s] Level 1:colcon.colcon_core.package_identification:_identify(src) by extensions ['cmake', 'python']
[0.805s] Level 1:colcon.colcon_core.package_identification:_identify(src) by extension 'cmake'
[0.805s] Level 1:colcon.colcon_core.package_identification:_identify(src) by extension 'python'
[0.805s] Level 1:colcon.colcon_core.package_identification:_identify(src) by extensions ['python_setup_py']
[0.805s] Level 1:colcon.colcon_core.package_identification:_identify(src) by extension 'python_setup_py'
[0.805s] Level 1:colcon.colcon_core.package_identification:_identify(src/drone_control) by extensions ['ignore', 'ignore_ament_install']
[0.805s] Level 1:colcon.colcon_core.package_identification:_identify(src/drone_control) by extension 'ignore'
[0.805s] Level 1:colcon.colcon_core.package_identification:_identify(src/drone_control) by extension 'ignore_ament_install'
[0.805s] Level 1:colcon.colcon_core.package_identification:_identify(src/drone_control) by extensions ['colcon_pkg']
[0.805s] Level 1:colcon.colcon_core.package_identification:_identify(src/drone_control) by extension 'colcon_pkg'
[0.805s] Level 1:colcon.colcon_core.package_identification:_identify(src/drone_control) by extensions ['colcon_meta']
[0.805s] Level 1:colcon.colcon_core.package_identification:_identify(src/drone_control) by extension 'colcon_meta'
[0.805s] Level 1:colcon.colcon_core.package_identification:_identify(src/drone_control) by extensions ['ros']
[0.805s] Level 1:colcon.colcon_core.package_identification:_identify(src/drone_control) by extension 'ros'
[0.808s] DEBUG:colcon.colcon_core.package_identification:Package 'src/drone_control' with type 'ros.ament_python' and name 'drone_control'
[0.808s] Level 1:colcon.colcon_core.package_identification:_identify(src/px4_msgs) by extensions ['ignore', 'ignore_ament_install']
[0.808s] Level 1:colcon.colcon_core.package_identification:_identify(src/px4_msgs) by extension 'ignore'
[0.808s] Level 1:colcon.colcon_core.package_identification:_identify(src/px4_msgs) by extension 'ignore_ament_install'
[0.808s] Level 1:colcon.colcon_core.package_identification:_identify(src/px4_msgs) by extensions ['colcon_pkg']
[0.808s] Level 1:colcon.colcon_core.package_identification:_identify(src/px4_msgs) by extension 'colcon_pkg'
[0.808s] Level 1:colcon.colcon_core.package_identification:_identify(src/px4_msgs) by extensions ['colcon_meta']
[0.808s] Level 1:colcon.colcon_core.package_identification:_identify(src/px4_msgs) by extension 'colcon_meta'
[0.808s] Level 1:colcon.colcon_core.package_identification:_identify(src/px4_msgs) by extensions ['ros']
[0.808s] Level 1:colcon.colcon_core.package_identification:_identify(src/px4_msgs) by extension 'ros'
[0.809s] DEBUG:colcon.colcon_core.package_identification:Package 'src/px4_msgs' with type 'ros.ament_cmake' and name 'px4_msgs'
[0.809s] Level 1:colcon.colcon_core.package_identification:_identify(src/px4_ros_com) by extensions ['ignore', 'ignore_ament_install']
[0.809s] Level 1:colcon.colcon_core.package_identification:_identify(src/px4_ros_com) by extension 'ignore'
[0.809s] Level 1:colcon.colcon_core.package_identification:_identify(src/px4_ros_com) by extension 'ignore_ament_install'
[0.809s] Level 1:colcon.colcon_core.package_identification:_identify(src/px4_ros_com) by extensions ['colcon_pkg']
[0.809s] Level 1:colcon.colcon_core.package_identification:_identify(src/px4_ros_com) by extension 'colcon_pkg'
[0.810s] Level 1:colcon.colcon_core.package_identification:_identify(src/px4_ros_com) by extensions ['colcon_meta']
[0.810s] Level 1:colcon.colcon_core.package_identification:_identify(src/px4_ros_com) by extension 'colcon_meta'
[0.810s] Level 1:colcon.colcon_core.package_identification:_identify(src/px4_ros_com) by extensions ['ros']
[0.810s] Level 1:colcon.colcon_core.package_identification:_identify(src/px4_ros_com) by extension 'ros'
[0.811s] DEBUG:colcon.colcon_core.package_identification:Package 'src/px4_ros_com' with type 'ros.ament_cmake' and name 'px4_ros_com'
[0.811s] Level 1:colcon.colcon_core.package_discovery:discover_packages(recursive) using defaults
[0.811s] Level 1:colcon.colcon_core.package_discovery:discover_packages(ignore) discover
[0.811s] Level 1:colcon.colcon_core.package_discovery:discover_packages(ignore) using defaults
[0.811s] Level 1:colcon.colcon_core.package_discovery:discover_packages(path) discover
[0.811s] Level 1:colcon.colcon_core.package_discovery:discover_packages(path) using defaults
[0.881s] Level 1:colcon.colcon_core.package_discovery:discover_packages(prefix_path) check parameters
[0.882s] Level 1:colcon.colcon_core.package_discovery:discover_packages(prefix_path) discover
[0.904s] DEBUG:colcon.colcon_installed_package_information.package_discovery:Found 3 installed packages in /home/kazuya/warehouse_drone/simulation/ws_warehouse_drone/install
[0.915s] DEBUG:colcon.colcon_installed_package_information.package_discovery:Found 2 installed packages in /home/kazuya/ws_sensor_combined/install
[0.927s] DEBUG:colcon.colcon_installed_package_information.package_discovery:Found 270 installed packages in /opt/ros/humble
[0.928s] Level 1:colcon.colcon_core.package_discovery:discover_packages(prefix_path) using defaults
[0.984s] Level 5:colcon.colcon_core.verb:set package 'drone_control' build argument 'cmake_args' from command line to 'None'
[0.984s] Level 5:colcon.colcon_core.verb:set package 'drone_control' build argument 'cmake_target' from command line to 'None'
[0.984s] Level 5:colcon.colcon_core.verb:set package 'drone_control' build argument 'cmake_target_skip_unavailable' from command line to 'False'
[0.984s] Level 5:colcon.colcon_core.verb:set package 'drone_control' build argument 'cmake_clean_cache' from command line to 'False'
[0.984s] Level 5:colcon.colcon_core.verb:set package 'drone_control' build argument 'cmake_clean_first' from command line to 'False'
[0.984s] Level 5:colcon.colcon_core.verb:set package 'drone_control' build argument 'cmake_force_configure' from command line to 'False'
[0.984s] Level 5:colcon.colcon_core.verb:set package 'drone_control' build argument 'ament_cmake_args' from command line to 'None'
[0.984s] Level 5:colcon.colcon_core.verb:set package 'drone_control' build argument 'catkin_cmake_args' from command line to 'None'
[0.984s] Level 5:colcon.colcon_core.verb:set package 'drone_control' build argument 'catkin_skip_building_tests' from command line to 'False'
[0.984s] DEBUG:colcon.colcon_core.verb:Building package 'drone_control' with the following arguments: {'ament_cmake_args': None, 'build_base': '/home/kazuya/warehouse_drone/simulation/ws_warehouse_drone/build/drone_control', 'catkin_cmake_args': None, 'catkin_skip_building_tests': False, 'cmake_args': None, 'cmake_clean_cache': False, 'cmake_clean_first': False, 'cmake_force_configure': False, 'cmake_target': None, 'cmake_target_skip_unavailable': False, 'install_base': '/home/kazuya/warehouse_drone/simulation/ws_warehouse_drone/install/drone_control', 'merge_install': False, 'path': '/home/kazuya/warehouse_drone/simulation/ws_warehouse_drone/src/drone_control', 'symlink_install': False, 'test_result_base': None}
[0.996s] Level 5:colcon.colcon_core.verb:set package 'px4_msgs' build argument 'cmake_args' from command line to 'None'
[0.996s] Level 5:colcon.colcon_core.verb:set package 'px4_msgs' build argument 'cmake_target' from command line to 'None'
[0.996s] Level 5:colcon.colcon_core.verb:set package 'px4_msgs' build argument 'cmake_target_skip_unavailable' from command line to 'False'
[0.996s] Level 5:colcon.colcon_core.verb:set package 'px4_msgs' build argument 'cmake_clean_cache' from command line to 'False'
[0.996s] Level 5:colcon.colcon_core.verb:set package 'px4_msgs' build argument 'cmake_clean_first' from command line to 'False'
[0.996s] Level 5:colcon.colcon_core.verb:set package 'px4_msgs' build argument 'cmake_force_configure' from command line to 'False'
[0.996s] Level 5:colcon.colcon_core.verb:set package 'px4_msgs' build argument 'ament_cmake_args' from command line to 'None'
[0.996s] Level 5:colcon.colcon_core.verb:set package 'px4_msgs' build argument 'catkin_cmake_args' from command line to 'None'
[0.996s] Level 5:colcon.colcon_core.verb:set package 'px4_msgs' build argument 'catkin_skip_building_tests' from command line to 'False'
[0.996s] DEBUG:colcon.colcon_core.verb:Building package 'px4_msgs' with the following arguments: {'ament_cmake_args': None, 'build_base': '/home/kazuya/warehouse_drone/simulation/ws_warehouse_drone/build/px4_msgs', 'catkin_cmake_args': None, 'catkin_skip_building_tests': False, 'cmake_args': None, 'cmake_clean_cache': False, 'cmake_clean_first': False, 'cmake_force_configure': False, 'cmake_target': None, 'cmake_target_skip_unavailable': False, 'install_base': '/home/kazuya/warehouse_drone/simulation/ws_warehouse_drone/install/px4_msgs', 'merge_install': False, 'path': '/home/kazuya/warehouse_drone/simulation/ws_warehouse_drone/src/px4_msgs', 'symlink_install': False, 'test_result_base': None}
[1.007s] Level 5:colcon.colcon_core.verb:set package 'px4_ros_com' build argument 'cmake_args' from command line to 'None'
[1.007s] Level 5:colcon.colcon_core.verb:set package 'px4_ros_com' build argument 'cmake_target' from command line to 'None'
[1.007s] Level 5:colcon.colcon_core.verb:set package 'px4_ros_com' build argument 'cmake_target_skip_unavailable' from command line to 'False'
[1.007s] Level 5:colcon.colcon_core.verb:set package 'px4_ros_com' build argument 'cmake_clean_cache' from command line to 'False'
[1.007s] Level 5:colcon.colcon_core.verb:set package 'px4_ros_com' build argument 'cmake_clean_first' from command line to 'False'
[1.007s] Level 5:colcon.colcon_core.verb:set package 'px4_ros_com' build argument 'cmake_force_configure' from command line to 'False'
[1.007s] Level 5:colcon.colcon_core.verb:set package 'px4_ros_com' build argument 'ament_cmake_args' from command line to 'None'
[1.007s] Level 5:colcon.colcon_core.verb:set package 'px4_ros_com' build argument 'catkin_cmake_args' from command line to 'None'
[1.007s] Level 5:colcon.colcon_core.verb:set package 'px4_ros_com' build argument 'catkin_skip_building_tests' from command line to 'False'
[1.007s] DEBUG:colcon.colcon_core.verb:Building package 'px4_ros_com' with the following arguments: {'ament_cmake_args': None, 'build_base': '/home/kazuya/warehouse_drone/simulation/ws_warehouse_drone/build/px4_ros_com', 'catkin_cmake_args': None, 'catkin_skip_building_tests': False, 'cmake_args': None, 'cmake_clean_cache': False, 'cmake_clean_first': False, 'cmake_force_configure': False, 'cmake_target': None, 'cmake_target_skip_unavailable': False, 'install_base': '/home/kazuya/warehouse_drone/simulation/ws_warehouse_drone/install/px4_ros_com', 'merge_install': False, 'path': '/home/kazuya/warehouse_drone/simulation/ws_warehouse_drone/src/px4_ros_com', 'symlink_install': False, 'test_result_base': None}
[1.018s] INFO:colcon.colcon_core.executor:Executing jobs using 'parallel' executor
[1.043s] DEBUG:colcon.colcon_parallel_executor.executor.parallel:run_until_complete
[1.043s] INFO:colcon.colcon_ros.task.ament_cmake.build:Building ROS package in '/home/kazuya/warehouse_drone/simulation/ws_warehouse_drone/src/px4_msgs' with build type 'ament_cmake'
[1.043s] INFO:colcon.colcon_cmake.task.cmake.build:Building CMake package in '/home/kazuya/warehouse_drone/simulation/ws_warehouse_drone/src/px4_msgs'
[1.056s] INFO:colcon.colcon_core.plugin_system:Skipping extension 'colcon_core.shell.bat': Not used on non-Windows systems
[1.056s] INFO:colcon.colcon_core.shell:Skip shell extension 'powershell' for command environment: Not usable outside of PowerShell
[1.056s] DEBUG:colcon.colcon_core.shell:Skip shell extension 'dsv' for command environment
[1.104s] INFO:colcon.colcon_ros.task.ament_python.build:Building ROS package in '/home/kazuya/warehouse_drone/simulation/ws_warehouse_drone/src/drone_control' with build type 'ament_python'
[1.104s] Level 1:colcon.colcon_core.shell:create_environment_hook('drone_control', 'ament_prefix_path')
[1.117s] INFO:colcon.colcon_core.shell:Creating environment hook '/home/kazuya/warehouse_drone/simulation/ws_warehouse_drone/install/drone_control/share/drone_control/hook/ament_prefix_path.ps1'
[1.118s] INFO:colcon.colcon_core.shell:Creating environment descriptor '/home/kazuya/warehouse_drone/simulation/ws_warehouse_drone/install/drone_control/share/drone_control/hook/ament_prefix_path.dsv'
[1.118s] INFO:colcon.colcon_core.shell:Creating environment hook '/home/kazuya/warehouse_drone/simulation/ws_warehouse_drone/install/drone_control/share/drone_control/hook/ament_prefix_path.sh'
[1.131s] INFO:colcon.colcon_core.shell:Skip shell extension 'powershell' for command environment: Not usable outside of PowerShell
[1.131s] DEBUG:colcon.colcon_core.shell:Skip shell extension 'dsv' for command environment
[1.183s] DEBUG:colcon.colcon_core.event_handler.log_command:Invoking command in '/home/kazuya/warehouse_drone/simulation/ws_warehouse_drone/build/px4_msgs': CMAKE_PREFIX_PATH=${CMAKE_PREFIX_PATH}:/home/kazuya/warehouse_drone/simulation/ws_warehouse_drone/install/drone_control:/opt/ros/humble /usr/bin/cmake --build /home/kazuya/warehouse_drone/simulation/ws_warehouse_drone/build/px4_msgs -- -j8 -l8
[1.357s] INFO:colcon.colcon_core.task.python.build:Building Python package in '/home/kazuya/warehouse_drone/simulation/ws_warehouse_drone/src/drone_control'
[1.377s] INFO:colcon.colcon_core.shell:Skip shell extension 'powershell' for command environment: Not usable outside of PowerShell
[1.377s] DEBUG:colcon.colcon_core.shell:Skip shell extension 'dsv' for command environment
[1.890s] DEBUG:colcon.colcon_core.event_handler.log_command:Invoked command in '/home/kazuya/warehouse_drone/simulation/ws_warehouse_drone/build/px4_msgs' returned '0': CMAKE_PREFIX_PATH=${CMAKE_PREFIX_PATH}:/home/kazuya/warehouse_drone/simulation/ws_warehouse_drone/install/drone_control:/opt/ros/humble /usr/bin/cmake --build /home/kazuya/warehouse_drone/simulation/ws_warehouse_drone/build/px4_msgs -- -j8 -l8
[1.997s] DEBUG:colcon.colcon_core.event_handler.log_command:Invoking command in '/home/kazuya/warehouse_drone/simulation/ws_warehouse_drone/src/drone_control': PYTHONPATH=/home/kazuya/warehouse_drone/simulation/ws_warehouse_drone/build/drone_control/prefix_override:/home/kazuya/warehouse_drone/simulation/ws_warehouse_drone/install/drone_control/lib/python3.10/site-packages:${PYTHONPATH} /usr/bin/python3 setup.py egg_info --egg-base ../../build/drone_control build --build-base /home/kazuya/warehouse_drone/simulation/ws_warehouse_drone/build/drone_control/build install --record /home/kazuya/warehouse_drone/simulation/ws_warehouse_drone/build/drone_control/install.log --single-version-externally-managed
[2.439s] DEBUG:colcon.colcon_core.event_handler.log_command:Invoked command in '/home/kazuya/warehouse_drone/simulation/ws_warehouse_drone/src/drone_control' returned '0': PYTHONPATH=/home/kazuya/warehouse_drone/simulation/ws_warehouse_drone/build/drone_control/prefix_override:/home/kazuya/warehouse_drone/simulation/ws_warehouse_drone/install/drone_control/lib/python3.10/site-packages:${PYTHONPATH} /usr/bin/python3 setup.py egg_info --egg-base ../../build/drone_control build --build-base /home/kazuya/warehouse_drone/simulation/ws_warehouse_drone/build/drone_control/build install --record /home/kazuya/warehouse_drone/simulation/ws_warehouse_drone/build/drone_control/install.log --single-version-externally-managed
[2.453s] Level 1:colcon.colcon_core.environment:checking '/home/kazuya/warehouse_drone/simulation/ws_warehouse_drone/install/drone_control' for CMake module files
[2.453s] Level 1:colcon.colcon_core.environment:checking '/home/kazuya/warehouse_drone/simulation/ws_warehouse_drone/install/drone_control' for CMake config files
[2.454s] Level 1:colcon.colcon_core.environment:checking '/home/kazuya/warehouse_drone/simulation/ws_warehouse_drone/install/drone_control/lib'
[2.454s] Level 1:colcon.colcon_core.environment:checking '/home/kazuya/warehouse_drone/simulation/ws_warehouse_drone/install/drone_control/bin'
[2.454s] Level 1:colcon.colcon_core.environment:checking '/home/kazuya/warehouse_drone/simulation/ws_warehouse_drone/install/drone_control/lib/pkgconfig/drone_control.pc'
[2.455s] Level 1:colcon.colcon_core.environment:checking '/home/kazuya/warehouse_drone/simulation/ws_warehouse_drone/install/drone_control/lib/python3.10/site-packages'
[2.455s] Level 1:colcon.colcon_core.shell:create_environment_hook('drone_control', 'pythonpath')
[2.466s] INFO:colcon.colcon_core.shell:Creating environment hook '/home/kazuya/warehouse_drone/simulation/ws_warehouse_drone/install/drone_control/share/drone_control/hook/pythonpath.ps1'
[2.466s] INFO:colcon.colcon_core.shell:Creating environment descriptor '/home/kazuya/warehouse_drone/simulation/ws_warehouse_drone/install/drone_control/share/drone_control/hook/pythonpath.dsv'
[2.467s] INFO:colcon.colcon_core.shell:Creating environment hook '/home/kazuya/warehouse_drone/simulation/ws_warehouse_drone/install/drone_control/share/drone_control/hook/pythonpath.sh'
[2.467s] Level 1:colcon.colcon_core.environment:checking '/home/kazuya/warehouse_drone/simulation/ws_warehouse_drone/install/drone_control/bin'
[2.467s] Level 1:colcon.colcon_core.environment:create_environment_scripts_only(drone_control)
[2.478s] INFO:colcon.colcon_core.shell:Creating package script '/home/kazuya/warehouse_drone/simulation/ws_warehouse_drone/install/drone_control/share/drone_control/package.ps1'
[2.479s] INFO:colcon.colcon_core.shell:Creating package descriptor '/home/kazuya/warehouse_drone/simulation/ws_warehouse_drone/install/drone_control/share/drone_control/package.dsv'
[2.480s] INFO:colcon.colcon_core.shell:Creating package script '/home/kazuya/warehouse_drone/simulation/ws_warehouse_drone/install/drone_control/share/drone_control/package.sh'
[2.480s] INFO:colcon.colcon_core.shell:Creating package script '/home/kazuya/warehouse_drone/simulation/ws_warehouse_drone/install/drone_control/share/drone_control/package.bash'
[2.481s] INFO:colcon.colcon_core.shell:Creating package script '/home/kazuya/warehouse_drone/simulation/ws_warehouse_drone/install/drone_control/share/drone_control/package.zsh'
[2.481s] Level 1:colcon.colcon_core.environment:create_file_with_runtime_dependencies(/home/kazuya/warehouse_drone/simulation/ws_warehouse_drone/install/drone_control/share/colcon-core/packages/drone_control)
[5.208s] DEBUG:colcon.colcon_core.event_handler.log_command:Invoking command in '/home/kazuya/warehouse_drone/simulation/ws_warehouse_drone/build/px4_msgs': CMAKE_PREFIX_PATH=${CMAKE_PREFIX_PATH}:/home/kazuya/warehouse_drone/simulation/ws_warehouse_drone/install/drone_control:/opt/ros/humble /usr/bin/cmake --install /home/kazuya/warehouse_drone/simulation/ws_warehouse_drone/build/px4_msgs
[5.456s] Level 1:colcon.colcon_core.environment:create_environment_scripts_only(px4_msgs)
[5.456s] DEBUG:colcon.colcon_core.event_handler.log_command:Invoked command in '/home/kazuya/warehouse_drone/simulation/ws_warehouse_drone/build/px4_msgs' returned '0': CMAKE_PREFIX_PATH=${CMAKE_PREFIX_PATH}:/home/kazuya/warehouse_drone/simulation/ws_warehouse_drone/install/drone_control:/opt/ros/humble /usr/bin/cmake --install /home/kazuya/warehouse_drone/simulation/ws_warehouse_drone/build/px4_msgs
[5.468s] Level 1:colcon.colcon_core.environment:checking '/home/kazuya/warehouse_drone/simulation/ws_warehouse_drone/install/px4_msgs' for CMake module files
[5.469s] Level 1:colcon.colcon_core.environment:checking '/home/kazuya/warehouse_drone/simulation/ws_warehouse_drone/install/px4_msgs' for CMake config files
[5.471s] Level 1:colcon.colcon_core.shell:create_environment_hook('px4_msgs', 'cmake_prefix_path')
[5.483s] INFO:colcon.colcon_core.shell:Creating environment hook '/home/kazuya/warehouse_drone/simulation/ws_warehouse_drone/install/px4_msgs/share/px4_msgs/hook/cmake_prefix_path.ps1'
[5.483s] INFO:colcon.colcon_core.shell:Creating environment descriptor '/home/kazuya/warehouse_drone/simulation/ws_warehouse_drone/install/px4_msgs/share/px4_msgs/hook/cmake_prefix_path.dsv'
[5.483s] INFO:colcon.colcon_core.shell:Creating environment hook '/home/kazuya/warehouse_drone/simulation/ws_warehouse_drone/install/px4_msgs/share/px4_msgs/hook/cmake_prefix_path.sh'
[5.484s] Level 1:colcon.colcon_core.environment:checking '/home/kazuya/warehouse_drone/simulation/ws_warehouse_drone/install/px4_msgs/lib'
[5.484s] Level 1:colcon.colcon_core.shell:create_environment_hook('px4_msgs', 'ld_library_path_lib')
[5.495s] INFO:colcon.colcon_core.shell:Creating environment hook '/home/kazuya/warehouse_drone/simulation/ws_warehouse_drone/install/px4_msgs/share/px4_msgs/hook/ld_library_path_lib.ps1'
[5.496s] INFO:colcon.colcon_core.shell:Creating environment descriptor '/home/kazuya/warehouse_drone/simulation/ws_warehouse_drone/install/px4_msgs/share/px4_msgs/hook/ld_library_path_lib.dsv'
[5.496s] INFO:colcon.colcon_core.shell:Creating environment hook '/home/kazuya/warehouse_drone/simulation/ws_warehouse_drone/install/px4_msgs/share/px4_msgs/hook/ld_library_path_lib.sh'
[5.496s] Level 1:colcon.colcon_core.environment:checking '/home/kazuya/warehouse_drone/simulation/ws_warehouse_drone/install/px4_msgs/bin'
[5.496s] Level 1:colcon.colcon_core.environment:checking '/home/kazuya/warehouse_drone/simulation/ws_warehouse_drone/install/px4_msgs/lib/pkgconfig/px4_msgs.pc'
[5.497s] Level 1:colcon.colcon_core.environment:checking '/home/kazuya/warehouse_drone/simulation/ws_warehouse_drone/install/px4_msgs/lib/python3.10/site-packages'
[5.497s] Level 1:colcon.colcon_core.environment:checking '/home/kazuya/warehouse_drone/simulation/ws_warehouse_drone/install/px4_msgs/bin'
[5.508s] INFO:colcon.colcon_core.shell:Creating package script '/home/kazuya/warehouse_drone/simulation/ws_warehouse_drone/install/px4_msgs/share/px4_msgs/package.ps1'
[5.508s] INFO:colcon.colcon_core.shell:Creating package descriptor '/home/kazuya/warehouse_drone/simulation/ws_warehouse_drone/install/px4_msgs/share/px4_msgs/package.dsv'
[5.509s] INFO:colcon.colcon_core.shell:Creating package script '/home/kazuya/warehouse_drone/simulation/ws_warehouse_drone/install/px4_msgs/share/px4_msgs/package.sh'
[5.509s] INFO:colcon.colcon_core.shell:Creating package script '/home/kazuya/warehouse_drone/simulation/ws_warehouse_drone/install/px4_msgs/share/px4_msgs/package.bash'
[5.509s] INFO:colcon.colcon_core.shell:Creating package script '/home/kazuya/warehouse_drone/simulation/ws_warehouse_drone/install/px4_msgs/share/px4_msgs/package.zsh'
[5.510s] Level 1:colcon.colcon_core.environment:create_file_with_runtime_dependencies(/home/kazuya/warehouse_drone/simulation/ws_warehouse_drone/install/px4_msgs/share/colcon-core/packages/px4_msgs)
[8.860s] Level 1:colcon.colcon_core.environment:create_environment_scripts_only(px4_msgs)
[8.871s] Level 1:colcon.colcon_core.environment:checking '/home/kazuya/warehouse_drone/simulation/ws_warehouse_drone/install/px4_msgs' for CMake module files
[8.872s] Level 1:colcon.colcon_core.environment:checking '/home/kazuya/warehouse_drone/simulation/ws_warehouse_drone/install/px4_msgs' for CMake config files
[8.874s] Level 1:colcon.colcon_core.shell:create_environment_hook('px4_msgs', 'cmake_prefix_path')
[8.885s] INFO:colcon.colcon_core.shell:Creating environment hook '/home/kazuya/warehouse_drone/simulation/ws_warehouse_drone/install/px4_msgs/share/px4_msgs/hook/cmake_prefix_path.ps1'
[8.885s] INFO:colcon.colcon_core.shell:Creating environment descriptor '/home/kazuya/warehouse_drone/simulation/ws_warehouse_drone/install/px4_msgs/share/px4_msgs/hook/cmake_prefix_path.dsv'
[8.885s] INFO:colcon.colcon_core.shell:Creating environment hook '/home/kazuya/warehouse_drone/simulation/ws_warehouse_drone/install/px4_msgs/share/px4_msgs/hook/cmake_prefix_path.sh'
[8.886s] Level 1:colcon.colcon_core.environment:checking '/home/kazuya/warehouse_drone/simulation/ws_warehouse_drone/install/px4_msgs/lib'
[8.886s] Level 1:colcon.colcon_core.shell:create_environment_hook('px4_msgs', 'ld_library_path_lib')
[8.897s] INFO:colcon.colcon_core.shell:Creating environment hook '/home/kazuya/warehouse_drone/simulation/ws_warehouse_drone/install/px4_msgs/share/px4_msgs/hook/ld_library_path_lib.ps1'
[8.898s] INFO:colcon.colcon_core.shell:Creating environment descriptor '/home/kazuya/warehouse_drone/simulation/ws_warehouse_drone/install/px4_msgs/share/px4_msgs/hook/ld_library_path_lib.dsv'
[8.898s] INFO:colcon.colcon_core.shell:Creating environment hook '/home/kazuya/warehouse_drone/simulation/ws_warehouse_drone/install/px4_msgs/share/px4_msgs/hook/ld_library_path_lib.sh'
[8.898s] Level 1:colcon.colcon_core.environment:checking '/home/kazuya/warehouse_drone/simulation/ws_warehouse_drone/install/px4_msgs/bin'
[8.898s] Level 1:colcon.colcon_core.environment:checking '/home/kazuya/warehouse_drone/simulation/ws_warehouse_drone/install/px4_msgs/lib/pkgconfig/px4_msgs.pc'
[8.898s] Level 1:colcon.colcon_core.environment:checking '/home/kazuya/warehouse_drone/simulation/ws_warehouse_drone/install/px4_msgs/lib/python3.10/site-packages'
[8.898s] Level 1:colcon.colcon_core.environment:checking '/home/kazuya/warehouse_drone/simulation/ws_warehouse_drone/install/px4_msgs/bin'
[8.909s] INFO:colcon.colcon_core.shell:Creating package script '/home/kazuya/warehouse_drone/simulation/ws_warehouse_drone/install/px4_msgs/share/px4_msgs/package.ps1'
[8.910s] INFO:colcon.colcon_core.shell:Creating package descriptor '/home/kazuya/warehouse_drone/simulation/ws_warehouse_drone/install/px4_msgs/share/px4_msgs/package.dsv'
[8.910s] INFO:colcon.colcon_core.shell:Creating package script '/home/kazuya/warehouse_drone/simulation/ws_warehouse_drone/install/px4_msgs/share/px4_msgs/package.sh'
[8.911s] INFO:colcon.colcon_core.shell:Creating package script '/home/kazuya/warehouse_drone/simulation/ws_warehouse_drone/install/px4_msgs/share/px4_msgs/package.bash'
[8.911s] INFO:colcon.colcon_core.shell:Creating package script '/home/kazuya/warehouse_drone/simulation/ws_warehouse_drone/install/px4_msgs/share/px4_msgs/package.zsh'
[8.911s] Level 1:colcon.colcon_core.environment:create_file_with_runtime_dependencies(/home/kazuya/warehouse_drone/simulation/ws_warehouse_drone/install/px4_msgs/share/colcon-core/packages/px4_msgs)
[8.912s] INFO:colcon.colcon_ros.task.ament_cmake.build:Building ROS package in '/home/kazuya/warehouse_drone/simulation/ws_warehouse_drone/src/px4_ros_com' with build type 'ament_cmake'
[8.912s] INFO:colcon.colcon_cmake.task.cmake.build:Building CMake package in '/home/kazuya/warehouse_drone/simulation/ws_warehouse_drone/src/px4_ros_com'
[8.924s] INFO:colcon.colcon_core.shell:Skip shell extension 'powershell' for command environment: Not usable outside of PowerShell
[8.924s] DEBUG:colcon.colcon_core.shell:Skip shell extension 'dsv' for command environment
[8.976s] DEBUG:colcon.colcon_core.event_handler.log_command:Invoking command in '/home/kazuya/warehouse_drone/simulation/ws_warehouse_drone/build/px4_ros_com': CMAKE_PREFIX_PATH=/home/kazuya/warehouse_drone/simulation/ws_warehouse_drone/install/px4_msgs:/home/kazuya/warehouse_drone/simulation/ws_warehouse_drone/install/px4_ros_com:/home/kazuya/ws_sensor_combined/install/px4_ros_com:/home/kazuya/ws_sensor_combined/install/px4_msgs:/home/kazuya/warehouse_drone/simulation/ws_warehouse_drone/install/drone_control:/opt/ros/humble LD_LIBRARY_PATH=/home/kazuya/warehouse_drone/simulation/ws_warehouse_drone/install/px4_msgs/lib:/home/kazuya/warehouse_drone/simulation/ws_warehouse_drone/install/px4_ros_com/lib:/home/kazuya/ws_sensor_combined/install/px4_ros_com/lib:/home/kazuya/ws_sensor_combined/install/px4_msgs/lib:/opt/ros/humble/opt/rviz_ogre_vendor/lib:/opt/ros/humble/lib/x86_64-linux-gnu:/opt/ros/humble/lib /usr/bin/cmake --build /home/kazuya/warehouse_drone/simulation/ws_warehouse_drone/build/px4_ros_com -- -j8 -l8
[9.035s] DEBUG:colcon.colcon_core.event_handler.log_command:Invoked command in '/home/kazuya/warehouse_drone/simulation/ws_warehouse_drone/build/px4_ros_com' returned '0': CMAKE_PREFIX_PATH=/home/kazuya/warehouse_drone/simulation/ws_warehouse_drone/install/px4_msgs:/home/kazuya/warehouse_drone/simulation/ws_warehouse_drone/install/px4_ros_com:/home/kazuya/ws_sensor_combined/install/px4_ros_com:/home/kazuya/ws_sensor_combined/install/px4_msgs:/home/kazuya/warehouse_drone/simulation/ws_warehouse_drone/install/drone_control:/opt/ros/humble LD_LIBRARY_PATH=/home/kazuya/warehouse_drone/simulation/ws_warehouse_drone/install/px4_msgs/lib:/home/kazuya/warehouse_drone/simulation/ws_warehouse_drone/install/px4_ros_com/lib:/home/kazuya/ws_sensor_combined/install/px4_ros_com/lib:/home/kazuya/ws_sensor_combined/install/px4_msgs/lib:/opt/ros/humble/opt/rviz_ogre_vendor/lib:/opt/ros/humble/lib/x86_64-linux-gnu:/opt/ros/humble/lib /usr/bin/cmake --build /home/kazuya/warehouse_drone/simulation/ws_warehouse_drone/build/px4_ros_com -- -j8 -l8
[9.069s] DEBUG:colcon.colcon_core.event_handler.log_command:Invoking command in '/home/kazuya/warehouse_drone/simulation/ws_warehouse_drone/build/px4_ros_com': CMAKE_PREFIX_PATH=/home/kazuya/warehouse_drone/simulation/ws_warehouse_drone/install/px4_msgs:/home/kazuya/warehouse_drone/simulation/ws_warehouse_drone/install/px4_ros_com:/home/kazuya/ws_sensor_combined/install/px4_ros_com:/home/kazuya/ws_sensor_combined/install/px4_msgs:/home/kazuya/warehouse_drone/simulation/ws_warehouse_drone/install/drone_control:/opt/ros/humble LD_LIBRARY_PATH=/home/kazuya/warehouse_drone/simulation/ws_warehouse_drone/install/px4_msgs/lib:/home/kazuya/warehouse_drone/simulation/ws_warehouse_drone/install/px4_ros_com/lib:/home/kazuya/ws_sensor_combined/install/px4_ros_com/lib:/home/kazuya/ws_sensor_combined/install/px4_msgs/lib:/opt/ros/humble/opt/rviz_ogre_vendor/lib:/opt/ros/humble/lib/x86_64-linux-gnu:/opt/ros/humble/lib /usr/bin/cmake --install /home/kazuya/warehouse_drone/simulation/ws_warehouse_drone/build/px4_ros_com
[9.078s] Level 1:colcon.colcon_core.environment:create_environment_scripts_only(px4_ros_com)
[9.079s] DEBUG:colcon.colcon_core.event_handler.log_command:Invoked command in '/home/kazuya/warehouse_drone/simulation/ws_warehouse_drone/build/px4_ros_com' returned '0': CMAKE_PREFIX_PATH=/home/kazuya/warehouse_drone/simulation/ws_warehouse_drone/install/px4_msgs:/home/kazuya/warehouse_drone/simulation/ws_warehouse_drone/install/px4_ros_com:/home/kazuya/ws_sensor_combined/install/px4_ros_com:/home/kazuya/ws_sensor_combined/install/px4_msgs:/home/kazuya/warehouse_drone/simulation/ws_warehouse_drone/install/drone_control:/opt/ros/humble LD_LIBRARY_PATH=/home/kazuya/warehouse_drone/simulation/ws_warehouse_drone/install/px4_msgs/lib:/home/kazuya/warehouse_drone/simulation/ws_warehouse_drone/install/px4_ros_com/lib:/home/kazuya/ws_sensor_combined/install/px4_ros_com/lib:/home/kazuya/ws_sensor_combined/install/px4_msgs/lib:/opt/ros/humble/opt/rviz_ogre_vendor/lib:/opt/ros/humble/lib/x86_64-linux-gnu:/opt/ros/humble/lib /usr/bin/cmake --install /home/kazuya/warehouse_drone/simulation/ws_warehouse_drone/build/px4_ros_com
[9.091s] Level 1:colcon.colcon_core.environment:checking '/home/kazuya/warehouse_drone/simulation/ws_warehouse_drone/install/px4_ros_com' for CMake module files
[9.092s] Level 1:colcon.colcon_core.environment:checking '/home/kazuya/warehouse_drone/simulation/ws_warehouse_drone/install/px4_ros_com' for CMake config files
[9.092s] Level 1:colcon.colcon_core.shell:create_environment_hook('px4_ros_com', 'cmake_prefix_path')
[9.104s] INFO:colcon.colcon_core.shell:Creating environment hook '/home/kazuya/warehouse_drone/simulation/ws_warehouse_drone/install/px4_ros_com/share/px4_ros_com/hook/cmake_prefix_path.ps1'
[9.104s] INFO:colcon.colcon_core.shell:Creating environment descriptor '/home/kazuya/warehouse_drone/simulation/ws_warehouse_drone/install/px4_ros_com/share/px4_ros_com/hook/cmake_prefix_path.dsv'
[9.104s] INFO:colcon.colcon_core.shell:Creating environment hook '/home/kazuya/warehouse_drone/simulation/ws_warehouse_drone/install/px4_ros_com/share/px4_ros_com/hook/cmake_prefix_path.sh'
[9.105s] Level 1:colcon.colcon_core.environment:checking '/home/kazuya/warehouse_drone/simulation/ws_warehouse_drone/install/px4_ros_com/lib'
[9.105s] Level 1:colcon.colcon_core.shell:create_environment_hook('px4_ros_com', 'ld_library_path_lib')
[9.115s] INFO:colcon.colcon_core.shell:Creating environment hook '/home/kazuya/warehouse_drone/simulation/ws_warehouse_drone/install/px4_ros_com/share/px4_ros_com/hook/ld_library_path_lib.ps1'
[9.116s] INFO:colcon.colcon_core.shell:Creating environment descriptor '/home/kazuya/warehouse_drone/simulation/ws_warehouse_drone/install/px4_ros_com/share/px4_ros_com/hook/ld_library_path_lib.dsv'
[9.116s] INFO:colcon.colcon_core.shell:Creating environment hook '/home/kazuya/warehouse_drone/simulation/ws_warehouse_drone/install/px4_ros_com/share/px4_ros_com/hook/ld_library_path_lib.sh'
[9.117s] Level 1:colcon.colcon_core.environment:checking '/home/kazuya/warehouse_drone/simulation/ws_warehouse_drone/install/px4_ros_com/bin'
[9.117s] Level 1:colcon.colcon_core.environment:checking '/home/kazuya/warehouse_drone/simulation/ws_warehouse_drone/install/px4_ros_com/lib/pkgconfig/px4_ros_com.pc'
[9.117s] Level 1:colcon.colcon_core.environment:checking '/home/kazuya/warehouse_drone/simulation/ws_warehouse_drone/install/px4_ros_com/lib/python3.10/site-packages'
[9.117s] Level 1:colcon.colcon_core.environment:checking '/home/kazuya/warehouse_drone/simulation/ws_warehouse_drone/install/px4_ros_com/bin'
[9.128s] INFO:colcon.colcon_core.shell:Creating package script '/home/kazuya/warehouse_drone/simulation/ws_warehouse_drone/install/px4_ros_com/share/px4_ros_com/package.ps1'
[9.129s] INFO:colcon.colcon_core.shell:Creating package descriptor '/home/kazuya/warehouse_drone/simulation/ws_warehouse_drone/install/px4_ros_com/share/px4_ros_com/package.dsv'
[9.129s] INFO:colcon.colcon_core.shell:Creating package script '/home/kazuya/warehouse_drone/simulation/ws_warehouse_drone/install/px4_ros_com/share/px4_ros_com/package.sh'
[9.129s] INFO:colcon.colcon_core.shell:Creating package script '/home/kazuya/warehouse_drone/simulation/ws_warehouse_drone/install/px4_ros_com/share/px4_ros_com/package.bash'
[9.130s] INFO:colcon.colcon_core.shell:Creating package script '/home/kazuya/warehouse_drone/simulation/ws_warehouse_drone/install/px4_ros_com/share/px4_ros_com/package.zsh'
[9.130s] Level 1:colcon.colcon_core.environment:create_file_with_runtime_dependencies(/home/kazuya/warehouse_drone/simulation/ws_warehouse_drone/install/px4_ros_com/share/colcon-core/packages/px4_ros_com)
[9.170s] Level 1:colcon.colcon_core.environment:create_environment_scripts_only(px4_ros_com)
[9.181s] Level 1:colcon.colcon_core.environment:checking '/home/kazuya/warehouse_drone/simulation/ws_warehouse_drone/install/px4_ros_com' for CMake module files
[9.182s] Level 1:colcon.colcon_core.environment:checking '/home/kazuya/warehouse_drone/simulation/ws_warehouse_drone/install/px4_ros_com' for CMake config files
[9.182s] Level 1:colcon.colcon_core.shell:create_environment_hook('px4_ros_com', 'cmake_prefix_path')
[9.193s] INFO:colcon.colcon_core.shell:Creating environment hook '/home/kazuya/warehouse_drone/simulation/ws_warehouse_drone/install/px4_ros_com/share/px4_ros_com/hook/cmake_prefix_path.ps1'
[9.193s] INFO:colcon.colcon_core.shell:Creating environment descriptor '/home/kazuya/warehouse_drone/simulation/ws_warehouse_drone/install/px4_ros_com/share/px4_ros_com/hook/cmake_prefix_path.dsv'
[9.194s] INFO:colcon.colcon_core.shell:Creating environment hook '/home/kazuya/warehouse_drone/simulation/ws_warehouse_drone/install/px4_ros_com/share/px4_ros_com/hook/cmake_prefix_path.sh'
[9.195s] Level 1:colcon.colcon_core.environment:checking '/home/kazuya/warehouse_drone/simulation/ws_warehouse_drone/install/px4_ros_com/lib'
[9.195s] Level 1:colcon.colcon_core.shell:create_environment_hook('px4_ros_com', 'ld_library_path_lib')
[9.207s] INFO:colcon.colcon_core.shell:Creating environment hook '/home/kazuya/warehouse_drone/simulation/ws_warehouse_drone/install/px4_ros_com/share/px4_ros_com/hook/ld_library_path_lib.ps1'
[9.207s] INFO:colcon.colcon_core.shell:Creating environment descriptor '/home/kazuya/warehouse_drone/simulation/ws_warehouse_drone/install/px4_ros_com/share/px4_ros_com/hook/ld_library_path_lib.dsv'
[9.207s] INFO:colcon.colcon_core.shell:Creating environment hook '/home/kazuya/warehouse_drone/simulation/ws_warehouse_drone/install/px4_ros_com/share/px4_ros_com/hook/ld_library_path_lib.sh'
[9.208s] Level 1:colcon.colcon_core.environment:checking '/home/kazuya/warehouse_drone/simulation/ws_warehouse_drone/install/px4_ros_com/bin'
[9.208s] Level 1:colcon.colcon_core.environment:checking '/home/kazuya/warehouse_drone/simulation/ws_warehouse_drone/install/px4_ros_com/lib/pkgconfig/px4_ros_com.pc'
[9.208s] Level 1:colcon.colcon_core.environment:checking '/home/kazuya/warehouse_drone/simulation/ws_warehouse_drone/install/px4_ros_com/lib/python3.10/site-packages'
[9.208s] Level 1:colcon.colcon_core.environment:checking '/home/kazuya/warehouse_drone/simulation/ws_warehouse_drone/install/px4_ros_com/bin'
[9.220s] INFO:colcon.colcon_core.shell:Creating package script '/home/kazuya/warehouse_drone/simulation/ws_warehouse_drone/install/px4_ros_com/share/px4_ros_com/package.ps1'
[9.220s] INFO:colcon.colcon_core.shell:Creating package descriptor '/home/kazuya/warehouse_drone/simulation/ws_warehouse_drone/install/px4_ros_com/share/px4_ros_com/package.dsv'
[9.221s] INFO:colcon.colcon_core.shell:Creating package script '/home/kazuya/warehouse_drone/simulation/ws_warehouse_drone/install/px4_ros_com/share/px4_ros_com/package.sh'
[9.221s] INFO:colcon.colcon_core.shell:Creating package script '/home/kazuya/warehouse_drone/simulation/ws_warehouse_drone/install/px4_ros_com/share/px4_ros_com/package.bash'
[9.221s] INFO:colcon.colcon_core.shell:Creating package script '/home/kazuya/warehouse_drone/simulation/ws_warehouse_drone/install/px4_ros_com/share/px4_ros_com/package.zsh'
[9.221s] Level 1:colcon.colcon_core.environment:create_file_with_runtime_dependencies(/home/kazuya/warehouse_drone/simulation/ws_warehouse_drone/install/px4_ros_com/share/colcon-core/packages/px4_ros_com)
[9.222s] DEBUG:colcon.colcon_parallel_executor.executor.parallel:closing loop
[9.222s] DEBUG:colcon.colcon_parallel_executor.executor.parallel:loop closed
[9.222s] DEBUG:colcon.colcon_parallel_executor.executor.parallel:run_until_complete finished with '0'
[9.222s] DEBUG:colcon.colcon_core.event_reactor:joining thread
[9.239s] INFO:colcon.colcon_core.plugin_system:Skipping extension 'colcon_notification.desktop_notification.terminal_notifier': Not used on non-Darwin systems
[9.239s] INFO:colcon.colcon_core.plugin_system:Skipping extension 'colcon_notification.desktop_notification.win32': Not used on non-Windows systems
[9.239s] INFO:colcon.colcon_notification.desktop_notification:Sending desktop notification using 'notify2'
[9.251s] DEBUG:colcon.colcon_core.event_reactor:joined thread
[9.263s] INFO:colcon.colcon_core.shell:Creating prefix script '/home/kazuya/warehouse_drone/simulation/ws_warehouse_drone/install/local_setup.ps1'
[9.263s] INFO:colcon.colcon_core.shell:Creating prefix util module '/home/kazuya/warehouse_drone/simulation/ws_warehouse_drone/install/_local_setup_util_ps1.py'
[9.264s] INFO:colcon.colcon_core.shell:Creating prefix chain script '/home/kazuya/warehouse_drone/simulation/ws_warehouse_drone/install/setup.ps1'
[9.276s] INFO:colcon.colcon_core.shell:Creating prefix script '/home/kazuya/warehouse_drone/simulation/ws_warehouse_drone/install/local_setup.sh'
[9.277s] INFO:colcon.colcon_core.shell:Creating prefix util module '/home/kazuya/warehouse_drone/simulation/ws_warehouse_drone/install/_local_setup_util_sh.py'
[9.277s] INFO:colcon.colcon_core.shell:Creating prefix chain script '/home/kazuya/warehouse_drone/simulation/ws_warehouse_drone/install/setup.sh'
[9.289s] INFO:colcon.colcon_core.shell:Creating prefix script '/home/kazuya/warehouse_drone/simulation/ws_warehouse_drone/install/local_setup.bash'
[9.289s] INFO:colcon.colcon_core.shell:Creating prefix chain script '/home/kazuya/warehouse_drone/simulation/ws_warehouse_drone/install/setup.bash'
[9.301s] INFO:colcon.colcon_core.shell:Creating prefix script '/home/kazuya/warehouse_drone/simulation/ws_warehouse_drone/install/local_setup.zsh'
[9.301s] INFO:colcon.colcon_core.shell:Creating prefix chain script '/home/kazuya/warehouse_drone/simulation/ws_warehouse_drone/install/setup.zsh'
