[0.724s] Invoking command in '/home/kazuya/warehouse_drone/simulation/ws_warehouse_drone/src/drone_control': PYTHONPATH=/home/kazuya/warehouse_drone/simulation/ws_warehouse_drone/build/drone_control/prefix_override:/home/kazuya/warehouse_drone/simulation/ws_warehouse_drone/install/drone_control/lib/python3.10/site-packages:${PYTHONPATH} /usr/bin/python3 setup.py egg_info --egg-base ../../build/drone_control build --build-base /home/kazuya/warehouse_drone/simulation/ws_warehouse_drone/build/drone_control/build install --record /home/kazuya/warehouse_drone/simulation/ws_warehouse_drone/build/drone_control/install.log --single-version-externally-managed
[0.891s] running egg_info
[0.903s] writing ../../build/drone_control/drone_control.egg-info/PKG-INFO
[0.903s] writing dependency_links to ../../build/drone_control/drone_control.egg-info/dependency_links.txt
[0.903s] writing entry points to ../../build/drone_control/drone_control.egg-info/entry_points.txt
[0.904s] writing requirements to ../../build/drone_control/drone_control.egg-info/requires.txt
[0.904s] writing top-level names to ../../build/drone_control/drone_control.egg-info/top_level.txt
[0.927s] reading manifest file '../../build/drone_control/drone_control.egg-info/SOURCES.txt'
[0.928s] writing manifest file '../../build/drone_control/drone_control.egg-info/SOURCES.txt'
[0.928s] running build
[0.928s] running build_py
[0.928s] copying drone_control/mission_control.py -> /home/kazuya/warehouse_drone/simulation/ws_warehouse_drone/build/drone_control/build/lib/drone_control
[0.928s] running install
[0.929s] /home/kazuya/.local/lib/python3.10/site-packages/setuptools/_distutils/cmd.py:66: SetuptoolsDeprecationWarning: setup.py install is deprecated.
[0.929s] !!
[0.929s] 
[0.929s]         ********************************************************************************
[0.929s]         Please avoid running ``setup.py`` directly.
[0.929s]         Instead, use pypa/build, pypa/installer or other
[0.929s]         standards-based tools.
[0.929s] 
[0.929s]         See https://blog.ganssle.io/articles/2021/10/setup-py-deprecated.html for details.
[0.929s]         ********************************************************************************
[0.929s] 
[0.929s] !!
[0.929s]   self.initialize_options()
[0.937s] running install_lib
[0.948s] copying /home/kazuya/warehouse_drone/simulation/ws_warehouse_drone/build/drone_control/build/lib/drone_control/mission_control.py -> /home/kazuya/warehouse_drone/simulation/ws_warehouse_drone/install/drone_control/lib/python3.10/site-packages/drone_control
[0.949s] byte-compiling /home/kazuya/warehouse_drone/simulation/ws_warehouse_drone/install/drone_control/lib/python3.10/site-packages/drone_control/mission_control.py to mission_control.cpython-310.pyc
[0.950s] running install_data
[0.961s] running install_egg_info
[0.974s] removing '/home/kazuya/warehouse_drone/simulation/ws_warehouse_drone/install/drone_control/lib/python3.10/site-packages/drone_control-0.0.0-py3.10.egg-info' (and everything under it)
[0.974s] Copying ../../build/drone_control/drone_control.egg-info to /home/kazuya/warehouse_drone/simulation/ws_warehouse_drone/install/drone_control/lib/python3.10/site-packages/drone_control-0.0.0-py3.10.egg-info
[0.974s] running install_scripts
[1.079s] Installing mission_control script to /home/kazuya/warehouse_drone/simulation/ws_warehouse_drone/install/drone_control/lib/drone_control
[1.079s] Installing offboard_control script to /home/kazuya/warehouse_drone/simulation/ws_warehouse_drone/install/drone_control/lib/drone_control
[1.079s] writing list of installed files to '/home/kazuya/warehouse_drone/simulation/ws_warehouse_drone/build/drone_control/install.log'
[1.110s] Invoked command in '/home/kazuya/warehouse_drone/simulation/ws_warehouse_drone/src/drone_control' returned '0': PYTHONPATH=/home/kazuya/warehouse_drone/simulation/ws_warehouse_drone/build/drone_control/prefix_override:/home/kazuya/warehouse_drone/simulation/ws_warehouse_drone/install/drone_control/lib/python3.10/site-packages:${PYTHONPATH} /usr/bin/python3 setup.py egg_info --egg-base ../../build/drone_control build --build-base /home/kazuya/warehouse_drone/simulation/ws_warehouse_drone/build/drone_control/build install --record /home/kazuya/warehouse_drone/simulation/ws_warehouse_drone/build/drone_control/install.log --single-version-externally-managed
