[2.538s] Invoking command in '/home/kazuya/warehouse_drone/simulation/ws_warehouse_drone/src/drone_control': PYTHONPATH=/home/kazuya/warehouse_drone/simulation/ws_warehouse_drone/build/drone_control/prefix_override:/home/kazuya/warehouse_drone/simulation/ws_warehouse_drone/install/drone_control/lib/python3.10/site-packages:${PYTHONPATH} /usr/bin/python3 setup.py egg_info --egg-base ../../build/drone_control build --build-base /home/kazuya/warehouse_drone/simulation/ws_warehouse_drone/build/drone_control/build install --record /home/kazuya/warehouse_drone/simulation/ws_warehouse_drone/build/drone_control/install.log --single-version-externally-managed
[3.093s] running egg_info
[3.126s] writing ../../build/drone_control/drone_control.egg-info/PKG-INFO
[3.127s] writing dependency_links to ../../build/drone_control/drone_control.egg-info/dependency_links.txt
[3.128s] writing entry points to ../../build/drone_control/drone_control.egg-info/entry_points.txt
[3.128s] writing requirements to ../../build/drone_control/drone_control.egg-info/requires.txt
[3.129s] writing top-level names to ../../build/drone_control/drone_control.egg-info/top_level.txt
[3.211s] reading manifest file '../../build/drone_control/drone_control.egg-info/SOURCES.txt'
[3.213s] writing manifest file '../../build/drone_control/drone_control.egg-info/SOURCES.txt'
[3.213s] running build
[3.213s] running build_py
[3.214s] running install
[3.215s] /home/kazuya/.local/lib/python3.10/site-packages/setuptools/_distutils/cmd.py:66: SetuptoolsDeprecationWarning: setup.py install is deprecated.
[3.215s] !!
[3.215s] 
[3.215s]         ********************************************************************************
[3.215s]         Please avoid running ``setup.py`` directly.
[3.215s]         Instead, use pypa/build, pypa/installer or other
[3.215s]         standards-based tools.
[3.215s] 
[3.216s]         See https://blog.ganssle.io/articles/2021/10/setup-py-deprecated.html for details.
[3.216s]         ********************************************************************************
[3.216s] 
[3.216s] !!
[3.216s]   self.initialize_options()
[3.229s] running install_lib
[3.276s] running install_data
[3.307s] running install_egg_info
[3.350s] removing '/home/kazuya/warehouse_drone/simulation/ws_warehouse_drone/install/drone_control/lib/python3.10/site-packages/drone_control-0.0.0-py3.10.egg-info' (and everything under it)
[3.351s] Copying ../../build/drone_control/drone_control.egg-info to /home/kazuya/warehouse_drone/simulation/ws_warehouse_drone/install/drone_control/lib/python3.10/site-packages/drone_control-0.0.0-py3.10.egg-info
[3.354s] running install_scripts
[3.730s] Installing mission_control script to /home/kazuya/warehouse_drone/simulation/ws_warehouse_drone/install/drone_control/lib/drone_control
[3.730s] Installing offboard_control script to /home/kazuya/warehouse_drone/simulation/ws_warehouse_drone/install/drone_control/lib/drone_control
[3.731s] writing list of installed files to '/home/kazuya/warehouse_drone/simulation/ws_warehouse_drone/build/drone_control/install.log'
[3.812s] Invoked command in '/home/kazuya/warehouse_drone/simulation/ws_warehouse_drone/src/drone_control' returned '0': PYTHONPATH=/home/kazuya/warehouse_drone/simulation/ws_warehouse_drone/build/drone_control/prefix_override:/home/kazuya/warehouse_drone/simulation/ws_warehouse_drone/install/drone_control/lib/python3.10/site-packages:${PYTHONPATH} /usr/bin/python3 setup.py egg_info --egg-base ../../build/drone_control build --build-base /home/kazuya/warehouse_drone/simulation/ws_warehouse_drone/build/drone_control/build install --record /home/kazuya/warehouse_drone/simulation/ws_warehouse_drone/build/drone_control/install.log --single-version-externally-managed
