[0.748s] DEBUG:colcon:Command line arguments: ['/usr/bin/colcon', 'build']
[0.748s] DEBUG:colcon:Parsed command line arguments: Namespace(log_base=None, log_level=None, verb_name='build', build_base='build', install_base='install', merge_install=False, symlink_install=False, test_result_base=None, continue_on_error=False, executor='parallel', parallel_workers=8, event_handlers=None, ignore_user_meta=False, metas=['./colcon.meta'], base_paths=['.'], packages_ignore=None, packages_ignore_regex=None, paths=None, packages_up_to=None, packages_up_to_regex=None, packages_above=None, packages_above_and_dependencies=None, packages_above_depth=None, packages_select_by_dep=None, packages_skip_by_dep=None, packages_skip_up_to=None, packages_select_build_failed=False, packages_skip_build_finished=False, packages_select_test_failures=False, packages_skip_test_passed=False, packages_select=None, packages_skip=None, packages_select_regex=None, packages_skip_regex=None, packages_start=None, packages_end=None, allow_overriding=[], cmake_args=None, cmake_target=None, cmake_target_skip_unavailable=False, cmake_clean_cache=False, cmake_clean_first=False, cmake_force_configure=False, ament_cmake_args=None, catkin_cmake_args=None, catkin_skip_building_tests=False, verb_parser=<colcon_defaults.argument_parser.defaults.DefaultArgumentsDecorator object at 0x7f18252f8190>, verb_extension=<colcon_core.verb.build.BuildVerb object at 0x7f18252a78b0>, main=<bound method BuildVerb.main of <colcon_core.verb.build.BuildVerb object at 0x7f18252a78b0>>)
[0.811s] Level 1:colcon.colcon_core.package_discovery:discover_packages(colcon_meta) check parameters
[0.811s] Level 1:colcon.colcon_core.package_discovery:discover_packages(recursive) check parameters
[0.811s] Level 1:colcon.colcon_core.package_discovery:discover_packages(ignore) check parameters
[0.811s] Level 1:colcon.colcon_core.package_discovery:discover_packages(path) check parameters
[0.811s] Level 1:colcon.colcon_core.package_discovery:discover_packages(colcon_meta) discover
[0.811s] Level 1:colcon.colcon_core.package_discovery:discover_packages(recursive) discover
[0.811s] INFO:colcon.colcon_core.package_discovery:Crawling recursively for packages in '/home/kazuya/warehouse_drone/simulation/ws_warehouse_drone'
[0.811s] Level 1:colcon.colcon_core.package_identification:_identify(.) by extensions ['ignore', 'ignore_ament_install']
[0.811s] Level 1:colcon.colcon_core.package_identification:_identify(.) by extension 'ignore'
[0.811s] Level 1:colcon.colcon_core.package_identification:_identify(.) by extension 'ignore_ament_install'
[0.811s] Level 1:colcon.colcon_core.package_identification:_identify(.) by extensions ['colcon_pkg']
[0.811s] Level 1:colcon.colcon_core.package_identification:_identify(.) by extension 'colcon_pkg'
[0.812s] Level 1:colcon.colcon_core.package_identification:_identify(.) by extensions ['colcon_meta']
[0.812s] Level 1:colcon.colcon_core.package_identification:_identify(.) by extension 'colcon_meta'
[0.812s] Level 1:colcon.colcon_core.package_identification:_identify(.) by extensions ['ros']
[0.812s] Level 1:colcon.colcon_core.package_identification:_identify(.) by extension 'ros'
[0.829s] Level 1:colcon.colcon_core.package_identification:_identify(.) by extensions ['cmake', 'python']
[0.829s] Level 1:colcon.colcon_core.package_identification:_identify(.) by extension 'cmake'
[0.829s] Level 1:colcon.colcon_core.package_identification:_identify(.) by extension 'python'
[0.829s] Level 1:colcon.colcon_core.package_identification:_identify(.) by extensions ['python_setup_py']
[0.829s] Level 1:colcon.colcon_core.package_identification:_identify(.) by extension 'python_setup_py'
[0.829s] Level 1:colcon.colcon_core.package_identification:_identify(build) by extensions ['ignore', 'ignore_ament_install']
[0.830s] Level 1:colcon.colcon_core.package_identification:_identify(build) by extension 'ignore'
[0.830s] Level 1:colcon.colcon_core.package_identification:_identify(build) ignored
[0.830s] Level 1:colcon.colcon_core.package_identification:_identify(install) by extensions ['ignore', 'ignore_ament_install']
[0.830s] Level 1:colcon.colcon_core.package_identification:_identify(install) by extension 'ignore'
[0.830s] Level 1:colcon.colcon_core.package_identification:_identify(install) ignored
[0.830s] Level 1:colcon.colcon_core.package_identification:_identify(log) by extensions ['ignore', 'ignore_ament_install']
[0.830s] Level 1:colcon.colcon_core.package_identification:_identify(log) by extension 'ignore'
[0.830s] Level 1:colcon.colcon_core.package_identification:_identify(log) ignored
[0.830s] Level 1:colcon.colcon_core.package_identification:_identify(src) by extensions ['ignore', 'ignore_ament_install']
[0.830s] Level 1:colcon.colcon_core.package_identification:_identify(src) by extension 'ignore'
[0.830s] Level 1:colcon.colcon_core.package_identification:_identify(src) by extension 'ignore_ament_install'
[0.830s] Level 1:colcon.colcon_core.package_identification:_identify(src) by extensions ['colcon_pkg']
[0.830s] Level 1:colcon.colcon_core.package_identification:_identify(src) by extension 'colcon_pkg'
[0.830s] Level 1:colcon.colcon_core.package_identification:_identify(src) by extensions ['colcon_meta']
[0.830s] Level 1:colcon.colcon_core.package_identification:_identify(src) by extension 'colcon_meta'
[0.831s] Level 1:colcon.colcon_core.package_identification:_identify(src) by extensions ['ros']
[0.831s] Level 1:colcon.colcon_core.package_identification:_identify(src) by extension 'ros'
[0.831s] Level 1:colcon.colcon_core.package_identification:_identify(src) by extensions ['cmake', 'python']
[0.831s] Level 1:colcon.colcon_core.package_identification:_identify(src) by extension 'cmake'
[0.831s] Level 1:colcon.colcon_core.package_identification:_identify(src) by extension 'python'
[0.831s] Level 1:colcon.colcon_core.package_identification:_identify(src) by extensions ['python_setup_py']
[0.831s] Level 1:colcon.colcon_core.package_identification:_identify(src) by extension 'python_setup_py'
[0.831s] Level 1:colcon.colcon_core.package_identification:_identify(src/drone_control) by extensions ['ignore', 'ignore_ament_install']
[0.831s] Level 1:colcon.colcon_core.package_identification:_identify(src/drone_control) by extension 'ignore'
[0.831s] Level 1:colcon.colcon_core.package_identification:_identify(src/drone_control) by extension 'ignore_ament_install'
[0.831s] Level 1:colcon.colcon_core.package_identification:_identify(src/drone_control) by extensions ['colcon_pkg']
[0.831s] Level 1:colcon.colcon_core.package_identification:_identify(src/drone_control) by extension 'colcon_pkg'
[0.831s] Level 1:colcon.colcon_core.package_identification:_identify(src/drone_control) by extensions ['colcon_meta']
[0.831s] Level 1:colcon.colcon_core.package_identification:_identify(src/drone_control) by extension 'colcon_meta'
[0.831s] Level 1:colcon.colcon_core.package_identification:_identify(src/drone_control) by extensions ['ros']
[0.831s] Level 1:colcon.colcon_core.package_identification:_identify(src/drone_control) by extension 'ros'
[0.834s] DEBUG:colcon.colcon_core.package_identification:Package 'src/drone_control' with type 'ros.ament_python' and name 'drone_control'
[0.834s] Level 1:colcon.colcon_core.package_identification:_identify(src/px4_msgs) by extensions ['ignore', 'ignore_ament_install']
[0.834s] Level 1:colcon.colcon_core.package_identification:_identify(src/px4_msgs) by extension 'ignore'
[0.834s] Level 1:colcon.colcon_core.package_identification:_identify(src/px4_msgs) by extension 'ignore_ament_install'
[0.834s] Level 1:colcon.colcon_core.package_identification:_identify(src/px4_msgs) by extensions ['colcon_pkg']
[0.834s] Level 1:colcon.colcon_core.package_identification:_identify(src/px4_msgs) by extension 'colcon_pkg'
[0.834s] Level 1:colcon.colcon_core.package_identification:_identify(src/px4_msgs) by extensions ['colcon_meta']
[0.834s] Level 1:colcon.colcon_core.package_identification:_identify(src/px4_msgs) by extension 'colcon_meta'
[0.834s] Level 1:colcon.colcon_core.package_identification:_identify(src/px4_msgs) by extensions ['ros']
[0.834s] Level 1:colcon.colcon_core.package_identification:_identify(src/px4_msgs) by extension 'ros'
[0.835s] DEBUG:colcon.colcon_core.package_identification:Package 'src/px4_msgs' with type 'ros.ament_cmake' and name 'px4_msgs'
[0.835s] Level 1:colcon.colcon_core.package_identification:_identify(src/px4_ros_com) by extensions ['ignore', 'ignore_ament_install']
[0.835s] Level 1:colcon.colcon_core.package_identification:_identify(src/px4_ros_com) by extension 'ignore'
[0.835s] Level 1:colcon.colcon_core.package_identification:_identify(src/px4_ros_com) by extension 'ignore_ament_install'
[0.835s] Level 1:colcon.colcon_core.package_identification:_identify(src/px4_ros_com) by extensions ['colcon_pkg']
[0.835s] Level 1:colcon.colcon_core.package_identification:_identify(src/px4_ros_com) by extension 'colcon_pkg'
[0.835s] Level 1:colcon.colcon_core.package_identification:_identify(src/px4_ros_com) by extensions ['colcon_meta']
[0.835s] Level 1:colcon.colcon_core.package_identification:_identify(src/px4_ros_com) by extension 'colcon_meta'
[0.835s] Level 1:colcon.colcon_core.package_identification:_identify(src/px4_ros_com) by extensions ['ros']
[0.835s] Level 1:colcon.colcon_core.package_identification:_identify(src/px4_ros_com) by extension 'ros'
[0.836s] DEBUG:colcon.colcon_core.package_identification:Package 'src/px4_ros_com' with type 'ros.ament_cmake' and name 'px4_ros_com'
[0.837s] Level 1:colcon.colcon_core.package_discovery:discover_packages(recursive) using defaults
[0.837s] Level 1:colcon.colcon_core.package_discovery:discover_packages(ignore) discover
[0.837s] Level 1:colcon.colcon_core.package_discovery:discover_packages(ignore) using defaults
[0.837s] Level 1:colcon.colcon_core.package_discovery:discover_packages(path) discover
[0.837s] Level 1:colcon.colcon_core.package_discovery:discover_packages(path) using defaults
[0.906s] Level 1:colcon.colcon_core.package_discovery:discover_packages(prefix_path) check parameters
[0.906s] Level 1:colcon.colcon_core.package_discovery:discover_packages(prefix_path) discover
[0.929s] DEBUG:colcon.colcon_installed_package_information.package_discovery:Found 3 installed packages in /home/kazuya/warehouse_drone/simulation/ws_warehouse_drone/install
[0.940s] DEBUG:colcon.colcon_installed_package_information.package_discovery:Found 2 installed packages in /home/kazuya/ws_sensor_combined/install
[0.951s] DEBUG:colcon.colcon_installed_package_information.package_discovery:Found 270 installed packages in /opt/ros/humble
[0.952s] Level 1:colcon.colcon_core.package_discovery:discover_packages(prefix_path) using defaults
[1.006s] Level 5:colcon.colcon_core.verb:set package 'drone_control' build argument 'cmake_args' from command line to 'None'
[1.007s] Level 5:colcon.colcon_core.verb:set package 'drone_control' build argument 'cmake_target' from command line to 'None'
[1.007s] Level 5:colcon.colcon_core.verb:set package 'drone_control' build argument 'cmake_target_skip_unavailable' from command line to 'False'
[1.007s] Level 5:colcon.colcon_core.verb:set package 'drone_control' build argument 'cmake_clean_cache' from command line to 'False'
[1.007s] Level 5:colcon.colcon_core.verb:set package 'drone_control' build argument 'cmake_clean_first' from command line to 'False'
[1.007s] Level 5:colcon.colcon_core.verb:set package 'drone_control' build argument 'cmake_force_configure' from command line to 'False'
[1.007s] Level 5:colcon.colcon_core.verb:set package 'drone_control' build argument 'ament_cmake_args' from command line to 'None'
[1.007s] Level 5:colcon.colcon_core.verb:set package 'drone_control' build argument 'catkin_cmake_args' from command line to 'None'
[1.007s] Level 5:colcon.colcon_core.verb:set package 'drone_control' build argument 'catkin_skip_building_tests' from command line to 'False'
[1.007s] DEBUG:colcon.colcon_core.verb:Building package 'drone_control' with the following arguments: {'ament_cmake_args': None, 'build_base': '/home/kazuya/warehouse_drone/simulation/ws_warehouse_drone/build/drone_control', 'catkin_cmake_args': None, 'catkin_skip_building_tests': False, 'cmake_args': None, 'cmake_clean_cache': False, 'cmake_clean_first': False, 'cmake_force_configure': False, 'cmake_target': None, 'cmake_target_skip_unavailable': False, 'install_base': '/home/kazuya/warehouse_drone/simulation/ws_warehouse_drone/install/drone_control', 'merge_install': False, 'path': '/home/kazuya/warehouse_drone/simulation/ws_warehouse_drone/src/drone_control', 'symlink_install': False, 'test_result_base': None}
[1.017s] Level 5:colcon.colcon_core.verb:set package 'px4_msgs' build argument 'cmake_args' from command line to 'None'
[1.017s] Level 5:colcon.colcon_core.verb:set package 'px4_msgs' build argument 'cmake_target' from command line to 'None'
[1.017s] Level 5:colcon.colcon_core.verb:set package 'px4_msgs' build argument 'cmake_target_skip_unavailable' from command line to 'False'
[1.017s] Level 5:colcon.colcon_core.verb:set package 'px4_msgs' build argument 'cmake_clean_cache' from command line to 'False'
[1.017s] Level 5:colcon.colcon_core.verb:set package 'px4_msgs' build argument 'cmake_clean_first' from command line to 'False'
[1.017s] Level 5:colcon.colcon_core.verb:set package 'px4_msgs' build argument 'cmake_force_configure' from command line to 'False'
[1.017s] Level 5:colcon.colcon_core.verb:set package 'px4_msgs' build argument 'ament_cmake_args' from command line to 'None'
[1.017s] Level 5:colcon.colcon_core.verb:set package 'px4_msgs' build argument 'catkin_cmake_args' from command line to 'None'
[1.017s] Level 5:colcon.colcon_core.verb:set package 'px4_msgs' build argument 'catkin_skip_building_tests' from command line to 'False'
[1.017s] DEBUG:colcon.colcon_core.verb:Building package 'px4_msgs' with the following arguments: {'ament_cmake_args': None, 'build_base': '/home/kazuya/warehouse_drone/simulation/ws_warehouse_drone/build/px4_msgs', 'catkin_cmake_args': None, 'catkin_skip_building_tests': False, 'cmake_args': None, 'cmake_clean_cache': False, 'cmake_clean_first': False, 'cmake_force_configure': False, 'cmake_target': None, 'cmake_target_skip_unavailable': False, 'install_base': '/home/kazuya/warehouse_drone/simulation/ws_warehouse_drone/install/px4_msgs', 'merge_install': False, 'path': '/home/kazuya/warehouse_drone/simulation/ws_warehouse_drone/src/px4_msgs', 'symlink_install': False, 'test_result_base': None}
[1.028s] Level 5:colcon.colcon_core.verb:set package 'px4_ros_com' build argument 'cmake_args' from command line to 'None'
[1.028s] Level 5:colcon.colcon_core.verb:set package 'px4_ros_com' build argument 'cmake_target' from command line to 'None'
[1.028s] Level 5:colcon.colcon_core.verb:set package 'px4_ros_com' build argument 'cmake_target_skip_unavailable' from command line to 'False'
[1.028s] Level 5:colcon.colcon_core.verb:set package 'px4_ros_com' build argument 'cmake_clean_cache' from command line to 'False'
[1.028s] Level 5:colcon.colcon_core.verb:set package 'px4_ros_com' build argument 'cmake_clean_first' from command line to 'False'
[1.028s] Level 5:colcon.colcon_core.verb:set package 'px4_ros_com' build argument 'cmake_force_configure' from command line to 'False'
[1.028s] Level 5:colcon.colcon_core.verb:set package 'px4_ros_com' build argument 'ament_cmake_args' from command line to 'None'
[1.028s] Level 5:colcon.colcon_core.verb:set package 'px4_ros_com' build argument 'catkin_cmake_args' from command line to 'None'
[1.028s] Level 5:colcon.colcon_core.verb:set package 'px4_ros_com' build argument 'catkin_skip_building_tests' from command line to 'False'
[1.029s] DEBUG:colcon.colcon_core.verb:Building package 'px4_ros_com' with the following arguments: {'ament_cmake_args': None, 'build_base': '/home/kazuya/warehouse_drone/simulation/ws_warehouse_drone/build/px4_ros_com', 'catkin_cmake_args': None, 'catkin_skip_building_tests': False, 'cmake_args': None, 'cmake_clean_cache': False, 'cmake_clean_first': False, 'cmake_force_configure': False, 'cmake_target': None, 'cmake_target_skip_unavailable': False, 'install_base': '/home/kazuya/warehouse_drone/simulation/ws_warehouse_drone/install/px4_ros_com', 'merge_install': False, 'path': '/home/kazuya/warehouse_drone/simulation/ws_warehouse_drone/src/px4_ros_com', 'symlink_install': False, 'test_result_base': None}
[1.039s] INFO:colcon.colcon_core.executor:Executing jobs using 'parallel' executor
[1.063s] DEBUG:colcon.colcon_parallel_executor.executor.parallel:run_until_complete
[1.063s] INFO:colcon.colcon_ros.task.ament_cmake.build:Building ROS package in '/home/kazuya/warehouse_drone/simulation/ws_warehouse_drone/src/px4_msgs' with build type 'ament_cmake'
[1.063s] INFO:colcon.colcon_cmake.task.cmake.build:Building CMake package in '/home/kazuya/warehouse_drone/simulation/ws_warehouse_drone/src/px4_msgs'
[1.076s] INFO:colcon.colcon_core.plugin_system:Skipping extension 'colcon_core.shell.bat': Not used on non-Windows systems
[1.076s] INFO:colcon.colcon_core.shell:Skip shell extension 'powershell' for command environment: Not usable outside of PowerShell
[1.076s] DEBUG:colcon.colcon_core.shell:Skip shell extension 'dsv' for command environment
[1.122s] INFO:colcon.colcon_ros.task.ament_python.build:Building ROS package in '/home/kazuya/warehouse_drone/simulation/ws_warehouse_drone/src/drone_control' with build type 'ament_python'
[1.122s] Level 1:colcon.colcon_core.shell:create_environment_hook('drone_control', 'ament_prefix_path')
[1.133s] INFO:colcon.colcon_core.shell:Creating environment hook '/home/kazuya/warehouse_drone/simulation/ws_warehouse_drone/install/drone_control/share/drone_control/hook/ament_prefix_path.ps1'
[1.134s] INFO:colcon.colcon_core.shell:Creating environment descriptor '/home/kazuya/warehouse_drone/simulation/ws_warehouse_drone/install/drone_control/share/drone_control/hook/ament_prefix_path.dsv'
[1.134s] INFO:colcon.colcon_core.shell:Creating environment hook '/home/kazuya/warehouse_drone/simulation/ws_warehouse_drone/install/drone_control/share/drone_control/hook/ament_prefix_path.sh'
[1.146s] INFO:colcon.colcon_core.shell:Skip shell extension 'powershell' for command environment: Not usable outside of PowerShell
[1.146s] DEBUG:colcon.colcon_core.shell:Skip shell extension 'dsv' for command environment
[1.197s] DEBUG:colcon.colcon_core.event_handler.log_command:Invoking command in '/home/kazuya/warehouse_drone/simulation/ws_warehouse_drone/build/px4_msgs': CMAKE_PREFIX_PATH=${CMAKE_PREFIX_PATH}:/home/kazuya/warehouse_drone/simulation/ws_warehouse_drone/install/drone_control:/opt/ros/humble /usr/bin/cmake --build /home/kazuya/warehouse_drone/simulation/ws_warehouse_drone/build/px4_msgs -- -j8 -l8
[1.367s] INFO:colcon.colcon_core.task.python.build:Building Python package in '/home/kazuya/warehouse_drone/simulation/ws_warehouse_drone/src/drone_control'
[1.379s] INFO:colcon.colcon_core.shell:Skip shell extension 'powershell' for command environment: Not usable outside of PowerShell
[1.379s] DEBUG:colcon.colcon_core.shell:Skip shell extension 'dsv' for command environment
[1.893s] DEBUG:colcon.colcon_core.event_handler.log_command:Invoked command in '/home/kazuya/warehouse_drone/simulation/ws_warehouse_drone/build/px4_msgs' returned '0': CMAKE_PREFIX_PATH=${CMAKE_PREFIX_PATH}:/home/kazuya/warehouse_drone/simulation/ws_warehouse_drone/install/drone_control:/opt/ros/humble /usr/bin/cmake --build /home/kazuya/warehouse_drone/simulation/ws_warehouse_drone/build/px4_msgs -- -j8 -l8
[1.994s] DEBUG:colcon.colcon_core.event_handler.log_command:Invoking command in '/home/kazuya/warehouse_drone/simulation/ws_warehouse_drone/src/drone_control': PYTHONPATH=/home/kazuya/warehouse_drone/simulation/ws_warehouse_drone/build/drone_control/prefix_override:/home/kazuya/warehouse_drone/simulation/ws_warehouse_drone/install/drone_control/lib/python3.10/site-packages:${PYTHONPATH} /usr/bin/python3 setup.py egg_info --egg-base ../../build/drone_control build --build-base /home/kazuya/warehouse_drone/simulation/ws_warehouse_drone/build/drone_control/build install --record /home/kazuya/warehouse_drone/simulation/ws_warehouse_drone/build/drone_control/install.log --single-version-externally-managed
[2.467s] DEBUG:colcon.colcon_core.event_handler.log_command:Invoked command in '/home/kazuya/warehouse_drone/simulation/ws_warehouse_drone/src/drone_control' returned '0': PYTHONPATH=/home/kazuya/warehouse_drone/simulation/ws_warehouse_drone/build/drone_control/prefix_override:/home/kazuya/warehouse_drone/simulation/ws_warehouse_drone/install/drone_control/lib/python3.10/site-packages:${PYTHONPATH} /usr/bin/python3 setup.py egg_info --egg-base ../../build/drone_control build --build-base /home/kazuya/warehouse_drone/simulation/ws_warehouse_drone/build/drone_control/build install --record /home/kazuya/warehouse_drone/simulation/ws_warehouse_drone/build/drone_control/install.log --single-version-externally-managed
[2.481s] Level 1:colcon.colcon_core.environment:checking '/home/kazuya/warehouse_drone/simulation/ws_warehouse_drone/install/drone_control' for CMake module files
[2.481s] Level 1:colcon.colcon_core.environment:checking '/home/kazuya/warehouse_drone/simulation/ws_warehouse_drone/install/drone_control' for CMake config files
[2.482s] Level 1:colcon.colcon_core.environment:checking '/home/kazuya/warehouse_drone/simulation/ws_warehouse_drone/install/drone_control/lib'
[2.482s] Level 1:colcon.colcon_core.environment:checking '/home/kazuya/warehouse_drone/simulation/ws_warehouse_drone/install/drone_control/bin'
[2.482s] Level 1:colcon.colcon_core.environment:checking '/home/kazuya/warehouse_drone/simulation/ws_warehouse_drone/install/drone_control/lib/pkgconfig/drone_control.pc'
[2.482s] Level 1:colcon.colcon_core.environment:checking '/home/kazuya/warehouse_drone/simulation/ws_warehouse_drone/install/drone_control/lib/python3.10/site-packages'
[2.482s] Level 1:colcon.colcon_core.shell:create_environment_hook('drone_control', 'pythonpath')
[2.494s] INFO:colcon.colcon_core.shell:Creating environment hook '/home/kazuya/warehouse_drone/simulation/ws_warehouse_drone/install/drone_control/share/drone_control/hook/pythonpath.ps1'
[2.495s] INFO:colcon.colcon_core.shell:Creating environment descriptor '/home/kazuya/warehouse_drone/simulation/ws_warehouse_drone/install/drone_control/share/drone_control/hook/pythonpath.dsv'
[2.495s] INFO:colcon.colcon_core.shell:Creating environment hook '/home/kazuya/warehouse_drone/simulation/ws_warehouse_drone/install/drone_control/share/drone_control/hook/pythonpath.sh'
[2.496s] Level 1:colcon.colcon_core.environment:checking '/home/kazuya/warehouse_drone/simulation/ws_warehouse_drone/install/drone_control/bin'
[2.496s] Level 1:colcon.colcon_core.environment:create_environment_scripts_only(drone_control)
[2.508s] INFO:colcon.colcon_core.shell:Creating package script '/home/kazuya/warehouse_drone/simulation/ws_warehouse_drone/install/drone_control/share/drone_control/package.ps1'
[2.509s] INFO:colcon.colcon_core.shell:Creating package descriptor '/home/kazuya/warehouse_drone/simulation/ws_warehouse_drone/install/drone_control/share/drone_control/package.dsv'
[2.509s] INFO:colcon.colcon_core.shell:Creating package script '/home/kazuya/warehouse_drone/simulation/ws_warehouse_drone/install/drone_control/share/drone_control/package.sh'
[2.510s] INFO:colcon.colcon_core.shell:Creating package script '/home/kazuya/warehouse_drone/simulation/ws_warehouse_drone/install/drone_control/share/drone_control/package.bash'
[2.511s] INFO:colcon.colcon_core.shell:Creating package script '/home/kazuya/warehouse_drone/simulation/ws_warehouse_drone/install/drone_control/share/drone_control/package.zsh'
[2.511s] Level 1:colcon.colcon_core.environment:create_file_with_runtime_dependencies(/home/kazuya/warehouse_drone/simulation/ws_warehouse_drone/install/drone_control/share/colcon-core/packages/drone_control)
[5.281s] DEBUG:colcon.colcon_core.event_handler.log_command:Invoking command in '/home/kazuya/warehouse_drone/simulation/ws_warehouse_drone/build/px4_msgs': CMAKE_PREFIX_PATH=${CMAKE_PREFIX_PATH}:/home/kazuya/warehouse_drone/simulation/ws_warehouse_drone/install/drone_control:/opt/ros/humble /usr/bin/cmake --install /home/kazuya/warehouse_drone/simulation/ws_warehouse_drone/build/px4_msgs
[5.542s] Level 1:colcon.colcon_core.environment:create_environment_scripts_only(px4_msgs)
[5.543s] DEBUG:colcon.colcon_core.event_handler.log_command:Invoked command in '/home/kazuya/warehouse_drone/simulation/ws_warehouse_drone/build/px4_msgs' returned '0': CMAKE_PREFIX_PATH=${CMAKE_PREFIX_PATH}:/home/kazuya/warehouse_drone/simulation/ws_warehouse_drone/install/drone_control:/opt/ros/humble /usr/bin/cmake --install /home/kazuya/warehouse_drone/simulation/ws_warehouse_drone/build/px4_msgs
[5.554s] Level 1:colcon.colcon_core.environment:checking '/home/kazuya/warehouse_drone/simulation/ws_warehouse_drone/install/px4_msgs' for CMake module files
[5.555s] Level 1:colcon.colcon_core.environment:checking '/home/kazuya/warehouse_drone/simulation/ws_warehouse_drone/install/px4_msgs' for CMake config files
[5.557s] Level 1:colcon.colcon_core.shell:create_environment_hook('px4_msgs', 'cmake_prefix_path')
[5.569s] INFO:colcon.colcon_core.shell:Creating environment hook '/home/kazuya/warehouse_drone/simulation/ws_warehouse_drone/install/px4_msgs/share/px4_msgs/hook/cmake_prefix_path.ps1'
[5.569s] INFO:colcon.colcon_core.shell:Creating environment descriptor '/home/kazuya/warehouse_drone/simulation/ws_warehouse_drone/install/px4_msgs/share/px4_msgs/hook/cmake_prefix_path.dsv'
[5.569s] INFO:colcon.colcon_core.shell:Creating environment hook '/home/kazuya/warehouse_drone/simulation/ws_warehouse_drone/install/px4_msgs/share/px4_msgs/hook/cmake_prefix_path.sh'
[5.570s] Level 1:colcon.colcon_core.environment:checking '/home/kazuya/warehouse_drone/simulation/ws_warehouse_drone/install/px4_msgs/lib'
[5.570s] Level 1:colcon.colcon_core.shell:create_environment_hook('px4_msgs', 'ld_library_path_lib')
[5.582s] INFO:colcon.colcon_core.shell:Creating environment hook '/home/kazuya/warehouse_drone/simulation/ws_warehouse_drone/install/px4_msgs/share/px4_msgs/hook/ld_library_path_lib.ps1'
[5.582s] INFO:colcon.colcon_core.shell:Creating environment descriptor '/home/kazuya/warehouse_drone/simulation/ws_warehouse_drone/install/px4_msgs/share/px4_msgs/hook/ld_library_path_lib.dsv'
[5.582s] INFO:colcon.colcon_core.shell:Creating environment hook '/home/kazuya/warehouse_drone/simulation/ws_warehouse_drone/install/px4_msgs/share/px4_msgs/hook/ld_library_path_lib.sh'
[5.583s] Level 1:colcon.colcon_core.environment:checking '/home/kazuya/warehouse_drone/simulation/ws_warehouse_drone/install/px4_msgs/bin'
[5.583s] Level 1:colcon.colcon_core.environment:checking '/home/kazuya/warehouse_drone/simulation/ws_warehouse_drone/install/px4_msgs/lib/pkgconfig/px4_msgs.pc'
[5.583s] Level 1:colcon.colcon_core.environment:checking '/home/kazuya/warehouse_drone/simulation/ws_warehouse_drone/install/px4_msgs/lib/python3.10/site-packages'
[5.583s] Level 1:colcon.colcon_core.environment:checking '/home/kazuya/warehouse_drone/simulation/ws_warehouse_drone/install/px4_msgs/bin'
[5.594s] INFO:colcon.colcon_core.shell:Creating package script '/home/kazuya/warehouse_drone/simulation/ws_warehouse_drone/install/px4_msgs/share/px4_msgs/package.ps1'
[5.595s] INFO:colcon.colcon_core.shell:Creating package descriptor '/home/kazuya/warehouse_drone/simulation/ws_warehouse_drone/install/px4_msgs/share/px4_msgs/package.dsv'
[5.595s] INFO:colcon.colcon_core.shell:Creating package script '/home/kazuya/warehouse_drone/simulation/ws_warehouse_drone/install/px4_msgs/share/px4_msgs/package.sh'
[5.595s] INFO:colcon.colcon_core.shell:Creating package script '/home/kazuya/warehouse_drone/simulation/ws_warehouse_drone/install/px4_msgs/share/px4_msgs/package.bash'
[5.596s] INFO:colcon.colcon_core.shell:Creating package script '/home/kazuya/warehouse_drone/simulation/ws_warehouse_drone/install/px4_msgs/share/px4_msgs/package.zsh'
[5.596s] Level 1:colcon.colcon_core.environment:create_file_with_runtime_dependencies(/home/kazuya/warehouse_drone/simulation/ws_warehouse_drone/install/px4_msgs/share/colcon-core/packages/px4_msgs)
[8.917s] Level 1:colcon.colcon_core.environment:create_environment_scripts_only(px4_msgs)
[8.928s] Level 1:colcon.colcon_core.environment:checking '/home/kazuya/warehouse_drone/simulation/ws_warehouse_drone/install/px4_msgs' for CMake module files
[8.929s] Level 1:colcon.colcon_core.environment:checking '/home/kazuya/warehouse_drone/simulation/ws_warehouse_drone/install/px4_msgs' for CMake config files
[8.931s] Level 1:colcon.colcon_core.shell:create_environment_hook('px4_msgs', 'cmake_prefix_path')
[8.943s] INFO:colcon.colcon_core.shell:Creating environment hook '/home/kazuya/warehouse_drone/simulation/ws_warehouse_drone/install/px4_msgs/share/px4_msgs/hook/cmake_prefix_path.ps1'
[8.943s] INFO:colcon.colcon_core.shell:Creating environment descriptor '/home/kazuya/warehouse_drone/simulation/ws_warehouse_drone/install/px4_msgs/share/px4_msgs/hook/cmake_prefix_path.dsv'
[8.943s] INFO:colcon.colcon_core.shell:Creating environment hook '/home/kazuya/warehouse_drone/simulation/ws_warehouse_drone/install/px4_msgs/share/px4_msgs/hook/cmake_prefix_path.sh'
[8.944s] Level 1:colcon.colcon_core.environment:checking '/home/kazuya/warehouse_drone/simulation/ws_warehouse_drone/install/px4_msgs/lib'
[8.944s] Level 1:colcon.colcon_core.shell:create_environment_hook('px4_msgs', 'ld_library_path_lib')
[8.954s] INFO:colcon.colcon_core.shell:Creating environment hook '/home/kazuya/warehouse_drone/simulation/ws_warehouse_drone/install/px4_msgs/share/px4_msgs/hook/ld_library_path_lib.ps1'
[8.955s] INFO:colcon.colcon_core.shell:Creating environment descriptor '/home/kazuya/warehouse_drone/simulation/ws_warehouse_drone/install/px4_msgs/share/px4_msgs/hook/ld_library_path_lib.dsv'
[8.955s] INFO:colcon.colcon_core.shell:Creating environment hook '/home/kazuya/warehouse_drone/simulation/ws_warehouse_drone/install/px4_msgs/share/px4_msgs/hook/ld_library_path_lib.sh'
[8.956s] Level 1:colcon.colcon_core.environment:checking '/home/kazuya/warehouse_drone/simulation/ws_warehouse_drone/install/px4_msgs/bin'
[8.956s] Level 1:colcon.colcon_core.environment:checking '/home/kazuya/warehouse_drone/simulation/ws_warehouse_drone/install/px4_msgs/lib/pkgconfig/px4_msgs.pc'
[8.956s] Level 1:colcon.colcon_core.environment:checking '/home/kazuya/warehouse_drone/simulation/ws_warehouse_drone/install/px4_msgs/lib/python3.10/site-packages'
[8.956s] Level 1:colcon.colcon_core.environment:checking '/home/kazuya/warehouse_drone/simulation/ws_warehouse_drone/install/px4_msgs/bin'
[8.967s] INFO:colcon.colcon_core.shell:Creating package script '/home/kazuya/warehouse_drone/simulation/ws_warehouse_drone/install/px4_msgs/share/px4_msgs/package.ps1'
[8.968s] INFO:colcon.colcon_core.shell:Creating package descriptor '/home/kazuya/warehouse_drone/simulation/ws_warehouse_drone/install/px4_msgs/share/px4_msgs/package.dsv'
[8.968s] INFO:colcon.colcon_core.shell:Creating package script '/home/kazuya/warehouse_drone/simulation/ws_warehouse_drone/install/px4_msgs/share/px4_msgs/package.sh'
[8.969s] INFO:colcon.colcon_core.shell:Creating package script '/home/kazuya/warehouse_drone/simulation/ws_warehouse_drone/install/px4_msgs/share/px4_msgs/package.bash'
[8.969s] INFO:colcon.colcon_core.shell:Creating package script '/home/kazuya/warehouse_drone/simulation/ws_warehouse_drone/install/px4_msgs/share/px4_msgs/package.zsh'
[8.970s] Level 1:colcon.colcon_core.environment:create_file_with_runtime_dependencies(/home/kazuya/warehouse_drone/simulation/ws_warehouse_drone/install/px4_msgs/share/colcon-core/packages/px4_msgs)
[8.970s] INFO:colcon.colcon_ros.task.ament_cmake.build:Building ROS package in '/home/kazuya/warehouse_drone/simulation/ws_warehouse_drone/src/px4_ros_com' with build type 'ament_cmake'
[8.970s] INFO:colcon.colcon_cmake.task.cmake.build:Building CMake package in '/home/kazuya/warehouse_drone/simulation/ws_warehouse_drone/src/px4_ros_com'
[8.982s] INFO:colcon.colcon_core.shell:Skip shell extension 'powershell' for command environment: Not usable outside of PowerShell
[8.982s] DEBUG:colcon.colcon_core.shell:Skip shell extension 'dsv' for command environment
[9.034s] DEBUG:colcon.colcon_core.event_handler.log_command:Invoking command in '/home/kazuya/warehouse_drone/simulation/ws_warehouse_drone/build/px4_ros_com': CMAKE_PREFIX_PATH=/home/kazuya/warehouse_drone/simulation/ws_warehouse_drone/install/px4_msgs:/home/kazuya/warehouse_drone/simulation/ws_warehouse_drone/install/px4_ros_com:/home/kazuya/ws_sensor_combined/install/px4_ros_com:/home/kazuya/ws_sensor_combined/install/px4_msgs:/home/kazuya/warehouse_drone/simulation/ws_warehouse_drone/install/drone_control:/opt/ros/humble LD_LIBRARY_PATH=/home/kazuya/warehouse_drone/simulation/ws_warehouse_drone/install/px4_msgs/lib:/home/kazuya/warehouse_drone/simulation/ws_warehouse_drone/install/px4_ros_com/lib:/home/kazuya/ws_sensor_combined/install/px4_ros_com/lib:/home/kazuya/ws_sensor_combined/install/px4_msgs/lib:/opt/ros/humble/opt/rviz_ogre_vendor/lib:/opt/ros/humble/lib/x86_64-linux-gnu:/opt/ros/humble/lib /usr/bin/cmake --build /home/kazuya/warehouse_drone/simulation/ws_warehouse_drone/build/px4_ros_com -- -j8 -l8
[9.098s] DEBUG:colcon.colcon_core.event_handler.log_command:Invoked command in '/home/kazuya/warehouse_drone/simulation/ws_warehouse_drone/build/px4_ros_com' returned '0': CMAKE_PREFIX_PATH=/home/kazuya/warehouse_drone/simulation/ws_warehouse_drone/install/px4_msgs:/home/kazuya/warehouse_drone/simulation/ws_warehouse_drone/install/px4_ros_com:/home/kazuya/ws_sensor_combined/install/px4_ros_com:/home/kazuya/ws_sensor_combined/install/px4_msgs:/home/kazuya/warehouse_drone/simulation/ws_warehouse_drone/install/drone_control:/opt/ros/humble LD_LIBRARY_PATH=/home/kazuya/warehouse_drone/simulation/ws_warehouse_drone/install/px4_msgs/lib:/home/kazuya/warehouse_drone/simulation/ws_warehouse_drone/install/px4_ros_com/lib:/home/kazuya/ws_sensor_combined/install/px4_ros_com/lib:/home/kazuya/ws_sensor_combined/install/px4_msgs/lib:/opt/ros/humble/opt/rviz_ogre_vendor/lib:/opt/ros/humble/lib/x86_64-linux-gnu:/opt/ros/humble/lib /usr/bin/cmake --build /home/kazuya/warehouse_drone/simulation/ws_warehouse_drone/build/px4_ros_com -- -j8 -l8
[9.131s] DEBUG:colcon.colcon_core.event_handler.log_command:Invoking command in '/home/kazuya/warehouse_drone/simulation/ws_warehouse_drone/build/px4_ros_com': CMAKE_PREFIX_PATH=/home/kazuya/warehouse_drone/simulation/ws_warehouse_drone/install/px4_msgs:/home/kazuya/warehouse_drone/simulation/ws_warehouse_drone/install/px4_ros_com:/home/kazuya/ws_sensor_combined/install/px4_ros_com:/home/kazuya/ws_sensor_combined/install/px4_msgs:/home/kazuya/warehouse_drone/simulation/ws_warehouse_drone/install/drone_control:/opt/ros/humble LD_LIBRARY_PATH=/home/kazuya/warehouse_drone/simulation/ws_warehouse_drone/install/px4_msgs/lib:/home/kazuya/warehouse_drone/simulation/ws_warehouse_drone/install/px4_ros_com/lib:/home/kazuya/ws_sensor_combined/install/px4_ros_com/lib:/home/kazuya/ws_sensor_combined/install/px4_msgs/lib:/opt/ros/humble/opt/rviz_ogre_vendor/lib:/opt/ros/humble/lib/x86_64-linux-gnu:/opt/ros/humble/lib /usr/bin/cmake --install /home/kazuya/warehouse_drone/simulation/ws_warehouse_drone/build/px4_ros_com
[9.141s] Level 1:colcon.colcon_core.environment:create_environment_scripts_only(px4_ros_com)
[9.142s] DEBUG:colcon.colcon_core.event_handler.log_command:Invoked command in '/home/kazuya/warehouse_drone/simulation/ws_warehouse_drone/build/px4_ros_com' returned '0': CMAKE_PREFIX_PATH=/home/kazuya/warehouse_drone/simulation/ws_warehouse_drone/install/px4_msgs:/home/kazuya/warehouse_drone/simulation/ws_warehouse_drone/install/px4_ros_com:/home/kazuya/ws_sensor_combined/install/px4_ros_com:/home/kazuya/ws_sensor_combined/install/px4_msgs:/home/kazuya/warehouse_drone/simulation/ws_warehouse_drone/install/drone_control:/opt/ros/humble LD_LIBRARY_PATH=/home/kazuya/warehouse_drone/simulation/ws_warehouse_drone/install/px4_msgs/lib:/home/kazuya/warehouse_drone/simulation/ws_warehouse_drone/install/px4_ros_com/lib:/home/kazuya/ws_sensor_combined/install/px4_ros_com/lib:/home/kazuya/ws_sensor_combined/install/px4_msgs/lib:/opt/ros/humble/opt/rviz_ogre_vendor/lib:/opt/ros/humble/lib/x86_64-linux-gnu:/opt/ros/humble/lib /usr/bin/cmake --install /home/kazuya/warehouse_drone/simulation/ws_warehouse_drone/build/px4_ros_com
[9.153s] Level 1:colcon.colcon_core.environment:checking '/home/kazuya/warehouse_drone/simulation/ws_warehouse_drone/install/px4_ros_com' for CMake module files
[9.153s] Level 1:colcon.colcon_core.environment:checking '/home/kazuya/warehouse_drone/simulation/ws_warehouse_drone/install/px4_ros_com' for CMake config files
[9.153s] Level 1:colcon.colcon_core.shell:create_environment_hook('px4_ros_com', 'cmake_prefix_path')
[9.166s] INFO:colcon.colcon_core.shell:Creating environment hook '/home/kazuya/warehouse_drone/simulation/ws_warehouse_drone/install/px4_ros_com/share/px4_ros_com/hook/cmake_prefix_path.ps1'
[9.166s] INFO:colcon.colcon_core.shell:Creating environment descriptor '/home/kazuya/warehouse_drone/simulation/ws_warehouse_drone/install/px4_ros_com/share/px4_ros_com/hook/cmake_prefix_path.dsv'
[9.167s] INFO:colcon.colcon_core.shell:Creating environment hook '/home/kazuya/warehouse_drone/simulation/ws_warehouse_drone/install/px4_ros_com/share/px4_ros_com/hook/cmake_prefix_path.sh'
[9.167s] Level 1:colcon.colcon_core.environment:checking '/home/kazuya/warehouse_drone/simulation/ws_warehouse_drone/install/px4_ros_com/lib'
[9.167s] Level 1:colcon.colcon_core.shell:create_environment_hook('px4_ros_com', 'ld_library_path_lib')
[9.178s] INFO:colcon.colcon_core.shell:Creating environment hook '/home/kazuya/warehouse_drone/simulation/ws_warehouse_drone/install/px4_ros_com/share/px4_ros_com/hook/ld_library_path_lib.ps1'
[9.179s] INFO:colcon.colcon_core.shell:Creating environment descriptor '/home/kazuya/warehouse_drone/simulation/ws_warehouse_drone/install/px4_ros_com/share/px4_ros_com/hook/ld_library_path_lib.dsv'
[9.179s] INFO:colcon.colcon_core.shell:Creating environment hook '/home/kazuya/warehouse_drone/simulation/ws_warehouse_drone/install/px4_ros_com/share/px4_ros_com/hook/ld_library_path_lib.sh'
[9.179s] Level 1:colcon.colcon_core.environment:checking '/home/kazuya/warehouse_drone/simulation/ws_warehouse_drone/install/px4_ros_com/bin'
[9.179s] Level 1:colcon.colcon_core.environment:checking '/home/kazuya/warehouse_drone/simulation/ws_warehouse_drone/install/px4_ros_com/lib/pkgconfig/px4_ros_com.pc'
[9.180s] Level 1:colcon.colcon_core.environment:checking '/home/kazuya/warehouse_drone/simulation/ws_warehouse_drone/install/px4_ros_com/lib/python3.10/site-packages'
[9.180s] Level 1:colcon.colcon_core.environment:checking '/home/kazuya/warehouse_drone/simulation/ws_warehouse_drone/install/px4_ros_com/bin'
[9.191s] INFO:colcon.colcon_core.shell:Creating package script '/home/kazuya/warehouse_drone/simulation/ws_warehouse_drone/install/px4_ros_com/share/px4_ros_com/package.ps1'
[9.192s] INFO:colcon.colcon_core.shell:Creating package descriptor '/home/kazuya/warehouse_drone/simulation/ws_warehouse_drone/install/px4_ros_com/share/px4_ros_com/package.dsv'
[9.192s] INFO:colcon.colcon_core.shell:Creating package script '/home/kazuya/warehouse_drone/simulation/ws_warehouse_drone/install/px4_ros_com/share/px4_ros_com/package.sh'
[9.192s] INFO:colcon.colcon_core.shell:Creating package script '/home/kazuya/warehouse_drone/simulation/ws_warehouse_drone/install/px4_ros_com/share/px4_ros_com/package.bash'
[9.193s] INFO:colcon.colcon_core.shell:Creating package script '/home/kazuya/warehouse_drone/simulation/ws_warehouse_drone/install/px4_ros_com/share/px4_ros_com/package.zsh'
[9.193s] Level 1:colcon.colcon_core.environment:create_file_with_runtime_dependencies(/home/kazuya/warehouse_drone/simulation/ws_warehouse_drone/install/px4_ros_com/share/colcon-core/packages/px4_ros_com)
[9.234s] Level 1:colcon.colcon_core.environment:create_environment_scripts_only(px4_ros_com)
[9.246s] Level 1:colcon.colcon_core.environment:checking '/home/kazuya/warehouse_drone/simulation/ws_warehouse_drone/install/px4_ros_com' for CMake module files
[9.247s] Level 1:colcon.colcon_core.environment:checking '/home/kazuya/warehouse_drone/simulation/ws_warehouse_drone/install/px4_ros_com' for CMake config files
[9.247s] Level 1:colcon.colcon_core.shell:create_environment_hook('px4_ros_com', 'cmake_prefix_path')
[9.258s] INFO:colcon.colcon_core.shell:Creating environment hook '/home/kazuya/warehouse_drone/simulation/ws_warehouse_drone/install/px4_ros_com/share/px4_ros_com/hook/cmake_prefix_path.ps1'
[9.259s] INFO:colcon.colcon_core.shell:Creating environment descriptor '/home/kazuya/warehouse_drone/simulation/ws_warehouse_drone/install/px4_ros_com/share/px4_ros_com/hook/cmake_prefix_path.dsv'
[9.259s] INFO:colcon.colcon_core.shell:Creating environment hook '/home/kazuya/warehouse_drone/simulation/ws_warehouse_drone/install/px4_ros_com/share/px4_ros_com/hook/cmake_prefix_path.sh'
[9.260s] Level 1:colcon.colcon_core.environment:checking '/home/kazuya/warehouse_drone/simulation/ws_warehouse_drone/install/px4_ros_com/lib'
[9.260s] Level 1:colcon.colcon_core.shell:create_environment_hook('px4_ros_com', 'ld_library_path_lib')
[9.270s] INFO:colcon.colcon_core.shell:Creating environment hook '/home/kazuya/warehouse_drone/simulation/ws_warehouse_drone/install/px4_ros_com/share/px4_ros_com/hook/ld_library_path_lib.ps1'
[9.270s] INFO:colcon.colcon_core.shell:Creating environment descriptor '/home/kazuya/warehouse_drone/simulation/ws_warehouse_drone/install/px4_ros_com/share/px4_ros_com/hook/ld_library_path_lib.dsv'
[9.271s] INFO:colcon.colcon_core.shell:Creating environment hook '/home/kazuya/warehouse_drone/simulation/ws_warehouse_drone/install/px4_ros_com/share/px4_ros_com/hook/ld_library_path_lib.sh'
[9.271s] Level 1:colcon.colcon_core.environment:checking '/home/kazuya/warehouse_drone/simulation/ws_warehouse_drone/install/px4_ros_com/bin'
[9.271s] Level 1:colcon.colcon_core.environment:checking '/home/kazuya/warehouse_drone/simulation/ws_warehouse_drone/install/px4_ros_com/lib/pkgconfig/px4_ros_com.pc'
[9.271s] Level 1:colcon.colcon_core.environment:checking '/home/kazuya/warehouse_drone/simulation/ws_warehouse_drone/install/px4_ros_com/lib/python3.10/site-packages'
[9.271s] Level 1:colcon.colcon_core.environment:checking '/home/kazuya/warehouse_drone/simulation/ws_warehouse_drone/install/px4_ros_com/bin'
[9.282s] INFO:colcon.colcon_core.shell:Creating package script '/home/kazuya/warehouse_drone/simulation/ws_warehouse_drone/install/px4_ros_com/share/px4_ros_com/package.ps1'
[9.283s] INFO:colcon.colcon_core.shell:Creating package descriptor '/home/kazuya/warehouse_drone/simulation/ws_warehouse_drone/install/px4_ros_com/share/px4_ros_com/package.dsv'
[9.283s] INFO:colcon.colcon_core.shell:Creating package script '/home/kazuya/warehouse_drone/simulation/ws_warehouse_drone/install/px4_ros_com/share/px4_ros_com/package.sh'
[9.284s] INFO:colcon.colcon_core.shell:Creating package script '/home/kazuya/warehouse_drone/simulation/ws_warehouse_drone/install/px4_ros_com/share/px4_ros_com/package.bash'
[9.284s] INFO:colcon.colcon_core.shell:Creating package script '/home/kazuya/warehouse_drone/simulation/ws_warehouse_drone/install/px4_ros_com/share/px4_ros_com/package.zsh'
[9.284s] Level 1:colcon.colcon_core.environment:create_file_with_runtime_dependencies(/home/kazuya/warehouse_drone/simulation/ws_warehouse_drone/install/px4_ros_com/share/colcon-core/packages/px4_ros_com)
[9.284s] DEBUG:colcon.colcon_parallel_executor.executor.parallel:closing loop
[9.285s] DEBUG:colcon.colcon_parallel_executor.executor.parallel:loop closed
[9.285s] DEBUG:colcon.colcon_parallel_executor.executor.parallel:run_until_complete finished with '0'
[9.285s] DEBUG:colcon.colcon_core.event_reactor:joining thread
[9.302s] INFO:colcon.colcon_core.plugin_system:Skipping extension 'colcon_notification.desktop_notification.terminal_notifier': Not used on non-Darwin systems
[9.302s] INFO:colcon.colcon_core.plugin_system:Skipping extension 'colcon_notification.desktop_notification.win32': Not used on non-Windows systems
[9.302s] INFO:colcon.colcon_notification.desktop_notification:Sending desktop notification using 'notify2'
[9.314s] DEBUG:colcon.colcon_core.event_reactor:joined thread
[9.325s] INFO:colcon.colcon_core.shell:Creating prefix script '/home/kazuya/warehouse_drone/simulation/ws_warehouse_drone/install/local_setup.ps1'
[9.326s] INFO:colcon.colcon_core.shell:Creating prefix util module '/home/kazuya/warehouse_drone/simulation/ws_warehouse_drone/install/_local_setup_util_ps1.py'
[9.327s] INFO:colcon.colcon_core.shell:Creating prefix chain script '/home/kazuya/warehouse_drone/simulation/ws_warehouse_drone/install/setup.ps1'
[9.338s] INFO:colcon.colcon_core.shell:Creating prefix script '/home/kazuya/warehouse_drone/simulation/ws_warehouse_drone/install/local_setup.sh'
[9.339s] INFO:colcon.colcon_core.shell:Creating prefix util module '/home/kazuya/warehouse_drone/simulation/ws_warehouse_drone/install/_local_setup_util_sh.py'
[9.339s] INFO:colcon.colcon_core.shell:Creating prefix chain script '/home/kazuya/warehouse_drone/simulation/ws_warehouse_drone/install/setup.sh'
[9.351s] INFO:colcon.colcon_core.shell:Creating prefix script '/home/kazuya/warehouse_drone/simulation/ws_warehouse_drone/install/local_setup.bash'
[9.351s] INFO:colcon.colcon_core.shell:Creating prefix chain script '/home/kazuya/warehouse_drone/simulation/ws_warehouse_drone/install/setup.bash'
[9.363s] INFO:colcon.colcon_core.shell:Creating prefix script '/home/kazuya/warehouse_drone/simulation/ws_warehouse_drone/install/local_setup.zsh'
[9.363s] INFO:colcon.colcon_core.shell:Creating prefix chain script '/home/kazuya/warehouse_drone/simulation/ws_warehouse_drone/install/setup.zsh'
