[0.835s] Invoking command in '/home/kazuya/warehouse_drone/simulation/ws_warehouse_drone/src/drone_control': PYTHONPATH=/home/kazuya/warehouse_drone/simulation/ws_warehouse_drone/build/drone_control/prefix_override:/home/kazuya/warehouse_drone/simulation/ws_warehouse_drone/install/drone_control/lib/python3.10/site-packages:${PYTHONPATH} /usr/bin/python3 setup.py egg_info --egg-base ../../build/drone_control build --build-base /home/kazuya/warehouse_drone/simulation/ws_warehouse_drone/build/drone_control/build install --record /home/kazuya/warehouse_drone/simulation/ws_warehouse_drone/build/drone_control/install.log --single-version-externally-managed
[1.020s] running egg_info
[1.034s] writing ../../build/drone_control/drone_control.egg-info/PKG-INFO
[1.034s] writing dependency_links to ../../build/drone_control/drone_control.egg-info/dependency_links.txt
[1.034s] writing entry points to ../../build/drone_control/drone_control.egg-info/entry_points.txt
[1.034s] writing requirements to ../../build/drone_control/drone_control.egg-info/requires.txt
[1.034s] writing top-level names to ../../build/drone_control/drone_control.egg-info/top_level.txt
[1.059s] reading manifest file '../../build/drone_control/drone_control.egg-info/SOURCES.txt'
[1.060s] writing manifest file '../../build/drone_control/drone_control.egg-info/SOURCES.txt'
[1.060s] running build
[1.060s] running build_py
[1.061s] copying drone_control/offboard_control.py -> /home/kazuya/warehouse_drone/simulation/ws_warehouse_drone/build/drone_control/build/lib/drone_control
[1.061s] running install
[1.061s] /home/kazuya/.local/lib/python3.10/site-packages/setuptools/_distutils/cmd.py:66: SetuptoolsDeprecationWarning: setup.py install is deprecated.
[1.061s] !!
[1.061s] 
[1.061s]         ********************************************************************************
[1.061s]         Please avoid running ``setup.py`` directly.
[1.061s]         Instead, use pypa/build, pypa/installer or other
[1.061s]         standards-based tools.
[1.061s] 
[1.061s]         See https://blog.ganssle.io/articles/2021/10/setup-py-deprecated.html for details.
[1.061s]         ********************************************************************************
[1.062s] 
[1.062s] !!
[1.062s]   self.initialize_options()
[1.066s] running install_lib
[1.079s] copying /home/kazuya/warehouse_drone/simulation/ws_warehouse_drone/build/drone_control/build/lib/drone_control/offboard_control.py -> /home/kazuya/warehouse_drone/simulation/ws_warehouse_drone/install/drone_control/lib/python3.10/site-packages/drone_control
[1.079s] byte-compiling /home/kazuya/warehouse_drone/simulation/ws_warehouse_drone/install/drone_control/lib/python3.10/site-packages/drone_control/offboard_control.py to offboard_control.cpython-310.pyc
[1.081s] running install_data
[1.094s] running install_egg_info
[1.106s] removing '/home/kazuya/warehouse_drone/simulation/ws_warehouse_drone/install/drone_control/lib/python3.10/site-packages/drone_control-0.0.0-py3.10.egg-info' (and everything under it)
[1.107s] Copying ../../build/drone_control/drone_control.egg-info to /home/kazuya/warehouse_drone/simulation/ws_warehouse_drone/install/drone_control/lib/python3.10/site-packages/drone_control-0.0.0-py3.10.egg-info
[1.107s] running install_scripts
[1.223s] Installing offboard_control script to /home/kazuya/warehouse_drone/simulation/ws_warehouse_drone/install/drone_control/lib/drone_control
[1.223s] writing list of installed files to '/home/kazuya/warehouse_drone/simulation/ws_warehouse_drone/build/drone_control/install.log'
[1.256s] Invoked command in '/home/kazuya/warehouse_drone/simulation/ws_warehouse_drone/src/drone_control' returned '0': PYTHONPATH=/home/kazuya/warehouse_drone/simulation/ws_warehouse_drone/build/drone_control/prefix_override:/home/kazuya/warehouse_drone/simulation/ws_warehouse_drone/install/drone_control/lib/python3.10/site-packages:${PYTHONPATH} /usr/bin/python3 setup.py egg_info --egg-base ../../build/drone_control build --build-base /home/kazuya/warehouse_drone/simulation/ws_warehouse_drone/build/drone_control/build install --record /home/kazuya/warehouse_drone/simulation/ws_warehouse_drone/build/drone_control/install.log --single-version-externally-managed
