[0.725s] Invoking command in '/home/kazuya/warehouse_drone/simulation/ws_warehouse_drone/src/drone_control': PYTHONPATH=/home/kazuya/warehouse_drone/simulation/ws_warehouse_drone/build/drone_control/prefix_override:/home/kazuya/warehouse_drone/simulation/ws_warehouse_drone/install/drone_control/lib/python3.10/site-packages:${PYTHONPATH} /usr/bin/python3 setup.py egg_info --egg-base ../../build/drone_control build --build-base /home/kazuya/warehouse_drone/simulation/ws_warehouse_drone/build/drone_control/build install --record /home/kazuya/warehouse_drone/simulation/ws_warehouse_drone/build/drone_control/install.log --single-version-externally-managed
[0.935s] running egg_info
[0.946s] writing ../../build/drone_control/drone_control.egg-info/PKG-INFO
[0.947s] writing dependency_links to ../../build/drone_control/drone_control.egg-info/dependency_links.txt
[0.947s] writing entry points to ../../build/drone_control/drone_control.egg-info/entry_points.txt
[0.947s] writing requirements to ../../build/drone_control/drone_control.egg-info/requires.txt
[0.947s] writing top-level names to ../../build/drone_control/drone_control.egg-info/top_level.txt
[0.972s] reading manifest file '../../build/drone_control/drone_control.egg-info/SOURCES.txt'
[0.973s] writing manifest file '../../build/drone_control/drone_control.egg-info/SOURCES.txt'
[0.973s] running build
[0.973s] running build_py
[0.973s] running install
[0.974s] /home/kazuya/.local/lib/python3.10/site-packages/setuptools/_distutils/cmd.py:66: SetuptoolsDeprecationWarning: setup.py install is deprecated.
[0.974s] !!
[0.974s] 
[0.974s]         ********************************************************************************
[0.974s]         Please avoid running ``setup.py`` directly.
[0.974s]         Instead, use pypa/build, pypa/installer or other
[0.974s]         standards-based tools.
[0.974s] 
[0.974s]         See https://blog.ganssle.io/articles/2021/10/setup-py-deprecated.html for details.
[0.974s]         ********************************************************************************
[0.974s] 
[0.974s] !!
[0.975s]   self.initialize_options()
[0.979s] running install_lib
[0.991s] running install_data
[1.002s] running install_egg_info
[1.014s] removing '/home/kazuya/warehouse_drone/simulation/ws_warehouse_drone/install/drone_control/lib/python3.10/site-packages/drone_control-0.0.0-py3.10.egg-info' (and everything under it)
[1.015s] Copying ../../build/drone_control/drone_control.egg-info to /home/kazuya/warehouse_drone/simulation/ws_warehouse_drone/install/drone_control/lib/python3.10/site-packages/drone_control-0.0.0-py3.10.egg-info
[1.015s] running install_scripts
[1.121s] Installing mission_control script to /home/kazuya/warehouse_drone/simulation/ws_warehouse_drone/install/drone_control/lib/drone_control
[1.121s] Installing offboard_control script to /home/kazuya/warehouse_drone/simulation/ws_warehouse_drone/install/drone_control/lib/drone_control
[1.121s] writing list of installed files to '/home/kazuya/warehouse_drone/simulation/ws_warehouse_drone/build/drone_control/install.log'
[1.152s] Invoked command in '/home/kazuya/warehouse_drone/simulation/ws_warehouse_drone/src/drone_control' returned '0': PYTHONPATH=/home/kazuya/warehouse_drone/simulation/ws_warehouse_drone/build/drone_control/prefix_override:/home/kazuya/warehouse_drone/simulation/ws_warehouse_drone/install/drone_control/lib/python3.10/site-packages:${PYTHONPATH} /usr/bin/python3 setup.py egg_info --egg-base ../../build/drone_control build --build-base /home/kazuya/warehouse_drone/simulation/ws_warehouse_drone/build/drone_control/build install --record /home/kazuya/warehouse_drone/simulation/ws_warehouse_drone/build/drone_control/install.log --single-version-externally-managed
