[0.197s] Invoking command in '/home/kazuya/warehouse_drone/simulation/ws_warehouse_drone/build/px4_ros_com': CMAKE_PREFIX_PATH=/home/kazuya/warehouse_drone/simulation/ws_warehouse_drone/install/px4_msgs:/home/kazuya/warehouse_drone/simulation/ws_warehouse_drone/install/px4_ros_com:/home/kazuya/warehouse_drone/simulation/ws_warehouse_drone/install/drone_control:/opt/ros/humble LD_LIBRARY_PATH=/home/kazuya/warehouse_drone/simulation/ws_warehouse_drone/install/px4_msgs/lib:/home/kazuya/warehouse_drone/simulation/ws_warehouse_drone/install/px4_ros_com/lib:/opt/ros/humble/opt/rviz_ogre_vendor/lib:/opt/ros/humble/lib/x86_64-linux-gnu:/opt/ros/humble/lib /usr/bin/cmake --build /home/kazuya/warehouse_drone/simulation/ws_warehouse_drone/build/px4_ros_com -- -j8 -l8
[0.369s] [ 40%] Built target debug_vect_advertiser
[0.372s] [ 40%] Built target offboard_control
[0.380s] [ 60%] Built target frame_transforms
[0.381s] [ 80%] Built target sensor_combined_listener
[0.389s] [100%] Built target vehicle_gps_position_listener
[0.427s] Invoked command in '/home/kazuya/warehouse_drone/simulation/ws_warehouse_drone/build/px4_ros_com' returned '0': CMAKE_PREFIX_PATH=/home/kazuya/warehouse_drone/simulation/ws_warehouse_drone/install/px4_msgs:/home/kazuya/warehouse_drone/simulation/ws_warehouse_drone/install/px4_ros_com:/home/kazuya/warehouse_drone/simulation/ws_warehouse_drone/install/drone_control:/opt/ros/humble LD_LIBRARY_PATH=/home/kazuya/warehouse_drone/simulation/ws_warehouse_drone/install/px4_msgs/lib:/home/kazuya/warehouse_drone/simulation/ws_warehouse_drone/install/px4_ros_com/lib:/opt/ros/humble/opt/rviz_ogre_vendor/lib:/opt/ros/humble/lib/x86_64-linux-gnu:/opt/ros/humble/lib /usr/bin/cmake --build /home/kazuya/warehouse_drone/simulation/ws_warehouse_drone/build/px4_ros_com -- -j8 -l8
[0.529s] Invoking command in '/home/kazuya/warehouse_drone/simulation/ws_warehouse_drone/build/px4_ros_com': CMAKE_PREFIX_PATH=/home/kazuya/warehouse_drone/simulation/ws_warehouse_drone/install/px4_msgs:/home/kazuya/warehouse_drone/simulation/ws_warehouse_drone/install/px4_ros_com:/home/kazuya/warehouse_drone/simulation/ws_warehouse_drone/install/drone_control:/opt/ros/humble LD_LIBRARY_PATH=/home/kazuya/warehouse_drone/simulation/ws_warehouse_drone/install/px4_msgs/lib:/home/kazuya/warehouse_drone/simulation/ws_warehouse_drone/install/px4_ros_com/lib:/opt/ros/humble/opt/rviz_ogre_vendor/lib:/opt/ros/humble/lib/x86_64-linux-gnu:/opt/ros/humble/lib /usr/bin/cmake --install /home/kazuya/warehouse_drone/simulation/ws_warehouse_drone/build/px4_ros_com
[0.553s] -- Install configuration: ""
[0.553s] -- Up-to-date: /home/kazuya/warehouse_drone/simulation/ws_warehouse_drone/install/px4_ros_com/lib/px4_ros_com/sensor_combined_listener
[0.554s] -- Up-to-date: /home/kazuya/warehouse_drone/simulation/ws_warehouse_drone/install/px4_ros_com/lib/px4_ros_com/vehicle_gps_position_listener
[0.555s] -- Up-to-date: /home/kazuya/warehouse_drone/simulation/ws_warehouse_drone/install/px4_ros_com/lib/px4_ros_com/debug_vect_advertiser
[0.555s] -- Up-to-date: /home/kazuya/warehouse_drone/simulation/ws_warehouse_drone/install/px4_ros_com/lib/px4_ros_com/offboard_control
[0.556s] -- Up-to-date: /home/kazuya/warehouse_drone/simulation/ws_warehouse_drone/install/px4_ros_com/share/px4_ros_com/environment/library_path.sh
[0.556s] -- Up-to-date: /home/kazuya/warehouse_drone/simulation/ws_warehouse_drone/install/px4_ros_com/share/px4_ros_com/environment/library_path.dsv
[0.557s] -- Up-to-date: /home/kazuya/warehouse_drone/simulation/ws_warehouse_drone/install/px4_ros_com/include/px4_ros_com
[0.558s] -- Up-to-date: /home/kazuya/warehouse_drone/simulation/ws_warehouse_drone/install/px4_ros_com/include/px4_ros_com/frame_transforms.h
[0.558s] -- Up-to-date: /home/kazuya/warehouse_drone/simulation/ws_warehouse_drone/install/px4_ros_com/lib/libframe_transforms.so
[0.558s] -- Up-to-date: /home/kazuya/warehouse_drone/simulation/ws_warehouse_drone/install/px4_ros_com/share/px4_ros_com//launch
[0.559s] -- Up-to-date: /home/kazuya/warehouse_drone/simulation/ws_warehouse_drone/install/px4_ros_com/share/px4_ros_com//launch/sensor_combined_listener.launch.py
[0.560s] -- Up-to-date: /home/kazuya/warehouse_drone/simulation/ws_warehouse_drone/install/px4_ros_com/share/px4_ros_com//launch/offboard_control_launch.yaml
[0.560s] -- Up-to-date: /home/kazuya/warehouse_drone/simulation/ws_warehouse_drone/install/px4_ros_com/share/px4_ros_com//test
[0.561s] -- Up-to-date: /home/kazuya/warehouse_drone/simulation/ws_warehouse_drone/install/px4_ros_com/share/px4_ros_com//test/test_input.py
[0.561s] -- Up-to-date: /home/kazuya/warehouse_drone/simulation/ws_warehouse_drone/install/px4_ros_com/share/px4_ros_com//test/__init__.py
[0.561s] -- Up-to-date: /home/kazuya/warehouse_drone/simulation/ws_warehouse_drone/install/px4_ros_com/share/px4_ros_com//test/pipeline_io_test.py
[0.562s] -- Up-to-date: /home/kazuya/warehouse_drone/simulation/ws_warehouse_drone/install/px4_ros_com/share/px4_ros_com//test/test_output.py
[0.562s] -- Up-to-date: /home/kazuya/warehouse_drone/simulation/ws_warehouse_drone/install/px4_ros_com/share/ament_index/resource_index/package_run_dependencies/px4_ros_com
[0.562s] -- Up-to-date: /home/kazuya/warehouse_drone/simulation/ws_warehouse_drone/install/px4_ros_com/share/ament_index/resource_index/parent_prefix_path/px4_ros_com
[0.562s] -- Up-to-date: /home/kazuya/warehouse_drone/simulation/ws_warehouse_drone/install/px4_ros_com/share/px4_ros_com/environment/ament_prefix_path.sh
[0.563s] -- Up-to-date: /home/kazuya/warehouse_drone/simulation/ws_warehouse_drone/install/px4_ros_com/share/px4_ros_com/environment/ament_prefix_path.dsv
[0.563s] -- Up-to-date: /home/kazuya/warehouse_drone/simulation/ws_warehouse_drone/install/px4_ros_com/share/px4_ros_com/environment/path.sh
[0.563s] -- Up-to-date: /home/kazuya/warehouse_drone/simulation/ws_warehouse_drone/install/px4_ros_com/share/px4_ros_com/environment/path.dsv
[0.563s] -- Up-to-date: /home/kazuya/warehouse_drone/simulation/ws_warehouse_drone/install/px4_ros_com/share/px4_ros_com/local_setup.bash
[0.564s] -- Up-to-date: /home/kazuya/warehouse_drone/simulation/ws_warehouse_drone/install/px4_ros_com/share/px4_ros_com/local_setup.sh
[0.564s] -- Up-to-date: /home/kazuya/warehouse_drone/simulation/ws_warehouse_drone/install/px4_ros_com/share/px4_ros_com/local_setup.zsh
[0.564s] -- Up-to-date: /home/kazuya/warehouse_drone/simulation/ws_warehouse_drone/install/px4_ros_com/share/px4_ros_com/local_setup.dsv
[0.564s] -- Installing: /home/kazuya/warehouse_drone/simulation/ws_warehouse_drone/install/px4_ros_com/share/px4_ros_com/package.dsv
[0.565s] -- Up-to-date: /home/kazuya/warehouse_drone/simulation/ws_warehouse_drone/install/px4_ros_com/share/ament_index/resource_index/packages/px4_ros_com
[0.565s] -- Up-to-date: /home/kazuya/warehouse_drone/simulation/ws_warehouse_drone/install/px4_ros_com/share/px4_ros_com/cmake/export_frame_transformsExport.cmake
[0.565s] -- Up-to-date: /home/kazuya/warehouse_drone/simulation/ws_warehouse_drone/install/px4_ros_com/share/px4_ros_com/cmake/export_frame_transformsExport-noconfig.cmake
[0.565s] -- Up-to-date: /home/kazuya/warehouse_drone/simulation/ws_warehouse_drone/install/px4_ros_com/share/px4_ros_com/cmake/ament_cmake_export_dependencies-extras.cmake
[0.566s] -- Up-to-date: /home/kazuya/warehouse_drone/simulation/ws_warehouse_drone/install/px4_ros_com/share/px4_ros_com/cmake/ament_cmake_export_targets-extras.cmake
[0.566s] -- Up-to-date: /home/kazuya/warehouse_drone/simulation/ws_warehouse_drone/install/px4_ros_com/share/px4_ros_com/cmake/ament_cmake_export_include_directories-extras.cmake
[0.566s] -- Up-to-date: /home/kazuya/warehouse_drone/simulation/ws_warehouse_drone/install/px4_ros_com/share/px4_ros_com/cmake/ament_cmake_export_libraries-extras.cmake
[0.566s] -- Up-to-date: /home/kazuya/warehouse_drone/simulation/ws_warehouse_drone/install/px4_ros_com/share/px4_ros_com/cmake/px4_ros_comConfig.cmake
[0.567s] -- Up-to-date: /home/kazuya/warehouse_drone/simulation/ws_warehouse_drone/install/px4_ros_com/share/px4_ros_com/cmake/px4_ros_comConfig-version.cmake
[0.567s] -- Up-to-date: /home/kazuya/warehouse_drone/simulation/ws_warehouse_drone/install/px4_ros_com/share/px4_ros_com/package.xml
[0.570s] Invoked command in '/home/kazuya/warehouse_drone/simulation/ws_warehouse_drone/build/px4_ros_com' returned '0': CMAKE_PREFIX_PATH=/home/kazuya/warehouse_drone/simulation/ws_warehouse_drone/install/px4_msgs:/home/kazuya/warehouse_drone/simulation/ws_warehouse_drone/install/px4_ros_com:/home/kazuya/warehouse_drone/simulation/ws_warehouse_drone/install/drone_control:/opt/ros/humble LD_LIBRARY_PATH=/home/kazuya/warehouse_drone/simulation/ws_warehouse_drone/install/px4_msgs/lib:/home/kazuya/warehouse_drone/simulation/ws_warehouse_drone/install/px4_ros_com/lib:/opt/ros/humble/opt/rviz_ogre_vendor/lib:/opt/ros/humble/lib/x86_64-linux-gnu:/opt/ros/humble/lib /usr/bin/cmake --install /home/kazuya/warehouse_drone/simulation/ws_warehouse_drone/build/px4_ros_com
