[0.971s] Invoking command in '/home/kazuya/warehouse_drone/simulation/ws_warehouse_drone/src/drone_control': PYTHONPATH=/home/kazuya/warehouse_drone/simulation/ws_warehouse_drone/build/drone_control/prefix_override:/home/kazuya/warehouse_drone/simulation/ws_warehouse_drone/install/drone_control/lib/python3.10/site-packages:${PYTHONPATH} /usr/bin/python3 setup.py egg_info --egg-base ../../build/drone_control build --build-base /home/kazuya/warehouse_drone/simulation/ws_warehouse_drone/build/drone_control/build install --record /home/kazuya/warehouse_drone/simulation/ws_warehouse_drone/build/drone_control/install.log --single-version-externally-managed
[1.178s] running egg_info
[1.191s] writing ../../build/drone_control/drone_control.egg-info/PKG-INFO
[1.191s] writing dependency_links to ../../build/drone_control/drone_control.egg-info/dependency_links.txt
[1.192s] writing entry points to ../../build/drone_control/drone_control.egg-info/entry_points.txt
[1.192s] writing requirements to ../../build/drone_control/drone_control.egg-info/requires.txt
[1.192s] writing top-level names to ../../build/drone_control/drone_control.egg-info/top_level.txt
[1.219s] reading manifest file '../../build/drone_control/drone_control.egg-info/SOURCES.txt'
[1.219s] writing manifest file '../../build/drone_control/drone_control.egg-info/SOURCES.txt'
[1.219s] running build
[1.219s] running build_py
[1.220s] copying drone_control/mission_control.py -> /home/kazuya/warehouse_drone/simulation/ws_warehouse_drone/build/drone_control/build/lib/drone_control
[1.220s] running install
[1.220s] /home/kazuya/.local/lib/python3.10/site-packages/setuptools/_distutils/cmd.py:66: SetuptoolsDeprecationWarning: setup.py install is deprecated.
[1.220s] !!
[1.220s] 
[1.221s]         ********************************************************************************
[1.221s]         Please avoid running ``setup.py`` directly.
[1.221s]         Instead, use pypa/build, pypa/installer or other
[1.221s]         standards-based tools.
[1.221s] 
[1.221s]         See https://blog.ganssle.io/articles/2021/10/setup-py-deprecated.html for details.
[1.221s]         ********************************************************************************
[1.221s] 
[1.221s] !!
[1.221s]   self.initialize_options()
[1.226s] running install_lib
[1.240s] copying /home/kazuya/warehouse_drone/simulation/ws_warehouse_drone/build/drone_control/build/lib/drone_control/mission_control.py -> /home/kazuya/warehouse_drone/simulation/ws_warehouse_drone/install/drone_control/lib/python3.10/site-packages/drone_control
[1.241s] byte-compiling /home/kazuya/warehouse_drone/simulation/ws_warehouse_drone/install/drone_control/lib/python3.10/site-packages/drone_control/mission_control.py to mission_control.cpython-310.pyc
[1.241s] running install_data
[1.256s] running install_egg_info
[1.271s] removing '/home/kazuya/warehouse_drone/simulation/ws_warehouse_drone/install/drone_control/lib/python3.10/site-packages/drone_control-0.0.0-py3.10.egg-info' (and everything under it)
[1.272s] Copying ../../build/drone_control/drone_control.egg-info to /home/kazuya/warehouse_drone/simulation/ws_warehouse_drone/install/drone_control/lib/python3.10/site-packages/drone_control-0.0.0-py3.10.egg-info
[1.272s] running install_scripts
[1.420s] Installing mission_control script to /home/kazuya/warehouse_drone/simulation/ws_warehouse_drone/install/drone_control/lib/drone_control
[1.420s] Installing offboard_control script to /home/kazuya/warehouse_drone/simulation/ws_warehouse_drone/install/drone_control/lib/drone_control
[1.421s] writing list of installed files to '/home/kazuya/warehouse_drone/simulation/ws_warehouse_drone/build/drone_control/install.log'
[1.459s] Invoked command in '/home/kazuya/warehouse_drone/simulation/ws_warehouse_drone/src/drone_control' returned '0': PYTHONPATH=/home/kazuya/warehouse_drone/simulation/ws_warehouse_drone/build/drone_control/prefix_override:/home/kazuya/warehouse_drone/simulation/ws_warehouse_drone/install/drone_control/lib/python3.10/site-packages:${PYTHONPATH} /usr/bin/python3 setup.py egg_info --egg-base ../../build/drone_control build --build-base /home/kazuya/warehouse_drone/simulation/ws_warehouse_drone/build/drone_control/build install --record /home/kazuya/warehouse_drone/simulation/ws_warehouse_drone/build/drone_control/install.log --single-version-externally-managed
