running egg_info
writing ../../build/drone_control/drone_control.egg-info/PKG-INFO
writing dependency_links to ../../build/drone_control/drone_control.egg-info/dependency_links.txt
writing requirements to ../../build/drone_control/drone_control.egg-info/requires.txt
writing top-level names to ../../build/drone_control/drone_control.egg-info/top_level.txt
reading manifest file '../../build/drone_control/drone_control.egg-info/SOURCES.txt'
writing manifest file '../../build/drone_control/drone_control.egg-info/SOURCES.txt'
running build
running build_py
copying drone_control/mission_control.py -> /home/kazuya/warehouse_drone/simulation/ws_warehouse_drone/build/drone_control/build/lib/drone_control
copying drone_control/offboard_control.py -> /home/kazuya/warehouse_drone/simulation/ws_warehouse_drone/build/drone_control/build/lib/drone_control
running install
running install_lib
copying /home/kazuya/warehouse_drone/simulation/ws_warehouse_drone/build/drone_control/build/lib/drone_control/mission_control.py -> /home/kazuya/warehouse_drone/simulation/ws_warehouse_drone/install/drone_control/lib/python3.10/site-packages/drone_control
copying /home/kazuya/warehouse_drone/simulation/ws_warehouse_drone/build/drone_control/build/lib/drone_control/offboard_control.py -> /home/kazuya/warehouse_drone/simulation/ws_warehouse_drone/install/drone_control/lib/python3.10/site-packages/drone_control
byte-compiling /home/kazuya/warehouse_drone/simulation/ws_warehouse_drone/install/drone_control/lib/python3.10/site-packages/drone_control/mission_control.py to mission_control.cpython-310.pyc
byte-compiling /home/kazuya/warehouse_drone/simulation/ws_warehouse_drone/install/drone_control/lib/python3.10/site-packages/drone_control/offboard_control.py to offboard_control.cpython-310.pyc
running install_data
running install_egg_info
removing '/home/kazuya/warehouse_drone/simulation/ws_warehouse_drone/install/drone_control/lib/python3.10/site-packages/drone_control-0.0.0-py3.10.egg-info' (and everything under it)
Copying ../../build/drone_control/drone_control.egg-info to /home/kazuya/warehouse_drone/simulation/ws_warehouse_drone/install/drone_control/lib/python3.10/site-packages/drone_control-0.0.0-py3.10.egg-info
running install_scripts
writing list of installed files to '/home/kazuya/warehouse_drone/simulation/ws_warehouse_drone/build/drone_control/install.log'
