[0.711s] Invoking command in '/home/kazuya/warehouse_drone/simulation/ws_warehouse_drone/src/drone_control': PYTHONPATH=/home/kazuya/warehouse_drone/simulation/ws_warehouse_drone/build/drone_control/prefix_override:/home/kazuya/warehouse_drone/simulation/ws_warehouse_drone/install/drone_control/lib/python3.10/site-packages:${PYTHONPATH} /usr/bin/python3 setup.py egg_info --egg-base ../../build/drone_control build --build-base /home/kazuya/warehouse_drone/simulation/ws_warehouse_drone/build/drone_control/build install --record /home/kazuya/warehouse_drone/simulation/ws_warehouse_drone/build/drone_control/install.log --single-version-externally-managed
[0.891s] running egg_info
[0.901s] writing ../../build/drone_control/drone_control.egg-info/PKG-INFO
[0.902s] writing dependency_links to ../../build/drone_control/drone_control.egg-info/dependency_links.txt
[0.902s] writing entry points to ../../build/drone_control/drone_control.egg-info/entry_points.txt
[0.902s] writing requirements to ../../build/drone_control/drone_control.egg-info/requires.txt
[0.902s] writing top-level names to ../../build/drone_control/drone_control.egg-info/top_level.txt
[0.924s] reading manifest file '../../build/drone_control/drone_control.egg-info/SOURCES.txt'
[0.925s] writing manifest file '../../build/drone_control/drone_control.egg-info/SOURCES.txt'
[0.925s] running build
[0.925s] running build_py
[0.925s] copying drone_control/offboard_control.py -> /home/kazuya/warehouse_drone/simulation/ws_warehouse_drone/build/drone_control/build/lib/drone_control
[0.925s] running install
[0.925s] /home/kazuya/.local/lib/python3.10/site-packages/setuptools/_distutils/cmd.py:66: SetuptoolsDeprecationWarning: setup.py install is deprecated.
[0.925s] !!
[0.925s] 
[0.926s]         ********************************************************************************
[0.926s]         Please avoid running ``setup.py`` directly.
[0.926s]         Instead, use pypa/build, pypa/installer or other
[0.926s]         standards-based tools.
[0.926s] 
[0.926s]         See https://blog.ganssle.io/articles/2021/10/setup-py-deprecated.html for details.
[0.926s]         ********************************************************************************
[0.926s] 
[0.926s] !!
[0.926s]   self.initialize_options()
[0.930s] running install_lib
[0.941s] copying /home/kazuya/warehouse_drone/simulation/ws_warehouse_drone/build/drone_control/build/lib/drone_control/offboard_control.py -> /home/kazuya/warehouse_drone/simulation/ws_warehouse_drone/install/drone_control/lib/python3.10/site-packages/drone_control
[0.941s] byte-compiling /home/kazuya/warehouse_drone/simulation/ws_warehouse_drone/install/drone_control/lib/python3.10/site-packages/drone_control/offboard_control.py to offboard_control.cpython-310.pyc
[0.943s] running install_data
[0.954s] running install_egg_info
[0.966s] removing '/home/kazuya/warehouse_drone/simulation/ws_warehouse_drone/install/drone_control/lib/python3.10/site-packages/drone_control-0.0.0-py3.10.egg-info' (and everything under it)
[0.966s] Copying ../../build/drone_control/drone_control.egg-info to /home/kazuya/warehouse_drone/simulation/ws_warehouse_drone/install/drone_control/lib/python3.10/site-packages/drone_control-0.0.0-py3.10.egg-info
[0.966s] running install_scripts
[1.071s] Installing mission_control script to /home/kazuya/warehouse_drone/simulation/ws_warehouse_drone/install/drone_control/lib/drone_control
[1.071s] Installing offboard_control script to /home/kazuya/warehouse_drone/simulation/ws_warehouse_drone/install/drone_control/lib/drone_control
[1.072s] writing list of installed files to '/home/kazuya/warehouse_drone/simulation/ws_warehouse_drone/build/drone_control/install.log'
[1.097s] Invoked command in '/home/kazuya/warehouse_drone/simulation/ws_warehouse_drone/src/drone_control' returned '0': PYTHONPATH=/home/kazuya/warehouse_drone/simulation/ws_warehouse_drone/build/drone_control/prefix_override:/home/kazuya/warehouse_drone/simulation/ws_warehouse_drone/install/drone_control/lib/python3.10/site-packages:${PYTHONPATH} /usr/bin/python3 setup.py egg_info --egg-base ../../build/drone_control build --build-base /home/kazuya/warehouse_drone/simulation/ws_warehouse_drone/build/drone_control/build install --record /home/kazuya/warehouse_drone/simulation/ws_warehouse_drone/build/drone_control/install.log --single-version-externally-managed
