[0.069s] Invoking command in '/home/kazuya/warehouse_drone/simulation/ws_warehouse_drone/build/px4_ros_com': AMENT_PREFIX_PATH=/home/kazuya/warehouse_drone/simulation/ws_warehouse_drone/install/px4_msgs:${AMENT_PREFIX_PATH} CMAKE_PREFIX_PATH=/home/kazuya/warehouse_drone/simulation/ws_warehouse_drone/install/px4_msgs:/home/kazuya/ws_sensor_combined/install/px4_ros_com:/home/kazuya/ws_sensor_combined/install/px4_msgs:/opt/ros/humble LD_LIBRARY_PATH=/home/kazuya/warehouse_drone/simulation/ws_warehouse_drone/install/px4_msgs/lib:${LD_LIBRARY_PATH} PYTHONPATH=/home/kazuya/warehouse_drone/simulation/ws_warehouse_drone/install/px4_msgs/local/lib/python3.10/dist-packages:${PYTHONPATH} /usr/bin/cmake /home/kazuya/warehouse_drone/simulation/ws_warehouse_drone/src/px4_ros_com -DCMAKE_INSTALL_PREFIX=/home/kazuya/warehouse_drone/simulation/ws_warehouse_drone/install/px4_ros_com
[0.133s] -- The C compiler identification is GNU 11.4.0
[0.204s] -- The CXX compiler identification is GNU 11.4.0
[0.215s] -- Detecting C compiler ABI info
[0.312s] -- Detecting C compiler ABI info - done
[0.326s] -- Check for working C compiler: /usr/bin/cc - skipped
[0.326s] -- Detecting C compile features
[0.326s] -- Detecting C compile features - done
[0.331s] -- Detecting CXX compiler ABI info
[0.443s] -- Detecting CXX compiler ABI info - done
[0.452s] -- Check for working CXX compiler: /usr/bin/c++ - skipped
[0.453s] -- Detecting CXX compile features
[0.453s] -- Detecting CXX compile features - done
[0.456s] -- Found ament_cmake: 1.3.5 (/opt/ros/humble/share/ament_cmake/cmake)
[0.900s] -- Found Python3: /usr/bin/python3.10 (found version "3.10.12") found components: Interpreter 
[1.029s] -- Found builtin_interfaces: 1.2.1 (/opt/ros/humble/share/builtin_interfaces/cmake)
[1.079s] -- Found rosidl_generator_c: 3.1.5 (/opt/ros/humble/share/rosidl_generator_c/cmake)
[1.086s] -- Found rosidl_adapter: 3.1.5 (/opt/ros/humble/share/rosidl_adapter/cmake)
[1.099s] -- Found rosidl_generator_cpp: 3.1.5 (/opt/ros/humble/share/rosidl_generator_cpp/cmake)
[1.120s] -- Using all available rosidl_typesupport_c: rosidl_typesupport_fastrtps_c;rosidl_typesupport_introspection_c
[1.150s] -- Using all available rosidl_typesupport_cpp: rosidl_typesupport_fastrtps_cpp;rosidl_typesupport_introspection_cpp
[1.176s] -- Found eigen3_cmake_module: 0.1.1 (/opt/ros/humble/share/eigen3_cmake_module/cmake)
[1.186s] -- Found Eigen3: TRUE (found version "3.4.0") 
[1.189s] -- Found geometry_msgs: 4.2.3 (/opt/ros/humble/share/geometry_msgs/cmake)
[1.338s] -- Found px4_msgs: 2.0.1 (/home/kazuya/warehouse_drone/simulation/ws_warehouse_drone/install/px4_msgs/share/px4_msgs/cmake)
[1.388s] -- Found rclcpp: 16.0.6 (/opt/ros/humble/share/rclcpp/cmake)
[1.480s] -- Found rmw_implementation_cmake: 6.1.1 (/opt/ros/humble/share/rmw_implementation_cmake/cmake)
[1.484s] -- Found rmw_fastrtps_cpp: 6.2.4 (/opt/ros/humble/share/rmw_fastrtps_cpp/cmake)
[1.600s] -- Found OpenSSL: /usr/lib/x86_64-linux-gnu/libcrypto.so (found version "3.0.2")  
[1.634s] -- Found FastRTPS: /opt/ros/humble/include  
[1.690s] -- Using RMW implementation 'rmw_fastrtps_cpp' as default
[1.706s] -- Looking for pthread.h
[1.791s] -- Looking for pthread.h - found
[1.791s] -- Performing Test CMAKE_HAVE_LIBC_PTHREAD
[1.874s] -- Performing Test CMAKE_HAVE_LIBC_PTHREAD - Success
[1.875s] -- Found Threads: TRUE  
[1.999s] -- Found sensor_msgs: 4.2.3 (/opt/ros/humble/share/sensor_msgs/cmake)
[2.090s] -- Found ament_lint_auto: 0.12.8 (/opt/ros/humble/share/ament_lint_auto/cmake)
[2.178s] -- Added test 'copyright' to check source files copyright and LICENSE
[2.182s] -- Added test 'cppcheck' to perform static code analysis on C / C++ code
[2.182s] -- Configured cppcheck include dirs: /home/kazuya/warehouse_drone/simulation/ws_warehouse_drone/src/px4_ros_com/include;$<BUILD_INTERFACE:/home/kazuya/warehouse_drone/simulation/ws_warehouse_drone/src/px4_ros_com/include/px4_ros_com>
[2.182s] -- Configured cppcheck exclude dirs and/or files: 
[2.186s] -- Added test 'cpplint' to check C / C++ code against the Google style
[2.187s] -- Configured cpplint exclude dirs and/or files: 
[2.187s] -- Added test 'flake8' to check Python code syntax and style conventions
[2.189s] -- Added test 'lint_cmake' to check CMake code style
[2.190s] -- Added test 'pep257' to check Python code against some of the docstring style conventions in PEP 257
[2.193s] -- Added test 'uncrustify' to check C / C++ code style
[2.193s] -- Configured uncrustify additional arguments: 
[2.194s] -- Added test 'xmllint' to check XML markup files
[2.196s] -- Configuring done
[2.219s] -- Generating done
[2.221s] -- Build files have been written to: /home/kazuya/warehouse_drone/simulation/ws_warehouse_drone/build/px4_ros_com
[2.232s] Invoked command in '/home/kazuya/warehouse_drone/simulation/ws_warehouse_drone/build/px4_ros_com' returned '0': AMENT_PREFIX_PATH=/home/kazuya/warehouse_drone/simulation/ws_warehouse_drone/install/px4_msgs:${AMENT_PREFIX_PATH} CMAKE_PREFIX_PATH=/home/kazuya/warehouse_drone/simulation/ws_warehouse_drone/install/px4_msgs:/home/kazuya/ws_sensor_combined/install/px4_ros_com:/home/kazuya/ws_sensor_combined/install/px4_msgs:/opt/ros/humble LD_LIBRARY_PATH=/home/kazuya/warehouse_drone/simulation/ws_warehouse_drone/install/px4_msgs/lib:${LD_LIBRARY_PATH} PYTHONPATH=/home/kazuya/warehouse_drone/simulation/ws_warehouse_drone/install/px4_msgs/local/lib/python3.10/dist-packages:${PYTHONPATH} /usr/bin/cmake /home/kazuya/warehouse_drone/simulation/ws_warehouse_drone/src/px4_ros_com -DCMAKE_INSTALL_PREFIX=/home/kazuya/warehouse_drone/simulation/ws_warehouse_drone/install/px4_ros_com
[2.234s] Invoking command in '/home/kazuya/warehouse_drone/simulation/ws_warehouse_drone/build/px4_ros_com': AMENT_PREFIX_PATH=/home/kazuya/warehouse_drone/simulation/ws_warehouse_drone/install/px4_msgs:${AMENT_PREFIX_PATH} CMAKE_PREFIX_PATH=/home/kazuya/warehouse_drone/simulation/ws_warehouse_drone/install/px4_msgs:/home/kazuya/ws_sensor_combined/install/px4_ros_com:/home/kazuya/ws_sensor_combined/install/px4_msgs:/opt/ros/humble LD_LIBRARY_PATH=/home/kazuya/warehouse_drone/simulation/ws_warehouse_drone/install/px4_msgs/lib:${LD_LIBRARY_PATH} PYTHONPATH=/home/kazuya/warehouse_drone/simulation/ws_warehouse_drone/install/px4_msgs/local/lib/python3.10/dist-packages:${PYTHONPATH} /usr/bin/cmake --build /home/kazuya/warehouse_drone/simulation/ws_warehouse_drone/build/px4_ros_com -- -j8 -l8
[2.298s] [ 20%] [32mBuilding CXX object CMakeFiles/vehicle_gps_position_listener.dir/src/examples/listeners/vehicle_gps_position_listener.cpp.o[0m
[2.298s] [ 20%] [32mBuilding CXX object CMakeFiles/offboard_control.dir/src/examples/offboard/offboard_control.cpp.o[0m
[2.299s] [ 30%] [32mBuilding CXX object CMakeFiles/debug_vect_advertiser.dir/src/examples/advertisers/debug_vect_advertiser.cpp.o[0m
[2.303s] [ 40%] [32mBuilding CXX object CMakeFiles/sensor_combined_listener.dir/src/examples/listeners/sensor_combined_listener.cpp.o[0m
[2.305s] [ 50%] [32mBuilding CXX object CMakeFiles/frame_transforms.dir/src/lib/frame_transforms.cpp.o[0m
[9.693s] [ 60%] [32m[1mLinking CXX executable offboard_control[0m
[10.124s] [ 60%] Built target offboard_control
[11.417s] [ 70%] [32m[1mLinking CXX executable debug_vect_advertiser[0m
[11.691s] [ 70%] Built target debug_vect_advertiser
[12.552s] [ 80%] [32m[1mLinking CXX shared library libframe_transforms.so[0m
[12.910s] [ 80%] Built target frame_transforms
[14.747s] [ 90%] [32m[1mLinking CXX executable sensor_combined_listener[0m
[15.280s] [ 90%] Built target sensor_combined_listener
[17.192s] [100%] [32m[1mLinking CXX executable vehicle_gps_position_listener[0m
[18.211s] [100%] Built target vehicle_gps_position_listener
[18.252s] Invoked command in '/home/kazuya/warehouse_drone/simulation/ws_warehouse_drone/build/px4_ros_com' returned '0': AMENT_PREFIX_PATH=/home/kazuya/warehouse_drone/simulation/ws_warehouse_drone/install/px4_msgs:${AMENT_PREFIX_PATH} CMAKE_PREFIX_PATH=/home/kazuya/warehouse_drone/simulation/ws_warehouse_drone/install/px4_msgs:/home/kazuya/ws_sensor_combined/install/px4_ros_com:/home/kazuya/ws_sensor_combined/install/px4_msgs:/opt/ros/humble LD_LIBRARY_PATH=/home/kazuya/warehouse_drone/simulation/ws_warehouse_drone/install/px4_msgs/lib:${LD_LIBRARY_PATH} PYTHONPATH=/home/kazuya/warehouse_drone/simulation/ws_warehouse_drone/install/px4_msgs/local/lib/python3.10/dist-packages:${PYTHONPATH} /usr/bin/cmake --build /home/kazuya/warehouse_drone/simulation/ws_warehouse_drone/build/px4_ros_com -- -j8 -l8
[18.403s] Invoking command in '/home/kazuya/warehouse_drone/simulation/ws_warehouse_drone/build/px4_ros_com': AMENT_PREFIX_PATH=/home/kazuya/warehouse_drone/simulation/ws_warehouse_drone/install/px4_msgs:${AMENT_PREFIX_PATH} CMAKE_PREFIX_PATH=/home/kazuya/warehouse_drone/simulation/ws_warehouse_drone/install/px4_msgs:/home/kazuya/ws_sensor_combined/install/px4_ros_com:/home/kazuya/ws_sensor_combined/install/px4_msgs:/opt/ros/humble LD_LIBRARY_PATH=/home/kazuya/warehouse_drone/simulation/ws_warehouse_drone/install/px4_msgs/lib:${LD_LIBRARY_PATH} PYTHONPATH=/home/kazuya/warehouse_drone/simulation/ws_warehouse_drone/install/px4_msgs/local/lib/python3.10/dist-packages:${PYTHONPATH} /usr/bin/cmake --install /home/kazuya/warehouse_drone/simulation/ws_warehouse_drone/build/px4_ros_com
[18.434s] -- Install configuration: ""
[18.435s] -- Installing: /home/kazuya/warehouse_drone/simulation/ws_warehouse_drone/install/px4_ros_com/lib/px4_ros_com/sensor_combined_listener
[18.444s] -- Set runtime path of "/home/kazuya/warehouse_drone/simulation/ws_warehouse_drone/install/px4_ros_com/lib/px4_ros_com/sensor_combined_listener" to ""
[18.445s] -- Installing: /home/kazuya/warehouse_drone/simulation/ws_warehouse_drone/install/px4_ros_com/lib/px4_ros_com/vehicle_gps_position_listener
[18.451s] -- Set runtime path of "/home/kazuya/warehouse_drone/simulation/ws_warehouse_drone/install/px4_ros_com/lib/px4_ros_com/vehicle_gps_position_listener" to ""
[18.451s] -- Installing: /home/kazuya/warehouse_drone/simulation/ws_warehouse_drone/install/px4_ros_com/lib/px4_ros_com/debug_vect_advertiser
[18.453s] -- Set runtime path of "/home/kazuya/warehouse_drone/simulation/ws_warehouse_drone/install/px4_ros_com/lib/px4_ros_com/debug_vect_advertiser" to ""
[18.453s] -- Installing: /home/kazuya/warehouse_drone/simulation/ws_warehouse_drone/install/px4_ros_com/lib/px4_ros_com/offboard_control
[18.457s] -- Set runtime path of "/home/kazuya/warehouse_drone/simulation/ws_warehouse_drone/install/px4_ros_com/lib/px4_ros_com/offboard_control" to ""
[18.457s] -- Installing: /home/kazuya/warehouse_drone/simulation/ws_warehouse_drone/install/px4_ros_com/share/px4_ros_com/environment/library_path.sh
[18.457s] -- Installing: /home/kazuya/warehouse_drone/simulation/ws_warehouse_drone/install/px4_ros_com/share/px4_ros_com/environment/library_path.dsv
[18.458s] -- Installing: /home/kazuya/warehouse_drone/simulation/ws_warehouse_drone/install/px4_ros_com/include/px4_ros_com
[18.458s] -- Installing: /home/kazuya/warehouse_drone/simulation/ws_warehouse_drone/install/px4_ros_com/include/px4_ros_com/frame_transforms.h
[18.459s] -- Installing: /home/kazuya/warehouse_drone/simulation/ws_warehouse_drone/install/px4_ros_com/lib/libframe_transforms.so
[18.466s] -- Set runtime path of "/home/kazuya/warehouse_drone/simulation/ws_warehouse_drone/install/px4_ros_com/lib/libframe_transforms.so" to ""
[18.467s] -- Installing: /home/kazuya/warehouse_drone/simulation/ws_warehouse_drone/install/px4_ros_com/share/px4_ros_com//launch
[18.467s] -- Installing: /home/kazuya/warehouse_drone/simulation/ws_warehouse_drone/install/px4_ros_com/share/px4_ros_com//launch/sensor_combined_listener.launch.py
[18.467s] -- Installing: /home/kazuya/warehouse_drone/simulation/ws_warehouse_drone/install/px4_ros_com/share/px4_ros_com//launch/offboard_control_launch.yaml
[18.467s] -- Installing: /home/kazuya/warehouse_drone/simulation/ws_warehouse_drone/install/px4_ros_com/share/px4_ros_com//test
[18.468s] -- Installing: /home/kazuya/warehouse_drone/simulation/ws_warehouse_drone/install/px4_ros_com/share/px4_ros_com//test/test_input.py
[18.468s] -- Installing: /home/kazuya/warehouse_drone/simulation/ws_warehouse_drone/install/px4_ros_com/share/px4_ros_com//test/__init__.py
[18.468s] -- Installing: /home/kazuya/warehouse_drone/simulation/ws_warehouse_drone/install/px4_ros_com/share/px4_ros_com//test/pipeline_io_test.py
[18.468s] -- Installing: /home/kazuya/warehouse_drone/simulation/ws_warehouse_drone/install/px4_ros_com/share/px4_ros_com//test/test_output.py
[18.469s] -- Installing: /home/kazuya/warehouse_drone/simulation/ws_warehouse_drone/install/px4_ros_com/share/ament_index/resource_index/package_run_dependencies/px4_ros_com
[18.469s] -- Installing: /home/kazuya/warehouse_drone/simulation/ws_warehouse_drone/install/px4_ros_com/share/ament_index/resource_index/parent_prefix_path/px4_ros_com
[18.469s] -- Installing: /home/kazuya/warehouse_drone/simulation/ws_warehouse_drone/install/px4_ros_com/share/px4_ros_com/environment/ament_prefix_path.sh
[18.470s] -- Installing: /home/kazuya/warehouse_drone/simulation/ws_warehouse_drone/install/px4_ros_com/share/px4_ros_com/environment/ament_prefix_path.dsv
[18.470s] -- Installing: /home/kazuya/warehouse_drone/simulation/ws_warehouse_drone/install/px4_ros_com/share/px4_ros_com/environment/path.sh
[18.470s] -- Installing: /home/kazuya/warehouse_drone/simulation/ws_warehouse_drone/install/px4_ros_com/share/px4_ros_com/environment/path.dsv
[18.471s] -- Installing: /home/kazuya/warehouse_drone/simulation/ws_warehouse_drone/install/px4_ros_com/share/px4_ros_com/local_setup.bash
[18.471s] -- Installing: /home/kazuya/warehouse_drone/simulation/ws_warehouse_drone/install/px4_ros_com/share/px4_ros_com/local_setup.sh
[18.472s] -- Installing: /home/kazuya/warehouse_drone/simulation/ws_warehouse_drone/install/px4_ros_com/share/px4_ros_com/local_setup.zsh
[18.472s] -- Installing: /home/kazuya/warehouse_drone/simulation/ws_warehouse_drone/install/px4_ros_com/share/px4_ros_com/local_setup.dsv
[18.472s] -- Installing: /home/kazuya/warehouse_drone/simulation/ws_warehouse_drone/install/px4_ros_com/share/px4_ros_com/package.dsv
[18.473s] -- Installing: /home/kazuya/warehouse_drone/simulation/ws_warehouse_drone/install/px4_ros_com/share/ament_index/resource_index/packages/px4_ros_com
[18.473s] -- Installing: /home/kazuya/warehouse_drone/simulation/ws_warehouse_drone/install/px4_ros_com/share/px4_ros_com/cmake/export_frame_transformsExport.cmake
[18.473s] -- Installing: /home/kazuya/warehouse_drone/simulation/ws_warehouse_drone/install/px4_ros_com/share/px4_ros_com/cmake/export_frame_transformsExport-noconfig.cmake
[18.473s] -- Installing: /home/kazuya/warehouse_drone/simulation/ws_warehouse_drone/install/px4_ros_com/share/px4_ros_com/cmake/ament_cmake_export_dependencies-extras.cmake
[18.474s] -- Installing: /home/kazuya/warehouse_drone/simulation/ws_warehouse_drone/install/px4_ros_com/share/px4_ros_com/cmake/ament_cmake_export_targets-extras.cmake
[18.474s] -- Installing: /home/kazuya/warehouse_drone/simulation/ws_warehouse_drone/install/px4_ros_com/share/px4_ros_com/cmake/ament_cmake_export_include_directories-extras.cmake
[18.474s] -- Installing: /home/kazuya/warehouse_drone/simulation/ws_warehouse_drone/install/px4_ros_com/share/px4_ros_com/cmake/ament_cmake_export_libraries-extras.cmake
[18.475s] -- Installing: /home/kazuya/warehouse_drone/simulation/ws_warehouse_drone/install/px4_ros_com/share/px4_ros_com/cmake/px4_ros_comConfig.cmake
[18.475s] -- Installing: /home/kazuya/warehouse_drone/simulation/ws_warehouse_drone/install/px4_ros_com/share/px4_ros_com/cmake/px4_ros_comConfig-version.cmake
[18.475s] -- Installing: /home/kazuya/warehouse_drone/simulation/ws_warehouse_drone/install/px4_ros_com/share/px4_ros_com/package.xml
[18.479s] Invoked command in '/home/kazuya/warehouse_drone/simulation/ws_warehouse_drone/build/px4_ros_com' returned '0': AMENT_PREFIX_PATH=/home/kazuya/warehouse_drone/simulation/ws_warehouse_drone/install/px4_msgs:${AMENT_PREFIX_PATH} CMAKE_PREFIX_PATH=/home/kazuya/warehouse_drone/simulation/ws_warehouse_drone/install/px4_msgs:/home/kazuya/ws_sensor_combined/install/px4_ros_com:/home/kazuya/ws_sensor_combined/install/px4_msgs:/opt/ros/humble LD_LIBRARY_PATH=/home/kazuya/warehouse_drone/simulation/ws_warehouse_drone/install/px4_msgs/lib:${LD_LIBRARY_PATH} PYTHONPATH=/home/kazuya/warehouse_drone/simulation/ws_warehouse_drone/install/px4_msgs/local/lib/python3.10/dist-packages:${PYTHONPATH} /usr/bin/cmake --install /home/kazuya/warehouse_drone/simulation/ws_warehouse_drone/build/px4_ros_com
