[2.032s] DEBUG:colcon:Command line arguments: ['/usr/bin/colcon', 'build']
[2.033s] DEBUG:colcon:Parsed command line arguments: Namespace(log_base=None, log_level=None, verb_name='build', build_base='build', install_base='install', merge_install=False, symlink_install=False, test_result_base=None, continue_on_error=False, executor='parallel', parallel_workers=8, event_handlers=None, ignore_user_meta=False, metas=['./colcon.meta'], base_paths=['.'], packages_ignore=None, packages_ignore_regex=None, paths=None, packages_up_to=None, packages_up_to_regex=None, packages_above=None, packages_above_and_dependencies=None, packages_above_depth=None, packages_select_by_dep=None, packages_skip_by_dep=None, packages_skip_up_to=None, packages_select_build_failed=False, packages_skip_build_finished=False, packages_select_test_failures=False, packages_skip_test_passed=False, packages_select=None, packages_skip=None, packages_select_regex=None, packages_skip_regex=None, packages_start=None, packages_end=None, allow_overriding=[], cmake_args=None, cmake_target=None, cmake_target_skip_unavailable=False, cmake_clean_cache=False, cmake_clean_first=False, cmake_force_configure=False, ament_cmake_args=None, catkin_cmake_args=None, catkin_skip_building_tests=False, verb_parser=<colcon_defaults.argument_parser.defaults.DefaultArgumentsDecorator object at 0x7f3122c58130>, verb_extension=<colcon_core.verb.build.BuildVerb object at 0x7f3122c0b850>, main=<bound method BuildVerb.main of <colcon_core.verb.build.BuildVerb object at 0x7f3122c0b850>>)
[2.155s] Level 1:colcon.colcon_core.package_discovery:discover_packages(colcon_meta) check parameters
[2.155s] Level 1:colcon.colcon_core.package_discovery:discover_packages(recursive) check parameters
[2.155s] Level 1:colcon.colcon_core.package_discovery:discover_packages(ignore) check parameters
[2.155s] Level 1:colcon.colcon_core.package_discovery:discover_packages(path) check parameters
[2.155s] Level 1:colcon.colcon_core.package_discovery:discover_packages(colcon_meta) discover
[2.155s] Level 1:colcon.colcon_core.package_discovery:discover_packages(recursive) discover
[2.155s] INFO:colcon.colcon_core.package_discovery:Crawling recursively for packages in '/home/kazuya/warehouse_drone/simulation/ws_warehouse_drone'
[2.156s] Level 1:colcon.colcon_core.package_identification:_identify(.) by extensions ['ignore', 'ignore_ament_install']
[2.156s] Level 1:colcon.colcon_core.package_identification:_identify(.) by extension 'ignore'
[2.156s] Level 1:colcon.colcon_core.package_identification:_identify(.) by extension 'ignore_ament_install'
[2.156s] Level 1:colcon.colcon_core.package_identification:_identify(.) by extensions ['colcon_pkg']
[2.156s] Level 1:colcon.colcon_core.package_identification:_identify(.) by extension 'colcon_pkg'
[2.156s] Level 1:colcon.colcon_core.package_identification:_identify(.) by extensions ['colcon_meta']
[2.156s] Level 1:colcon.colcon_core.package_identification:_identify(.) by extension 'colcon_meta'
[2.156s] Level 1:colcon.colcon_core.package_identification:_identify(.) by extensions ['ros']
[2.156s] Level 1:colcon.colcon_core.package_identification:_identify(.) by extension 'ros'
[2.188s] Level 1:colcon.colcon_core.package_identification:_identify(.) by extensions ['cmake', 'python']
[2.188s] Level 1:colcon.colcon_core.package_identification:_identify(.) by extension 'cmake'
[2.188s] Level 1:colcon.colcon_core.package_identification:_identify(.) by extension 'python'
[2.188s] Level 1:colcon.colcon_core.package_identification:_identify(.) by extensions ['python_setup_py']
[2.188s] Level 1:colcon.colcon_core.package_identification:_identify(.) by extension 'python_setup_py'
[2.188s] Level 1:colcon.colcon_core.package_identification:_identify(build) by extensions ['ignore', 'ignore_ament_install']
[2.188s] Level 1:colcon.colcon_core.package_identification:_identify(build) by extension 'ignore'
[2.188s] Level 1:colcon.colcon_core.package_identification:_identify(build) ignored
[2.189s] Level 1:colcon.colcon_core.package_identification:_identify(install) by extensions ['ignore', 'ignore_ament_install']
[2.189s] Level 1:colcon.colcon_core.package_identification:_identify(install) by extension 'ignore'
[2.189s] Level 1:colcon.colcon_core.package_identification:_identify(install) ignored
[2.189s] Level 1:colcon.colcon_core.package_identification:_identify(log) by extensions ['ignore', 'ignore_ament_install']
[2.189s] Level 1:colcon.colcon_core.package_identification:_identify(log) by extension 'ignore'
[2.189s] Level 1:colcon.colcon_core.package_identification:_identify(log) ignored
[2.190s] Level 1:colcon.colcon_core.package_identification:_identify(src) by extensions ['ignore', 'ignore_ament_install']
[2.190s] Level 1:colcon.colcon_core.package_identification:_identify(src) by extension 'ignore'
[2.190s] Level 1:colcon.colcon_core.package_identification:_identify(src) by extension 'ignore_ament_install'
[2.190s] Level 1:colcon.colcon_core.package_identification:_identify(src) by extensions ['colcon_pkg']
[2.190s] Level 1:colcon.colcon_core.package_identification:_identify(src) by extension 'colcon_pkg'
[2.190s] Level 1:colcon.colcon_core.package_identification:_identify(src) by extensions ['colcon_meta']
[2.190s] Level 1:colcon.colcon_core.package_identification:_identify(src) by extension 'colcon_meta'
[2.190s] Level 1:colcon.colcon_core.package_identification:_identify(src) by extensions ['ros']
[2.190s] Level 1:colcon.colcon_core.package_identification:_identify(src) by extension 'ros'
[2.191s] Level 1:colcon.colcon_core.package_identification:_identify(src) by extensions ['cmake', 'python']
[2.191s] Level 1:colcon.colcon_core.package_identification:_identify(src) by extension 'cmake'
[2.191s] Level 1:colcon.colcon_core.package_identification:_identify(src) by extension 'python'
[2.191s] Level 1:colcon.colcon_core.package_identification:_identify(src) by extensions ['python_setup_py']
[2.191s] Level 1:colcon.colcon_core.package_identification:_identify(src) by extension 'python_setup_py'
[2.191s] Level 1:colcon.colcon_core.package_identification:_identify(src/drone_control) by extensions ['ignore', 'ignore_ament_install']
[2.191s] Level 1:colcon.colcon_core.package_identification:_identify(src/drone_control) by extension 'ignore'
[2.191s] Level 1:colcon.colcon_core.package_identification:_identify(src/drone_control) by extension 'ignore_ament_install'
[2.191s] Level 1:colcon.colcon_core.package_identification:_identify(src/drone_control) by extensions ['colcon_pkg']
[2.192s] Level 1:colcon.colcon_core.package_identification:_identify(src/drone_control) by extension 'colcon_pkg'
[2.192s] Level 1:colcon.colcon_core.package_identification:_identify(src/drone_control) by extensions ['colcon_meta']
[2.192s] Level 1:colcon.colcon_core.package_identification:_identify(src/drone_control) by extension 'colcon_meta'
[2.192s] Level 1:colcon.colcon_core.package_identification:_identify(src/drone_control) by extensions ['ros']
[2.192s] Level 1:colcon.colcon_core.package_identification:_identify(src/drone_control) by extension 'ros'
[2.197s] DEBUG:colcon.colcon_core.package_identification:Package 'src/drone_control' with type 'ros.ament_python' and name 'drone_control'
[2.197s] Level 1:colcon.colcon_core.package_identification:_identify(src/px4_msgs) by extensions ['ignore', 'ignore_ament_install']
[2.197s] Level 1:colcon.colcon_core.package_identification:_identify(src/px4_msgs) by extension 'ignore'
[2.198s] Level 1:colcon.colcon_core.package_identification:_identify(src/px4_msgs) by extension 'ignore_ament_install'
[2.198s] Level 1:colcon.colcon_core.package_identification:_identify(src/px4_msgs) by extensions ['colcon_pkg']
[2.198s] Level 1:colcon.colcon_core.package_identification:_identify(src/px4_msgs) by extension 'colcon_pkg'
[2.198s] Level 1:colcon.colcon_core.package_identification:_identify(src/px4_msgs) by extensions ['colcon_meta']
[2.198s] Level 1:colcon.colcon_core.package_identification:_identify(src/px4_msgs) by extension 'colcon_meta'
[2.198s] Level 1:colcon.colcon_core.package_identification:_identify(src/px4_msgs) by extensions ['ros']
[2.198s] Level 1:colcon.colcon_core.package_identification:_identify(src/px4_msgs) by extension 'ros'
[2.200s] DEBUG:colcon.colcon_core.package_identification:Package 'src/px4_msgs' with type 'ros.ament_cmake' and name 'px4_msgs'
[2.200s] Level 1:colcon.colcon_core.package_identification:_identify(src/px4_ros_com) by extensions ['ignore', 'ignore_ament_install']
[2.200s] Level 1:colcon.colcon_core.package_identification:_identify(src/px4_ros_com) by extension 'ignore'
[2.200s] Level 1:colcon.colcon_core.package_identification:_identify(src/px4_ros_com) by extension 'ignore_ament_install'
[2.200s] Level 1:colcon.colcon_core.package_identification:_identify(src/px4_ros_com) by extensions ['colcon_pkg']
[2.200s] Level 1:colcon.colcon_core.package_identification:_identify(src/px4_ros_com) by extension 'colcon_pkg'
[2.201s] Level 1:colcon.colcon_core.package_identification:_identify(src/px4_ros_com) by extensions ['colcon_meta']
[2.201s] Level 1:colcon.colcon_core.package_identification:_identify(src/px4_ros_com) by extension 'colcon_meta'
[2.201s] Level 1:colcon.colcon_core.package_identification:_identify(src/px4_ros_com) by extensions ['ros']
[2.201s] Level 1:colcon.colcon_core.package_identification:_identify(src/px4_ros_com) by extension 'ros'
[2.203s] DEBUG:colcon.colcon_core.package_identification:Package 'src/px4_ros_com' with type 'ros.ament_cmake' and name 'px4_ros_com'
[2.203s] Level 1:colcon.colcon_core.package_discovery:discover_packages(recursive) using defaults
[2.203s] Level 1:colcon.colcon_core.package_discovery:discover_packages(ignore) discover
[2.203s] Level 1:colcon.colcon_core.package_discovery:discover_packages(ignore) using defaults
[2.204s] Level 1:colcon.colcon_core.package_discovery:discover_packages(path) discover
[2.204s] Level 1:colcon.colcon_core.package_discovery:discover_packages(path) using defaults
[2.390s] Level 1:colcon.colcon_core.package_discovery:discover_packages(prefix_path) check parameters
[2.390s] Level 1:colcon.colcon_core.package_discovery:discover_packages(prefix_path) discover
[2.459s] DEBUG:colcon.colcon_installed_package_information.package_discovery:Found 3 installed packages in /home/kazuya/warehouse_drone/simulation/ws_warehouse_drone/install
[2.501s] DEBUG:colcon.colcon_installed_package_information.package_discovery:Found 270 installed packages in /opt/ros/humble
[2.504s] Level 1:colcon.colcon_core.package_discovery:discover_packages(prefix_path) using defaults
[2.666s] Level 5:colcon.colcon_core.verb:set package 'drone_control' build argument 'cmake_args' from command line to 'None'
[2.666s] Level 5:colcon.colcon_core.verb:set package 'drone_control' build argument 'cmake_target' from command line to 'None'
[2.666s] Level 5:colcon.colcon_core.verb:set package 'drone_control' build argument 'cmake_target_skip_unavailable' from command line to 'False'
[2.666s] Level 5:colcon.colcon_core.verb:set package 'drone_control' build argument 'cmake_clean_cache' from command line to 'False'
[2.667s] Level 5:colcon.colcon_core.verb:set package 'drone_control' build argument 'cmake_clean_first' from command line to 'False'
[2.667s] Level 5:colcon.colcon_core.verb:set package 'drone_control' build argument 'cmake_force_configure' from command line to 'False'
[2.667s] Level 5:colcon.colcon_core.verb:set package 'drone_control' build argument 'ament_cmake_args' from command line to 'None'
[2.667s] Level 5:colcon.colcon_core.verb:set package 'drone_control' build argument 'catkin_cmake_args' from command line to 'None'
[2.667s] Level 5:colcon.colcon_core.verb:set package 'drone_control' build argument 'catkin_skip_building_tests' from command line to 'False'
[2.667s] DEBUG:colcon.colcon_core.verb:Building package 'drone_control' with the following arguments: {'ament_cmake_args': None, 'build_base': '/home/kazuya/warehouse_drone/simulation/ws_warehouse_drone/build/drone_control', 'catkin_cmake_args': None, 'catkin_skip_building_tests': False, 'cmake_args': None, 'cmake_clean_cache': False, 'cmake_clean_first': False, 'cmake_force_configure': False, 'cmake_target': None, 'cmake_target_skip_unavailable': False, 'install_base': '/home/kazuya/warehouse_drone/simulation/ws_warehouse_drone/install/drone_control', 'merge_install': False, 'path': '/home/kazuya/warehouse_drone/simulation/ws_warehouse_drone/src/drone_control', 'symlink_install': False, 'test_result_base': None}
[2.712s] Level 5:colcon.colcon_core.verb:set package 'px4_msgs' build argument 'cmake_args' from command line to 'None'
[2.712s] Level 5:colcon.colcon_core.verb:set package 'px4_msgs' build argument 'cmake_target' from command line to 'None'
[2.712s] Level 5:colcon.colcon_core.verb:set package 'px4_msgs' build argument 'cmake_target_skip_unavailable' from command line to 'False'
[2.712s] Level 5:colcon.colcon_core.verb:set package 'px4_msgs' build argument 'cmake_clean_cache' from command line to 'False'
[2.712s] Level 5:colcon.colcon_core.verb:set package 'px4_msgs' build argument 'cmake_clean_first' from command line to 'False'
[2.712s] Level 5:colcon.colcon_core.verb:set package 'px4_msgs' build argument 'cmake_force_configure' from command line to 'False'
[2.712s] Level 5:colcon.colcon_core.verb:set package 'px4_msgs' build argument 'ament_cmake_args' from command line to 'None'
[2.712s] Level 5:colcon.colcon_core.verb:set package 'px4_msgs' build argument 'catkin_cmake_args' from command line to 'None'
[2.712s] Level 5:colcon.colcon_core.verb:set package 'px4_msgs' build argument 'catkin_skip_building_tests' from command line to 'False'
[2.712s] DEBUG:colcon.colcon_core.verb:Building package 'px4_msgs' with the following arguments: {'ament_cmake_args': None, 'build_base': '/home/kazuya/warehouse_drone/simulation/ws_warehouse_drone/build/px4_msgs', 'catkin_cmake_args': None, 'catkin_skip_building_tests': False, 'cmake_args': None, 'cmake_clean_cache': False, 'cmake_clean_first': False, 'cmake_force_configure': False, 'cmake_target': None, 'cmake_target_skip_unavailable': False, 'install_base': '/home/kazuya/warehouse_drone/simulation/ws_warehouse_drone/install/px4_msgs', 'merge_install': False, 'path': '/home/kazuya/warehouse_drone/simulation/ws_warehouse_drone/src/px4_msgs', 'symlink_install': False, 'test_result_base': None}
[2.756s] Level 5:colcon.colcon_core.verb:set package 'px4_ros_com' build argument 'cmake_args' from command line to 'None'
[2.756s] Level 5:colcon.colcon_core.verb:set package 'px4_ros_com' build argument 'cmake_target' from command line to 'None'
[2.757s] Level 5:colcon.colcon_core.verb:set package 'px4_ros_com' build argument 'cmake_target_skip_unavailable' from command line to 'False'
[2.757s] Level 5:colcon.colcon_core.verb:set package 'px4_ros_com' build argument 'cmake_clean_cache' from command line to 'False'
[2.757s] Level 5:colcon.colcon_core.verb:set package 'px4_ros_com' build argument 'cmake_clean_first' from command line to 'False'
[2.757s] Level 5:colcon.colcon_core.verb:set package 'px4_ros_com' build argument 'cmake_force_configure' from command line to 'False'
[2.757s] Level 5:colcon.colcon_core.verb:set package 'px4_ros_com' build argument 'ament_cmake_args' from command line to 'None'
[2.757s] Level 5:colcon.colcon_core.verb:set package 'px4_ros_com' build argument 'catkin_cmake_args' from command line to 'None'
[2.757s] Level 5:colcon.colcon_core.verb:set package 'px4_ros_com' build argument 'catkin_skip_building_tests' from command line to 'False'
[2.757s] DEBUG:colcon.colcon_core.verb:Building package 'px4_ros_com' with the following arguments: {'ament_cmake_args': None, 'build_base': '/home/kazuya/warehouse_drone/simulation/ws_warehouse_drone/build/px4_ros_com', 'catkin_cmake_args': None, 'catkin_skip_building_tests': False, 'cmake_args': None, 'cmake_clean_cache': False, 'cmake_clean_first': False, 'cmake_force_configure': False, 'cmake_target': None, 'cmake_target_skip_unavailable': False, 'install_base': '/home/kazuya/warehouse_drone/simulation/ws_warehouse_drone/install/px4_ros_com', 'merge_install': False, 'path': '/home/kazuya/warehouse_drone/simulation/ws_warehouse_drone/src/px4_ros_com', 'symlink_install': False, 'test_result_base': None}
[2.800s] INFO:colcon.colcon_core.executor:Executing jobs using 'parallel' executor
[2.832s] DEBUG:colcon.colcon_parallel_executor.executor.parallel:run_until_complete
[2.833s] INFO:colcon.colcon_ros.task.ament_cmake.build:Building ROS package in '/home/kazuya/warehouse_drone/simulation/ws_warehouse_drone/src/px4_msgs' with build type 'ament_cmake'
[2.833s] INFO:colcon.colcon_cmake.task.cmake.build:Building CMake package in '/home/kazuya/warehouse_drone/simulation/ws_warehouse_drone/src/px4_msgs'
[2.906s] INFO:colcon.colcon_core.plugin_system:Skipping extension 'colcon_core.shell.bat': Not used on non-Windows systems
[2.907s] INFO:colcon.colcon_core.shell:Skip shell extension 'powershell' for command environment: Not usable outside of PowerShell
[2.907s] DEBUG:colcon.colcon_core.shell:Skip shell extension 'dsv' for command environment
[3.012s] INFO:colcon.colcon_ros.task.ament_python.build:Building ROS package in '/home/kazuya/warehouse_drone/simulation/ws_warehouse_drone/src/drone_control' with build type 'ament_python'
[3.013s] Level 1:colcon.colcon_core.shell:create_environment_hook('drone_control', 'ament_prefix_path')
[3.051s] INFO:colcon.colcon_core.shell:Creating environment hook '/home/kazuya/warehouse_drone/simulation/ws_warehouse_drone/install/drone_control/share/drone_control/hook/ament_prefix_path.ps1'
[3.053s] INFO:colcon.colcon_core.shell:Creating environment descriptor '/home/kazuya/warehouse_drone/simulation/ws_warehouse_drone/install/drone_control/share/drone_control/hook/ament_prefix_path.dsv'
[3.054s] INFO:colcon.colcon_core.shell:Creating environment hook '/home/kazuya/warehouse_drone/simulation/ws_warehouse_drone/install/drone_control/share/drone_control/hook/ament_prefix_path.sh'
[3.094s] INFO:colcon.colcon_core.shell:Skip shell extension 'powershell' for command environment: Not usable outside of PowerShell
[3.094s] DEBUG:colcon.colcon_core.shell:Skip shell extension 'dsv' for command environment
[3.207s] DEBUG:colcon.colcon_core.event_handler.log_command:Invoking command in '/home/kazuya/warehouse_drone/simulation/ws_warehouse_drone/build/px4_msgs': CMAKE_PREFIX_PATH=${CMAKE_PREFIX_PATH}:/home/kazuya/warehouse_drone/simulation/ws_warehouse_drone/install/drone_control:/opt/ros/humble /usr/bin/cmake --build /home/kazuya/warehouse_drone/simulation/ws_warehouse_drone/build/px4_msgs -- -j8 -l8
[3.709s] INFO:colcon.colcon_core.task.python.build:Building Python package in '/home/kazuya/warehouse_drone/simulation/ws_warehouse_drone/src/drone_control'
[3.772s] INFO:colcon.colcon_core.shell:Skip shell extension 'powershell' for command environment: Not usable outside of PowerShell
[3.772s] DEBUG:colcon.colcon_core.shell:Skip shell extension 'dsv' for command environment
[5.449s] DEBUG:colcon.colcon_core.event_handler.log_command:Invoked command in '/home/kazuya/warehouse_drone/simulation/ws_warehouse_drone/build/px4_msgs' returned '0': CMAKE_PREFIX_PATH=${CMAKE_PREFIX_PATH}:/home/kazuya/warehouse_drone/simulation/ws_warehouse_drone/install/drone_control:/opt/ros/humble /usr/bin/cmake --build /home/kazuya/warehouse_drone/simulation/ws_warehouse_drone/build/px4_msgs -- -j8 -l8
[5.842s] DEBUG:colcon.colcon_core.event_handler.log_command:Invoking command in '/home/kazuya/warehouse_drone/simulation/ws_warehouse_drone/src/drone_control': PYTHONPATH=/home/kazuya/warehouse_drone/simulation/ws_warehouse_drone/build/drone_control/prefix_override:/home/kazuya/warehouse_drone/simulation/ws_warehouse_drone/install/drone_control/lib/python3.10/site-packages:${PYTHONPATH} /usr/bin/python3 setup.py egg_info --egg-base ../../build/drone_control build --build-base /home/kazuya/warehouse_drone/simulation/ws_warehouse_drone/build/drone_control/build install --record /home/kazuya/warehouse_drone/simulation/ws_warehouse_drone/build/drone_control/install.log --single-version-externally-managed
[7.085s] DEBUG:colcon.colcon_core.event_handler.log_command:Invoked command in '/home/kazuya/warehouse_drone/simulation/ws_warehouse_drone/src/drone_control' returned '0': PYTHONPATH=/home/kazuya/warehouse_drone/simulation/ws_warehouse_drone/build/drone_control/prefix_override:/home/kazuya/warehouse_drone/simulation/ws_warehouse_drone/install/drone_control/lib/python3.10/site-packages:${PYTHONPATH} /usr/bin/python3 setup.py egg_info --egg-base ../../build/drone_control build --build-base /home/kazuya/warehouse_drone/simulation/ws_warehouse_drone/build/drone_control/build install --record /home/kazuya/warehouse_drone/simulation/ws_warehouse_drone/build/drone_control/install.log --single-version-externally-managed
[7.126s] Level 1:colcon.colcon_core.environment:checking '/home/kazuya/warehouse_drone/simulation/ws_warehouse_drone/install/drone_control' for CMake module files
[7.127s] Level 1:colcon.colcon_core.environment:checking '/home/kazuya/warehouse_drone/simulation/ws_warehouse_drone/install/drone_control' for CMake config files
[7.128s] Level 1:colcon.colcon_core.environment:checking '/home/kazuya/warehouse_drone/simulation/ws_warehouse_drone/install/drone_control/lib'
[7.129s] Level 1:colcon.colcon_core.environment:checking '/home/kazuya/warehouse_drone/simulation/ws_warehouse_drone/install/drone_control/bin'
[7.129s] Level 1:colcon.colcon_core.environment:checking '/home/kazuya/warehouse_drone/simulation/ws_warehouse_drone/install/drone_control/lib/pkgconfig/drone_control.pc'
[7.129s] Level 1:colcon.colcon_core.environment:checking '/home/kazuya/warehouse_drone/simulation/ws_warehouse_drone/install/drone_control/lib/python3.10/site-packages'
[7.129s] Level 1:colcon.colcon_core.shell:create_environment_hook('drone_control', 'pythonpath')
[7.162s] INFO:colcon.colcon_core.shell:Creating environment hook '/home/kazuya/warehouse_drone/simulation/ws_warehouse_drone/install/drone_control/share/drone_control/hook/pythonpath.ps1'
[7.163s] INFO:colcon.colcon_core.shell:Creating environment descriptor '/home/kazuya/warehouse_drone/simulation/ws_warehouse_drone/install/drone_control/share/drone_control/hook/pythonpath.dsv'
[7.164s] INFO:colcon.colcon_core.shell:Creating environment hook '/home/kazuya/warehouse_drone/simulation/ws_warehouse_drone/install/drone_control/share/drone_control/hook/pythonpath.sh'
[7.165s] Level 1:colcon.colcon_core.environment:checking '/home/kazuya/warehouse_drone/simulation/ws_warehouse_drone/install/drone_control/bin'
[7.165s] Level 1:colcon.colcon_core.environment:create_environment_scripts_only(drone_control)
[7.208s] INFO:colcon.colcon_core.shell:Creating package script '/home/kazuya/warehouse_drone/simulation/ws_warehouse_drone/install/drone_control/share/drone_control/package.ps1'
[7.210s] INFO:colcon.colcon_core.shell:Creating package descriptor '/home/kazuya/warehouse_drone/simulation/ws_warehouse_drone/install/drone_control/share/drone_control/package.dsv'
[7.212s] INFO:colcon.colcon_core.shell:Creating package script '/home/kazuya/warehouse_drone/simulation/ws_warehouse_drone/install/drone_control/share/drone_control/package.sh'
[7.213s] INFO:colcon.colcon_core.shell:Creating package script '/home/kazuya/warehouse_drone/simulation/ws_warehouse_drone/install/drone_control/share/drone_control/package.bash'
[7.215s] INFO:colcon.colcon_core.shell:Creating package script '/home/kazuya/warehouse_drone/simulation/ws_warehouse_drone/install/drone_control/share/drone_control/package.zsh'
[7.216s] Level 1:colcon.colcon_core.environment:create_file_with_runtime_dependencies(/home/kazuya/warehouse_drone/simulation/ws_warehouse_drone/install/drone_control/share/colcon-core/packages/drone_control)
[15.750s] DEBUG:colcon.colcon_core.event_handler.log_command:Invoking command in '/home/kazuya/warehouse_drone/simulation/ws_warehouse_drone/build/px4_msgs': CMAKE_PREFIX_PATH=${CMAKE_PREFIX_PATH}:/home/kazuya/warehouse_drone/simulation/ws_warehouse_drone/install/drone_control:/opt/ros/humble /usr/bin/cmake --install /home/kazuya/warehouse_drone/simulation/ws_warehouse_drone/build/px4_msgs
[16.840s] Level 1:colcon.colcon_core.environment:create_environment_scripts_only(px4_msgs)
[16.845s] DEBUG:colcon.colcon_core.event_handler.log_command:Invoked command in '/home/kazuya/warehouse_drone/simulation/ws_warehouse_drone/build/px4_msgs' returned '0': CMAKE_PREFIX_PATH=${CMAKE_PREFIX_PATH}:/home/kazuya/warehouse_drone/simulation/ws_warehouse_drone/install/drone_control:/opt/ros/humble /usr/bin/cmake --install /home/kazuya/warehouse_drone/simulation/ws_warehouse_drone/build/px4_msgs
[16.959s] Level 1:colcon.colcon_core.environment:checking '/home/kazuya/warehouse_drone/simulation/ws_warehouse_drone/install/px4_msgs' for CMake module files
[16.966s] Level 1:colcon.colcon_core.environment:checking '/home/kazuya/warehouse_drone/simulation/ws_warehouse_drone/install/px4_msgs' for CMake config files
[16.995s] Level 1:colcon.colcon_core.shell:create_environment_hook('px4_msgs', 'cmake_prefix_path')
[17.073s] INFO:colcon.colcon_core.shell:Creating environment hook '/home/kazuya/warehouse_drone/simulation/ws_warehouse_drone/install/px4_msgs/share/px4_msgs/hook/cmake_prefix_path.ps1'
[17.074s] INFO:colcon.colcon_core.shell:Creating environment descriptor '/home/kazuya/warehouse_drone/simulation/ws_warehouse_drone/install/px4_msgs/share/px4_msgs/hook/cmake_prefix_path.dsv'
[17.075s] INFO:colcon.colcon_core.shell:Creating environment hook '/home/kazuya/warehouse_drone/simulation/ws_warehouse_drone/install/px4_msgs/share/px4_msgs/hook/cmake_prefix_path.sh'
[17.078s] Level 1:colcon.colcon_core.environment:checking '/home/kazuya/warehouse_drone/simulation/ws_warehouse_drone/install/px4_msgs/lib'
[17.078s] Level 1:colcon.colcon_core.shell:create_environment_hook('px4_msgs', 'ld_library_path_lib')
[17.130s] INFO:colcon.colcon_core.shell:Creating environment hook '/home/kazuya/warehouse_drone/simulation/ws_warehouse_drone/install/px4_msgs/share/px4_msgs/hook/ld_library_path_lib.ps1'
[17.131s] INFO:colcon.colcon_core.shell:Creating environment descriptor '/home/kazuya/warehouse_drone/simulation/ws_warehouse_drone/install/px4_msgs/share/px4_msgs/hook/ld_library_path_lib.dsv'
[17.132s] INFO:colcon.colcon_core.shell:Creating environment hook '/home/kazuya/warehouse_drone/simulation/ws_warehouse_drone/install/px4_msgs/share/px4_msgs/hook/ld_library_path_lib.sh'
[17.134s] Level 1:colcon.colcon_core.environment:checking '/home/kazuya/warehouse_drone/simulation/ws_warehouse_drone/install/px4_msgs/bin'
[17.134s] Level 1:colcon.colcon_core.environment:checking '/home/kazuya/warehouse_drone/simulation/ws_warehouse_drone/install/px4_msgs/lib/pkgconfig/px4_msgs.pc'
[17.135s] Level 1:colcon.colcon_core.environment:checking '/home/kazuya/warehouse_drone/simulation/ws_warehouse_drone/install/px4_msgs/lib/python3.10/site-packages'
[17.136s] Level 1:colcon.colcon_core.environment:checking '/home/kazuya/warehouse_drone/simulation/ws_warehouse_drone/install/px4_msgs/bin'
[17.180s] INFO:colcon.colcon_core.shell:Creating package script '/home/kazuya/warehouse_drone/simulation/ws_warehouse_drone/install/px4_msgs/share/px4_msgs/package.ps1'
[17.183s] INFO:colcon.colcon_core.shell:Creating package descriptor '/home/kazuya/warehouse_drone/simulation/ws_warehouse_drone/install/px4_msgs/share/px4_msgs/package.dsv'
[17.184s] INFO:colcon.colcon_core.shell:Creating package script '/home/kazuya/warehouse_drone/simulation/ws_warehouse_drone/install/px4_msgs/share/px4_msgs/package.sh'
[17.185s] INFO:colcon.colcon_core.shell:Creating package script '/home/kazuya/warehouse_drone/simulation/ws_warehouse_drone/install/px4_msgs/share/px4_msgs/package.bash'
[17.186s] INFO:colcon.colcon_core.shell:Creating package script '/home/kazuya/warehouse_drone/simulation/ws_warehouse_drone/install/px4_msgs/share/px4_msgs/package.zsh'
[17.186s] Level 1:colcon.colcon_core.environment:create_file_with_runtime_dependencies(/home/kazuya/warehouse_drone/simulation/ws_warehouse_drone/install/px4_msgs/share/colcon-core/packages/px4_msgs)
[27.413s] Level 1:colcon.colcon_core.environment:create_environment_scripts_only(px4_msgs)
[27.457s] Level 1:colcon.colcon_core.environment:checking '/home/kazuya/warehouse_drone/simulation/ws_warehouse_drone/install/px4_msgs' for CMake module files
[27.458s] Level 1:colcon.colcon_core.environment:checking '/home/kazuya/warehouse_drone/simulation/ws_warehouse_drone/install/px4_msgs' for CMake config files
[27.469s] Level 1:colcon.colcon_core.shell:create_environment_hook('px4_msgs', 'cmake_prefix_path')
[27.513s] INFO:colcon.colcon_core.shell:Creating environment hook '/home/kazuya/warehouse_drone/simulation/ws_warehouse_drone/install/px4_msgs/share/px4_msgs/hook/cmake_prefix_path.ps1'
[27.514s] INFO:colcon.colcon_core.shell:Creating environment descriptor '/home/kazuya/warehouse_drone/simulation/ws_warehouse_drone/install/px4_msgs/share/px4_msgs/hook/cmake_prefix_path.dsv'
[27.514s] INFO:colcon.colcon_core.shell:Creating environment hook '/home/kazuya/warehouse_drone/simulation/ws_warehouse_drone/install/px4_msgs/share/px4_msgs/hook/cmake_prefix_path.sh'
[27.516s] Level 1:colcon.colcon_core.environment:checking '/home/kazuya/warehouse_drone/simulation/ws_warehouse_drone/install/px4_msgs/lib'
[27.516s] Level 1:colcon.colcon_core.shell:create_environment_hook('px4_msgs', 'ld_library_path_lib')
[27.561s] INFO:colcon.colcon_core.shell:Creating environment hook '/home/kazuya/warehouse_drone/simulation/ws_warehouse_drone/install/px4_msgs/share/px4_msgs/hook/ld_library_path_lib.ps1'
[27.562s] INFO:colcon.colcon_core.shell:Creating environment descriptor '/home/kazuya/warehouse_drone/simulation/ws_warehouse_drone/install/px4_msgs/share/px4_msgs/hook/ld_library_path_lib.dsv'
[27.563s] INFO:colcon.colcon_core.shell:Creating environment hook '/home/kazuya/warehouse_drone/simulation/ws_warehouse_drone/install/px4_msgs/share/px4_msgs/hook/ld_library_path_lib.sh'
[27.565s] Level 1:colcon.colcon_core.environment:checking '/home/kazuya/warehouse_drone/simulation/ws_warehouse_drone/install/px4_msgs/bin'
[27.565s] Level 1:colcon.colcon_core.environment:checking '/home/kazuya/warehouse_drone/simulation/ws_warehouse_drone/install/px4_msgs/lib/pkgconfig/px4_msgs.pc'
[27.566s] Level 1:colcon.colcon_core.environment:checking '/home/kazuya/warehouse_drone/simulation/ws_warehouse_drone/install/px4_msgs/lib/python3.10/site-packages'
[27.567s] Level 1:colcon.colcon_core.environment:checking '/home/kazuya/warehouse_drone/simulation/ws_warehouse_drone/install/px4_msgs/bin'
[27.611s] INFO:colcon.colcon_core.shell:Creating package script '/home/kazuya/warehouse_drone/simulation/ws_warehouse_drone/install/px4_msgs/share/px4_msgs/package.ps1'
[27.613s] INFO:colcon.colcon_core.shell:Creating package descriptor '/home/kazuya/warehouse_drone/simulation/ws_warehouse_drone/install/px4_msgs/share/px4_msgs/package.dsv'
[27.614s] INFO:colcon.colcon_core.shell:Creating package script '/home/kazuya/warehouse_drone/simulation/ws_warehouse_drone/install/px4_msgs/share/px4_msgs/package.sh'
[27.615s] INFO:colcon.colcon_core.shell:Creating package script '/home/kazuya/warehouse_drone/simulation/ws_warehouse_drone/install/px4_msgs/share/px4_msgs/package.bash'
[27.616s] INFO:colcon.colcon_core.shell:Creating package script '/home/kazuya/warehouse_drone/simulation/ws_warehouse_drone/install/px4_msgs/share/px4_msgs/package.zsh'
[27.617s] Level 1:colcon.colcon_core.environment:create_file_with_runtime_dependencies(/home/kazuya/warehouse_drone/simulation/ws_warehouse_drone/install/px4_msgs/share/colcon-core/packages/px4_msgs)
[27.619s] INFO:colcon.colcon_ros.task.ament_cmake.build:Building ROS package in '/home/kazuya/warehouse_drone/simulation/ws_warehouse_drone/src/px4_ros_com' with build type 'ament_cmake'
[27.620s] INFO:colcon.colcon_cmake.task.cmake.build:Building CMake package in '/home/kazuya/warehouse_drone/simulation/ws_warehouse_drone/src/px4_ros_com'
[27.669s] INFO:colcon.colcon_core.shell:Skip shell extension 'powershell' for command environment: Not usable outside of PowerShell
[27.669s] DEBUG:colcon.colcon_core.shell:Skip shell extension 'dsv' for command environment
[27.821s] DEBUG:colcon.colcon_core.event_handler.log_command:Invoking command in '/home/kazuya/warehouse_drone/simulation/ws_warehouse_drone/build/px4_ros_com': CMAKE_PREFIX_PATH=/home/kazuya/warehouse_drone/simulation/ws_warehouse_drone/install/px4_msgs:/home/kazuya/warehouse_drone/simulation/ws_warehouse_drone/install/px4_ros_com:/home/kazuya/warehouse_drone/simulation/ws_warehouse_drone/install/drone_control:/opt/ros/humble LD_LIBRARY_PATH=/home/kazuya/warehouse_drone/simulation/ws_warehouse_drone/install/px4_msgs/lib:/home/kazuya/warehouse_drone/simulation/ws_warehouse_drone/install/px4_ros_com/lib:/opt/ros/humble/opt/rviz_ogre_vendor/lib:/opt/ros/humble/lib/x86_64-linux-gnu:/opt/ros/humble/lib /usr/bin/cmake --build /home/kazuya/warehouse_drone/simulation/ws_warehouse_drone/build/px4_ros_com -- -j8 -l8
[28.050s] DEBUG:colcon.colcon_core.event_handler.log_command:Invoked command in '/home/kazuya/warehouse_drone/simulation/ws_warehouse_drone/build/px4_ros_com' returned '0': CMAKE_PREFIX_PATH=/home/kazuya/warehouse_drone/simulation/ws_warehouse_drone/install/px4_msgs:/home/kazuya/warehouse_drone/simulation/ws_warehouse_drone/install/px4_ros_com:/home/kazuya/warehouse_drone/simulation/ws_warehouse_drone/install/drone_control:/opt/ros/humble LD_LIBRARY_PATH=/home/kazuya/warehouse_drone/simulation/ws_warehouse_drone/install/px4_msgs/lib:/home/kazuya/warehouse_drone/simulation/ws_warehouse_drone/install/px4_ros_com/lib:/opt/ros/humble/opt/rviz_ogre_vendor/lib:/opt/ros/humble/lib/x86_64-linux-gnu:/opt/ros/humble/lib /usr/bin/cmake --build /home/kazuya/warehouse_drone/simulation/ws_warehouse_drone/build/px4_ros_com -- -j8 -l8
[28.154s] DEBUG:colcon.colcon_core.event_handler.log_command:Invoking command in '/home/kazuya/warehouse_drone/simulation/ws_warehouse_drone/build/px4_ros_com': CMAKE_PREFIX_PATH=/home/kazuya/warehouse_drone/simulation/ws_warehouse_drone/install/px4_msgs:/home/kazuya/warehouse_drone/simulation/ws_warehouse_drone/install/px4_ros_com:/home/kazuya/warehouse_drone/simulation/ws_warehouse_drone/install/drone_control:/opt/ros/humble LD_LIBRARY_PATH=/home/kazuya/warehouse_drone/simulation/ws_warehouse_drone/install/px4_msgs/lib:/home/kazuya/warehouse_drone/simulation/ws_warehouse_drone/install/px4_ros_com/lib:/opt/ros/humble/opt/rviz_ogre_vendor/lib:/opt/ros/humble/lib/x86_64-linux-gnu:/opt/ros/humble/lib /usr/bin/cmake --install /home/kazuya/warehouse_drone/simulation/ws_warehouse_drone/build/px4_ros_com
[28.192s] Level 1:colcon.colcon_core.environment:create_environment_scripts_only(px4_ros_com)
[28.194s] DEBUG:colcon.colcon_core.event_handler.log_command:Invoked command in '/home/kazuya/warehouse_drone/simulation/ws_warehouse_drone/build/px4_ros_com' returned '0': CMAKE_PREFIX_PATH=/home/kazuya/warehouse_drone/simulation/ws_warehouse_drone/install/px4_msgs:/home/kazuya/warehouse_drone/simulation/ws_warehouse_drone/install/px4_ros_com:/home/kazuya/warehouse_drone/simulation/ws_warehouse_drone/install/drone_control:/opt/ros/humble LD_LIBRARY_PATH=/home/kazuya/warehouse_drone/simulation/ws_warehouse_drone/install/px4_msgs/lib:/home/kazuya/warehouse_drone/simulation/ws_warehouse_drone/install/px4_ros_com/lib:/opt/ros/humble/opt/rviz_ogre_vendor/lib:/opt/ros/humble/lib/x86_64-linux-gnu:/opt/ros/humble/lib /usr/bin/cmake --install /home/kazuya/warehouse_drone/simulation/ws_warehouse_drone/build/px4_ros_com
[28.236s] Level 1:colcon.colcon_core.environment:checking '/home/kazuya/warehouse_drone/simulation/ws_warehouse_drone/install/px4_ros_com' for CMake module files
[28.238s] Level 1:colcon.colcon_core.environment:checking '/home/kazuya/warehouse_drone/simulation/ws_warehouse_drone/install/px4_ros_com' for CMake config files
[28.239s] Level 1:colcon.colcon_core.shell:create_environment_hook('px4_ros_com', 'cmake_prefix_path')
[28.281s] INFO:colcon.colcon_core.shell:Creating environment hook '/home/kazuya/warehouse_drone/simulation/ws_warehouse_drone/install/px4_ros_com/share/px4_ros_com/hook/cmake_prefix_path.ps1'
[28.282s] INFO:colcon.colcon_core.shell:Creating environment descriptor '/home/kazuya/warehouse_drone/simulation/ws_warehouse_drone/install/px4_ros_com/share/px4_ros_com/hook/cmake_prefix_path.dsv'
[28.283s] INFO:colcon.colcon_core.shell:Creating environment hook '/home/kazuya/warehouse_drone/simulation/ws_warehouse_drone/install/px4_ros_com/share/px4_ros_com/hook/cmake_prefix_path.sh'
[28.284s] Level 1:colcon.colcon_core.environment:checking '/home/kazuya/warehouse_drone/simulation/ws_warehouse_drone/install/px4_ros_com/lib'
[28.285s] Level 1:colcon.colcon_core.shell:create_environment_hook('px4_ros_com', 'ld_library_path_lib')
[28.321s] INFO:colcon.colcon_core.shell:Creating environment hook '/home/kazuya/warehouse_drone/simulation/ws_warehouse_drone/install/px4_ros_com/share/px4_ros_com/hook/ld_library_path_lib.ps1'
[28.323s] INFO:colcon.colcon_core.shell:Creating environment descriptor '/home/kazuya/warehouse_drone/simulation/ws_warehouse_drone/install/px4_ros_com/share/px4_ros_com/hook/ld_library_path_lib.dsv'
[28.324s] INFO:colcon.colcon_core.shell:Creating environment hook '/home/kazuya/warehouse_drone/simulation/ws_warehouse_drone/install/px4_ros_com/share/px4_ros_com/hook/ld_library_path_lib.sh'
[28.325s] Level 1:colcon.colcon_core.environment:checking '/home/kazuya/warehouse_drone/simulation/ws_warehouse_drone/install/px4_ros_com/bin'
[28.325s] Level 1:colcon.colcon_core.environment:checking '/home/kazuya/warehouse_drone/simulation/ws_warehouse_drone/install/px4_ros_com/lib/pkgconfig/px4_ros_com.pc'
[28.326s] Level 1:colcon.colcon_core.environment:checking '/home/kazuya/warehouse_drone/simulation/ws_warehouse_drone/install/px4_ros_com/lib/python3.10/site-packages'
[28.326s] Level 1:colcon.colcon_core.environment:checking '/home/kazuya/warehouse_drone/simulation/ws_warehouse_drone/install/px4_ros_com/bin'
[28.367s] INFO:colcon.colcon_core.shell:Creating package script '/home/kazuya/warehouse_drone/simulation/ws_warehouse_drone/install/px4_ros_com/share/px4_ros_com/package.ps1'
[28.368s] INFO:colcon.colcon_core.shell:Creating package descriptor '/home/kazuya/warehouse_drone/simulation/ws_warehouse_drone/install/px4_ros_com/share/px4_ros_com/package.dsv'
[28.369s] INFO:colcon.colcon_core.shell:Creating package script '/home/kazuya/warehouse_drone/simulation/ws_warehouse_drone/install/px4_ros_com/share/px4_ros_com/package.sh'
[28.370s] INFO:colcon.colcon_core.shell:Creating package script '/home/kazuya/warehouse_drone/simulation/ws_warehouse_drone/install/px4_ros_com/share/px4_ros_com/package.bash'
[28.371s] INFO:colcon.colcon_core.shell:Creating package script '/home/kazuya/warehouse_drone/simulation/ws_warehouse_drone/install/px4_ros_com/share/px4_ros_com/package.zsh'
[28.372s] Level 1:colcon.colcon_core.environment:create_file_with_runtime_dependencies(/home/kazuya/warehouse_drone/simulation/ws_warehouse_drone/install/px4_ros_com/share/colcon-core/packages/px4_ros_com)
[28.515s] Level 1:colcon.colcon_core.environment:create_environment_scripts_only(px4_ros_com)
[28.557s] Level 1:colcon.colcon_core.environment:checking '/home/kazuya/warehouse_drone/simulation/ws_warehouse_drone/install/px4_ros_com' for CMake module files
[28.559s] Level 1:colcon.colcon_core.environment:checking '/home/kazuya/warehouse_drone/simulation/ws_warehouse_drone/install/px4_ros_com' for CMake config files
[28.559s] Level 1:colcon.colcon_core.shell:create_environment_hook('px4_ros_com', 'cmake_prefix_path')
[28.595s] INFO:colcon.colcon_core.shell:Creating environment hook '/home/kazuya/warehouse_drone/simulation/ws_warehouse_drone/install/px4_ros_com/share/px4_ros_com/hook/cmake_prefix_path.ps1'
[28.596s] INFO:colcon.colcon_core.shell:Creating environment descriptor '/home/kazuya/warehouse_drone/simulation/ws_warehouse_drone/install/px4_ros_com/share/px4_ros_com/hook/cmake_prefix_path.dsv'
[28.597s] INFO:colcon.colcon_core.shell:Creating environment hook '/home/kazuya/warehouse_drone/simulation/ws_warehouse_drone/install/px4_ros_com/share/px4_ros_com/hook/cmake_prefix_path.sh'
[28.599s] Level 1:colcon.colcon_core.environment:checking '/home/kazuya/warehouse_drone/simulation/ws_warehouse_drone/install/px4_ros_com/lib'
[28.599s] Level 1:colcon.colcon_core.shell:create_environment_hook('px4_ros_com', 'ld_library_path_lib')
[28.651s] INFO:colcon.colcon_core.shell:Creating environment hook '/home/kazuya/warehouse_drone/simulation/ws_warehouse_drone/install/px4_ros_com/share/px4_ros_com/hook/ld_library_path_lib.ps1'
[28.653s] INFO:colcon.colcon_core.shell:Creating environment descriptor '/home/kazuya/warehouse_drone/simulation/ws_warehouse_drone/install/px4_ros_com/share/px4_ros_com/hook/ld_library_path_lib.dsv'
[28.654s] INFO:colcon.colcon_core.shell:Creating environment hook '/home/kazuya/warehouse_drone/simulation/ws_warehouse_drone/install/px4_ros_com/share/px4_ros_com/hook/ld_library_path_lib.sh'
[28.655s] Level 1:colcon.colcon_core.environment:checking '/home/kazuya/warehouse_drone/simulation/ws_warehouse_drone/install/px4_ros_com/bin'
[28.655s] Level 1:colcon.colcon_core.environment:checking '/home/kazuya/warehouse_drone/simulation/ws_warehouse_drone/install/px4_ros_com/lib/pkgconfig/px4_ros_com.pc'
[28.657s] Level 1:colcon.colcon_core.environment:checking '/home/kazuya/warehouse_drone/simulation/ws_warehouse_drone/install/px4_ros_com/lib/python3.10/site-packages'
[28.658s] Level 1:colcon.colcon_core.environment:checking '/home/kazuya/warehouse_drone/simulation/ws_warehouse_drone/install/px4_ros_com/bin'
[28.712s] INFO:colcon.colcon_core.shell:Creating package script '/home/kazuya/warehouse_drone/simulation/ws_warehouse_drone/install/px4_ros_com/share/px4_ros_com/package.ps1'
[28.715s] INFO:colcon.colcon_core.shell:Creating package descriptor '/home/kazuya/warehouse_drone/simulation/ws_warehouse_drone/install/px4_ros_com/share/px4_ros_com/package.dsv'
[28.717s] INFO:colcon.colcon_core.shell:Creating package script '/home/kazuya/warehouse_drone/simulation/ws_warehouse_drone/install/px4_ros_com/share/px4_ros_com/package.sh'
[28.718s] INFO:colcon.colcon_core.shell:Creating package script '/home/kazuya/warehouse_drone/simulation/ws_warehouse_drone/install/px4_ros_com/share/px4_ros_com/package.bash'
[28.720s] INFO:colcon.colcon_core.shell:Creating package script '/home/kazuya/warehouse_drone/simulation/ws_warehouse_drone/install/px4_ros_com/share/px4_ros_com/package.zsh'
[28.721s] Level 1:colcon.colcon_core.environment:create_file_with_runtime_dependencies(/home/kazuya/warehouse_drone/simulation/ws_warehouse_drone/install/px4_ros_com/share/colcon-core/packages/px4_ros_com)
[28.722s] DEBUG:colcon.colcon_parallel_executor.executor.parallel:closing loop
[28.723s] DEBUG:colcon.colcon_parallel_executor.executor.parallel:loop closed
[28.724s] DEBUG:colcon.colcon_parallel_executor.executor.parallel:run_until_complete finished with '0'
[28.724s] DEBUG:colcon.colcon_core.event_reactor:joining thread
[28.786s] INFO:colcon.colcon_core.plugin_system:Skipping extension 'colcon_notification.desktop_notification.terminal_notifier': Not used on non-Darwin systems
[28.787s] INFO:colcon.colcon_core.plugin_system:Skipping extension 'colcon_notification.desktop_notification.win32': Not used on non-Windows systems
[28.787s] INFO:colcon.colcon_notification.desktop_notification:Sending desktop notification using 'notify2'
[28.873s] DEBUG:colcon.colcon_core.event_reactor:joined thread
[28.933s] INFO:colcon.colcon_core.shell:Creating prefix script '/home/kazuya/warehouse_drone/simulation/ws_warehouse_drone/install/local_setup.ps1'
[28.936s] INFO:colcon.colcon_core.shell:Creating prefix util module '/home/kazuya/warehouse_drone/simulation/ws_warehouse_drone/install/_local_setup_util_ps1.py'
[28.942s] INFO:colcon.colcon_core.shell:Creating prefix chain script '/home/kazuya/warehouse_drone/simulation/ws_warehouse_drone/install/setup.ps1'
[28.994s] INFO:colcon.colcon_core.shell:Creating prefix script '/home/kazuya/warehouse_drone/simulation/ws_warehouse_drone/install/local_setup.sh'
[28.996s] INFO:colcon.colcon_core.shell:Creating prefix util module '/home/kazuya/warehouse_drone/simulation/ws_warehouse_drone/install/_local_setup_util_sh.py'
[28.998s] INFO:colcon.colcon_core.shell:Creating prefix chain script '/home/kazuya/warehouse_drone/simulation/ws_warehouse_drone/install/setup.sh'
[29.059s] INFO:colcon.colcon_core.shell:Creating prefix script '/home/kazuya/warehouse_drone/simulation/ws_warehouse_drone/install/local_setup.bash'
[29.061s] INFO:colcon.colcon_core.shell:Creating prefix chain script '/home/kazuya/warehouse_drone/simulation/ws_warehouse_drone/install/setup.bash'
[29.105s] INFO:colcon.colcon_core.shell:Creating prefix script '/home/kazuya/warehouse_drone/simulation/ws_warehouse_drone/install/local_setup.zsh'
[29.107s] INFO:colcon.colcon_core.shell:Creating prefix chain script '/home/kazuya/warehouse_drone/simulation/ws_warehouse_drone/install/setup.zsh'
