[0.730s] Invoking command in '/home/kazuya/warehouse_drone/simulation/ws_warehouse_drone/src/drone_control': PYTHONPATH=/home/kazuya/warehouse_drone/simulation/ws_warehouse_drone/build/drone_control/prefix_override:/home/kazuya/warehouse_drone/simulation/ws_warehouse_drone/install/drone_control/lib/python3.10/site-packages:${PYTHONPATH} /usr/bin/python3 setup.py egg_info --egg-base ../../build/drone_control build --build-base /home/kazuya/warehouse_drone/simulation/ws_warehouse_drone/build/drone_control/build install --record /home/kazuya/warehouse_drone/simulation/ws_warehouse_drone/build/drone_control/install.log --single-version-externally-managed
[0.900s] running egg_info
[0.910s] writing ../../build/drone_control/drone_control.egg-info/PKG-INFO
[0.911s] writing dependency_links to ../../build/drone_control/drone_control.egg-info/dependency_links.txt
[0.911s] writing entry points to ../../build/drone_control/drone_control.egg-info/entry_points.txt
[0.911s] writing requirements to ../../build/drone_control/drone_control.egg-info/requires.txt
[0.911s] writing top-level names to ../../build/drone_control/drone_control.egg-info/top_level.txt
[0.939s] reading manifest file '../../build/drone_control/drone_control.egg-info/SOURCES.txt'
[0.940s] writing manifest file '../../build/drone_control/drone_control.egg-info/SOURCES.txt'
[0.940s] running build
[0.940s] running build_py
[0.941s] running install
[0.941s] /home/kazuya/.local/lib/python3.10/site-packages/setuptools/_distutils/cmd.py:66: SetuptoolsDeprecationWarning: setup.py install is deprecated.
[0.941s] !!
[0.941s] 
[0.941s]         ********************************************************************************
[0.941s]         Please avoid running ``setup.py`` directly.
[0.941s]         Instead, use pypa/build, pypa/installer or other
[0.941s]         standards-based tools.
[0.941s] 
[0.941s]         See https://blog.ganssle.io/articles/2021/10/setup-py-deprecated.html for details.
[0.941s]         ********************************************************************************
[0.941s] 
[0.941s] !!
[0.941s]   self.initialize_options()
[0.945s] running install_lib
[0.956s] running install_data
[0.967s] running install_egg_info
[0.978s] removing '/home/kazuya/warehouse_drone/simulation/ws_warehouse_drone/install/drone_control/lib/python3.10/site-packages/drone_control-0.0.0-py3.10.egg-info' (and everything under it)
[0.978s] Copying ../../build/drone_control/drone_control.egg-info to /home/kazuya/warehouse_drone/simulation/ws_warehouse_drone/install/drone_control/lib/python3.10/site-packages/drone_control-0.0.0-py3.10.egg-info
[0.979s] running install_scripts
[1.082s] Installing mission_control script to /home/kazuya/warehouse_drone/simulation/ws_warehouse_drone/install/drone_control/lib/drone_control
[1.082s] Installing offboard_control script to /home/kazuya/warehouse_drone/simulation/ws_warehouse_drone/install/drone_control/lib/drone_control
[1.083s] writing list of installed files to '/home/kazuya/warehouse_drone/simulation/ws_warehouse_drone/build/drone_control/install.log'
[1.107s] Invoked command in '/home/kazuya/warehouse_drone/simulation/ws_warehouse_drone/src/drone_control' returned '0': PYTHONPATH=/home/kazuya/warehouse_drone/simulation/ws_warehouse_drone/build/drone_control/prefix_override:/home/kazuya/warehouse_drone/simulation/ws_warehouse_drone/install/drone_control/lib/python3.10/site-packages:${PYTHONPATH} /usr/bin/python3 setup.py egg_info --egg-base ../../build/drone_control build --build-base /home/kazuya/warehouse_drone/simulation/ws_warehouse_drone/build/drone_control/build install --record /home/kazuya/warehouse_drone/simulation/ws_warehouse_drone/build/drone_control/install.log --single-version-externally-managed
