[0.797s] Invoking command in '/home/kazuya/warehouse_drone/simulation/ws_warehouse_drone/src/drone_control': PYTHONPATH=/home/kazuya/warehouse_drone/simulation/ws_warehouse_drone/build/drone_control/prefix_override:/home/kazuya/warehouse_drone/simulation/ws_warehouse_drone/install/drone_control/lib/python3.10/site-packages:${PYTHONPATH} /usr/bin/python3 setup.py egg_info --egg-base ../../build/drone_control build --build-base /home/kazuya/warehouse_drone/simulation/ws_warehouse_drone/build/drone_control/build install --record /home/kazuya/warehouse_drone/simulation/ws_warehouse_drone/build/drone_control/install.log --single-version-externally-managed
[0.962s] running egg_info
[0.973s] writing ../../build/drone_control/drone_control.egg-info/PKG-INFO
[0.974s] writing dependency_links to ../../build/drone_control/drone_control.egg-info/dependency_links.txt
[0.974s] writing entry points to ../../build/drone_control/drone_control.egg-info/entry_points.txt
[0.974s] writing requirements to ../../build/drone_control/drone_control.egg-info/requires.txt
[0.974s] writing top-level names to ../../build/drone_control/drone_control.egg-info/top_level.txt
[0.998s] reading manifest file '../../build/drone_control/drone_control.egg-info/SOURCES.txt'
[0.999s] writing manifest file '../../build/drone_control/drone_control.egg-info/SOURCES.txt'
[0.999s] running build
[0.999s] running build_py
[0.999s] running install
[0.999s] /home/kazuya/.local/lib/python3.10/site-packages/setuptools/_distutils/cmd.py:66: SetuptoolsDeprecationWarning: setup.py install is deprecated.
[0.999s] !!
[0.999s] 
[0.999s]         ********************************************************************************
[1.000s]         Please avoid running ``setup.py`` directly.
[1.000s]         Instead, use pypa/build, pypa/installer or other
[1.000s]         standards-based tools.
[1.000s] 
[1.000s]         See https://blog.ganssle.io/articles/2021/10/setup-py-deprecated.html for details.
[1.000s]         ********************************************************************************
[1.000s] 
[1.000s] !!
[1.000s]   self.initialize_options()
[1.004s] running install_lib
[1.016s] running install_data
[1.027s] running install_egg_info
[1.039s] removing '/home/kazuya/warehouse_drone/simulation/ws_warehouse_drone/install/drone_control/lib/python3.10/site-packages/drone_control-0.0.0-py3.10.egg-info' (and everything under it)
[1.039s] Copying ../../build/drone_control/drone_control.egg-info to /home/kazuya/warehouse_drone/simulation/ws_warehouse_drone/install/drone_control/lib/python3.10/site-packages/drone_control-0.0.0-py3.10.egg-info
[1.039s] running install_scripts
[1.143s] Installing offboard_control script to /home/kazuya/warehouse_drone/simulation/ws_warehouse_drone/install/drone_control/lib/drone_control
[1.143s] writing list of installed files to '/home/kazuya/warehouse_drone/simulation/ws_warehouse_drone/build/drone_control/install.log'
[1.170s] Invoked command in '/home/kazuya/warehouse_drone/simulation/ws_warehouse_drone/src/drone_control' returned '0': PYTHONPATH=/home/kazuya/warehouse_drone/simulation/ws_warehouse_drone/build/drone_control/prefix_override:/home/kazuya/warehouse_drone/simulation/ws_warehouse_drone/install/drone_control/lib/python3.10/site-packages:${PYTHONPATH} /usr/bin/python3 setup.py egg_info --egg-base ../../build/drone_control build --build-base /home/kazuya/warehouse_drone/simulation/ws_warehouse_drone/build/drone_control/build install --record /home/kazuya/warehouse_drone/simulation/ws_warehouse_drone/build/drone_control/install.log --single-version-externally-managed
