[0.796s] Invoking command in '/home/kazuya/warehouse_drone/simulation/ws_warehouse_drone/src/drone_control': PYTHONPATH=/home/kazuya/warehouse_drone/simulation/ws_warehouse_drone/build/drone_control/prefix_override:/home/kazuya/warehouse_drone/simulation/ws_warehouse_drone/install/drone_control/lib/python3.10/site-packages:${PYTHONPATH} /usr/bin/python3 setup.py egg_info --egg-base ../../build/drone_control build --build-base /home/kazuya/warehouse_drone/simulation/ws_warehouse_drone/build/drone_control/build install --record /home/kazuya/warehouse_drone/simulation/ws_warehouse_drone/build/drone_control/install.log --single-version-externally-managed
[0.974s] running egg_info
[0.985s] writing ../../build/drone_control/drone_control.egg-info/PKG-INFO
[0.985s] writing dependency_links to ../../build/drone_control/drone_control.egg-info/dependency_links.txt
[0.985s] writing entry points to ../../build/drone_control/drone_control.egg-info/entry_points.txt
[0.985s] writing requirements to ../../build/drone_control/drone_control.egg-info/requires.txt
[0.985s] writing top-level names to ../../build/drone_control/drone_control.egg-info/top_level.txt
[1.007s] reading manifest file '../../build/drone_control/drone_control.egg-info/SOURCES.txt'
[1.008s] writing manifest file '../../build/drone_control/drone_control.egg-info/SOURCES.txt'
[1.008s] running build
[1.008s] running build_py
[1.009s] copying drone_control/offboard_control.py -> /home/kazuya/warehouse_drone/simulation/ws_warehouse_drone/build/drone_control/build/lib/drone_control
[1.009s] running install
[1.009s] /home/kazuya/.local/lib/python3.10/site-packages/setuptools/_distutils/cmd.py:66: SetuptoolsDeprecationWarning: setup.py install is deprecated.
[1.009s] !!
[1.009s] 
[1.009s]         ********************************************************************************
[1.009s]         Please avoid running ``setup.py`` directly.
[1.009s]         Instead, use pypa/build, pypa/installer or other
[1.009s]         standards-based tools.
[1.009s] 
[1.009s]         See https://blog.ganssle.io/articles/2021/10/setup-py-deprecated.html for details.
[1.009s]         ********************************************************************************
[1.009s] 
[1.010s] !!
[1.010s]   self.initialize_options()
[1.014s] running install_lib
[1.024s] copying /home/kazuya/warehouse_drone/simulation/ws_warehouse_drone/build/drone_control/build/lib/drone_control/offboard_control.py -> /home/kazuya/warehouse_drone/simulation/ws_warehouse_drone/install/drone_control/lib/python3.10/site-packages/drone_control
[1.025s] byte-compiling /home/kazuya/warehouse_drone/simulation/ws_warehouse_drone/install/drone_control/lib/python3.10/site-packages/drone_control/offboard_control.py to offboard_control.cpython-310.pyc
[1.027s] running install_data
[1.039s] running install_egg_info
[1.051s] removing '/home/kazuya/warehouse_drone/simulation/ws_warehouse_drone/install/drone_control/lib/python3.10/site-packages/drone_control-0.0.0-py3.10.egg-info' (and everything under it)
[1.052s] Copying ../../build/drone_control/drone_control.egg-info to /home/kazuya/warehouse_drone/simulation/ws_warehouse_drone/install/drone_control/lib/python3.10/site-packages/drone_control-0.0.0-py3.10.egg-info
[1.052s] running install_scripts
[1.157s] Installing mission_control script to /home/kazuya/warehouse_drone/simulation/ws_warehouse_drone/install/drone_control/lib/drone_control
[1.157s] Installing offboard_control script to /home/kazuya/warehouse_drone/simulation/ws_warehouse_drone/install/drone_control/lib/drone_control
[1.157s] writing list of installed files to '/home/kazuya/warehouse_drone/simulation/ws_warehouse_drone/build/drone_control/install.log'
[1.183s] Invoked command in '/home/kazuya/warehouse_drone/simulation/ws_warehouse_drone/src/drone_control' returned '0': PYTHONPATH=/home/kazuya/warehouse_drone/simulation/ws_warehouse_drone/build/drone_control/prefix_override:/home/kazuya/warehouse_drone/simulation/ws_warehouse_drone/install/drone_control/lib/python3.10/site-packages:${PYTHONPATH} /usr/bin/python3 setup.py egg_info --egg-base ../../build/drone_control build --build-base /home/kazuya/warehouse_drone/simulation/ws_warehouse_drone/build/drone_control/build install --record /home/kazuya/warehouse_drone/simulation/ws_warehouse_drone/build/drone_control/install.log --single-version-externally-managed
